,number,value,datetime_start,datetime_complete,duration,params_alpha_actor,params_alpha_critic,state
0,0,-8.495925906326683,2024-09-28 19:13:06.344587,2024-09-28 19:13:08.798123,0 days 00:00:02.453536,0.5629316116780587,0.8095290098072312,COMPLETE
1,1,-8.523725817853336,2024-09-28 19:13:08.799089,2024-09-28 19:13:11.273459,0 days 00:00:02.474370,0.5516815874209738,0.6881449890588774,COMPLETE
2,2,-9.395614954052864,2024-09-28 19:13:11.274527,2024-09-28 19:13:13.949606,0 days 00:00:02.675079,0.5321038622926721,0.33005465520902205,COMPLETE
3,3,-9.16010888160494,2024-09-28 19:13:13.950648,2024-09-28 19:13:16.632070,0 days 00:00:02.681422,0.41718962241753604,0.6333230839325062,COMPLETE
4,4,-13.329486034947452,2024-09-28 19:13:16.632953,2024-09-28 19:13:20.389335,0 days 00:00:03.756382,0.1163666011028286,0.4473630375774455,COMPLETE
5,5,-12.677024403233258,2024-09-28 19:13:20.390203,2024-09-28 19:13:24.363021,0 days 00:00:03.972818,0.40424461055550104,0.10827865451949605,COMPLETE
6,6,-9.942966195043821,2024-09-28 19:13:24.363928,2024-09-28 19:13:27.402350,0 days 00:00:03.038422,0.9672433672732533,0.17560480208167026,COMPLETE
7,7,-8.603167661965637,2024-09-28 19:13:27.403288,2024-09-28 19:13:29.897111,0 days 00:00:02.493823,0.6970636164942561,0.5085109809007418,COMPLETE
8,8,-8.758415114709289,2024-09-28 19:13:29.898002,2024-09-28 19:13:32.538395,0 days 00:00:02.640393,0.9334392514575522,0.29399529146359066,COMPLETE
9,9,-10.149366001931748,2024-09-28 19:13:32.539325,2024-09-28 19:13:35.639673,0 days 00:00:03.100348,0.4974740777285937,0.2487508427136027,COMPLETE
10,10,-11.59903835662803,2024-09-28 19:13:35.640648,2024-09-28 19:13:38.951575,0 days 00:00:03.310927,0.17380252032075327,0.9042315285493098,COMPLETE
11,11,-8.311494630239721,2024-09-28 19:13:38.952532,2024-09-28 19:13:41.357575,0 days 00:00:02.405043,0.7066085751332453,0.8241778818524111,COMPLETE
12,12,-8.308436778630757,2024-09-28 19:13:41.358510,2024-09-28 19:13:43.803667,0 days 00:00:02.445157,0.7487879451665381,0.9866428987920233,COMPLETE
13,13,-8.450372064588235,2024-09-28 19:13:43.804693,2024-09-28 19:13:46.374294,0 days 00:00:02.569601,0.8150431705866488,0.9754531242048994,COMPLETE
14,14,-8.158873756782192,2024-09-28 19:13:46.375448,2024-09-28 19:13:48.841952,0 days 00:00:02.466504,0.7337841876742477,0.8125701922761277,COMPLETE
15,15,-8.57613967147002,2024-09-28 19:13:48.843317,2024-09-28 19:13:51.669261,0 days 00:00:02.825944,0.7780373536014474,0.9895430784432507,COMPLETE
16,16,-8.107727352194653,2024-09-28 19:13:51.670221,2024-09-28 19:13:54.140333,0 days 00:00:02.470112,0.8448895560884149,0.7175004670931673,COMPLETE
17,17,-7.931615747053765,2024-09-28 19:13:54.141262,2024-09-28 19:13:56.625311,0 days 00:00:02.484049,0.8841082526021737,0.687286423979473,COMPLETE
18,18,-7.972585960349662,2024-09-28 19:13:56.626510,2024-09-28 19:13:59.069190,0 days 00:00:02.442680,0.8927668117845098,0.639851795382088,COMPLETE
19,19,-8.039962912507734,2024-09-28 19:13:59.070188,2024-09-28 19:14:01.463848,0 days 00:00:02.393660,0.9996273464216066,0.5549354860648942,COMPLETE
20,20,-8.39201123525147,2024-09-28 19:14:01.464855,2024-09-28 19:14:04.165829,0 days 00:00:02.700974,0.8810162219854581,0.4126919446516873,COMPLETE
21,21,-8.048216751401187,2024-09-28 19:14:04.166786,2024-09-28 19:14:06.526850,0 days 00:00:02.360064,0.9501924917125032,0.5541934216329802,COMPLETE
22,22,-7.9396372212239585,2024-09-28 19:14:06.527926,2024-09-28 19:14:09.004572,0 days 00:00:02.476646,0.9946560773587462,0.5960494928924879,COMPLETE
23,23,-8.557353483169205,2024-09-28 19:14:09.005676,2024-09-28 19:14:11.509495,0 days 00:00:02.503819,0.629586054802268,0.6428567908903435,COMPLETE
24,24,-7.874850601387326,2024-09-28 19:14:11.510477,2024-09-28 19:14:13.766132,0 days 00:00:02.255655,0.8902051249263692,0.7130794007579774,COMPLETE
25,25,-8.108202971369744,2024-09-28 19:14:13.767083,2024-09-28 19:14:16.071987,0 days 00:00:02.304904,0.8500732501751435,0.7391452879696377,COMPLETE
26,26,-10.405647348877038,2024-09-28 19:14:16.072893,2024-09-28 19:14:18.960300,0 days 00:00:02.887407,0.24876888799452868,0.5833998888568533,COMPLETE
27,27,-8.175343307619459,2024-09-28 19:14:18.961161,2024-09-28 19:14:21.376429,0 days 00:00:02.415268,0.9995136506054181,0.45165849690679016,COMPLETE
28,28,-8.020528232550161,2024-09-28 19:14:21.377457,2024-09-28 19:14:23.542307,0 days 00:00:02.164850,0.9111249746629363,0.7578521667543949,COMPLETE
29,29,-8.393837710639414,2024-09-28 19:14:23.543381,2024-09-28 19:14:25.878320,0 days 00:00:02.334939,0.6383118892792564,0.8857385548897985,COMPLETE
30,30,-8.065628333267968,2024-09-28 19:14:25.879357,2024-09-28 19:14:28.137377,0 days 00:00:02.258020,0.8189089426786269,0.8001157620900121,COMPLETE
31,31,-7.98966054160714,2024-09-28 19:14:28.138279,2024-09-28 19:14:30.462689,0 days 00:00:02.324410,0.8921555039259138,0.6718145911786262,COMPLETE
32,32,-8.161800266874405,2024-09-28 19:14:30.463683,2024-09-28 19:14:32.793252,0 days 00:00:02.329569,0.7933884563127296,0.6086995418062183,COMPLETE
33,33,-7.941484308746293,2024-09-28 19:14:32.794232,2024-09-28 19:14:35.085973,0 days 00:00:02.291741,0.9081505567380906,0.6893984882422856,COMPLETE
34,34,-8.08373192846827,2024-09-28 19:14:35.086969,2024-09-28 19:14:37.402081,0 days 00:00:02.315112,0.9248300355017371,0.7066667160705002,COMPLETE
35,35,-8.507935111161235,2024-09-28 19:14:37.403466,2024-09-28 19:14:39.828196,0 days 00:00:02.424730,0.6428716890643555,0.5179971110060834,COMPLETE
36,36,-9.761951148995687,2024-09-28 19:14:39.829145,2024-09-28 19:14:42.423110,0 days 00:00:02.593965,0.3095964879147222,0.7670762581202013,COMPLETE
37,37,-16.358032249308042,2024-09-28 19:14:42.424164,2024-09-28 19:14:47.131208,0 days 00:00:04.707044,0.0555413643821262,0.38589681543153853,COMPLETE
38,38,-9.002135513796793,2024-09-28 19:14:47.132108,2024-09-28 19:14:49.572757,0 days 00:00:02.440649,0.46559621656542755,0.8733894853676537,COMPLETE
39,39,-8.58199696538183,2024-09-28 19:14:49.573821,2024-09-28 19:14:51.987602,0 days 00:00:02.413781,0.5638621980443967,0.6938611029555243,COMPLETE
40,40,-8.20401397882771,2024-09-28 19:14:51.988558,2024-09-28 19:14:54.332008,0 days 00:00:02.343450,0.9804251783739929,0.4733140987071117,COMPLETE
41,41,-8.07892986927684,2024-09-28 19:14:54.333318,2024-09-28 19:14:56.667606,0 days 00:00:02.334288,0.8704078642856603,0.6270739237448539,COMPLETE
42,42,-8.025432277156485,2024-09-28 19:14:56.668585,2024-09-28 19:14:58.942188,0 days 00:00:02.273603,0.9314220692840146,0.6584061438065621,COMPLETE
43,43,-8.091238953751148,2024-09-28 19:14:58.943130,2024-09-28 19:15:01.289310,0 days 00:00:02.346180,0.8928602253292719,0.5972354906474703,COMPLETE
44,44,-8.116661587663218,2024-09-28 19:15:01.290241,2024-09-28 19:15:03.662122,0 days 00:00:02.371881,0.9524174189595496,0.5375964848667312,COMPLETE
45,45,-8.071329831134461,2024-09-28 19:15:03.663066,2024-09-28 19:15:06.018624,0 days 00:00:02.355558,0.772918418523353,0.6616219157962362,COMPLETE
46,46,-8.053820290510178,2024-09-28 19:15:06.019590,2024-09-28 19:15:08.324395,0 days 00:00:02.304805,0.8427898784753302,0.7756896217926182,COMPLETE
47,47,-8.164912799496816,2024-09-28 19:15:08.325352,2024-09-28 19:15:10.541006,0 days 00:00:02.215654,0.6943634260556055,0.8409969709953174,COMPLETE
48,48,-14.755110971766488,2024-09-28 19:15:10.542109,2024-09-28 19:15:15.448896,0 days 00:00:04.906787,0.9612414668879138,0.03288996671194372,COMPLETE
49,49,-8.256782616540269,2024-09-28 19:15:15.449831,2024-09-28 19:15:17.905197,0 days 00:00:02.455366,0.7375751764637791,0.7216094163174819,COMPLETE
50,50,-8.417575883943453,2024-09-28 19:15:17.906198,2024-09-28 19:15:20.359009,0 days 00:00:02.452811,0.8197550113164134,0.4864981641908288,COMPLETE
51,51,-7.948451721867083,2024-09-28 19:15:20.360020,2024-09-28 19:15:22.613606,0 days 00:00:02.253586,0.8963901306134192,0.6699481881820327,COMPLETE
52,52,-8.07375684737902,2024-09-28 19:15:22.614572,2024-09-28 19:15:24.856213,0 days 00:00:02.241641,0.8992429187359698,0.5881412647069829,COMPLETE
53,53,-8.106103154114887,2024-09-28 19:15:24.857136,2024-09-28 19:15:27.152641,0 days 00:00:02.295505,0.8636175015584081,0.6890162609648212,COMPLETE
54,54,-7.914496627027007,2024-09-28 19:15:27.153554,2024-09-28 19:15:29.413219,0 days 00:00:02.259665,0.9370186503575749,0.6370679117618303,COMPLETE
55,55,-7.979054228181316,2024-09-28 19:15:29.414189,2024-09-28 19:15:31.680517,0 days 00:00:02.266328,0.9648374104055262,0.9302598127759274,COMPLETE
56,56,-7.993283717698967,2024-09-28 19:15:31.681410,2024-09-28 19:15:33.992586,0 days 00:00:02.311176,0.9327582501328001,0.5642027389102475,COMPLETE
57,57,-8.135353104967576,2024-09-28 19:15:33.993608,2024-09-28 19:15:36.250608,0 days 00:00:02.257000,0.7919922986944065,0.6206812296463563,COMPLETE
58,58,-7.860467296830809,2024-09-28 19:15:36.251511,2024-09-28 19:15:38.438181,0 days 00:00:02.186670,0.9839518869715793,0.7958259548587631,COMPLETE
59,59,-7.919612516066833,2024-09-28 19:15:38.439437,2024-09-28 19:15:40.723988,0 days 00:00:02.284551,0.9735041734962072,0.8446412728117426,COMPLETE
60,60,-8.000349897661826,2024-09-28 19:15:40.724909,2024-09-28 19:15:42.940299,0 days 00:00:02.215390,0.9990358644575913,0.8292718081178697,COMPLETE
61,61,-7.963537447437836,2024-09-28 19:15:42.941271,2024-09-28 19:15:45.233865,0 days 00:00:02.292594,0.9466146265539721,0.7847940728253583,COMPLETE
62,62,-8.051026318097723,2024-09-28 19:15:45.234751,2024-09-28 19:15:47.537248,0 days 00:00:02.302497,0.9752969168492163,0.9344891028860154,COMPLETE
63,63,-8.075162012113319,2024-09-28 19:15:47.538232,2024-09-28 19:15:49.797220,0 days 00:00:02.258988,0.8392233320001219,0.737113840227942,COMPLETE
64,64,-7.893529787245239,2024-09-28 19:15:49.798253,2024-09-28 19:15:52.060799,0 days 00:00:02.262546,0.9998870575490443,0.8605760260149558,COMPLETE
65,65,-8.00388464442948,2024-09-28 19:15:52.061721,2024-09-28 19:15:54.375839,0 days 00:00:02.314118,0.9802405937296474,0.8601707592762089,COMPLETE
66,66,-8.068188659364528,2024-09-28 19:15:54.376775,2024-09-28 19:15:56.677136,0 days 00:00:02.300361,0.9968067960779242,0.9032039165958163,COMPLETE
67,67,-8.315996712530604,2024-09-28 19:15:56.678083,2024-09-28 19:15:59.102550,0 days 00:00:02.424467,0.9320034403191338,0.9537589654155191,COMPLETE
68,68,-7.937327704171397,2024-09-28 19:15:59.103436,2024-09-28 19:16:01.337041,0 days 00:00:02.233605,0.8659461407065439,0.7964815399856671,COMPLETE
69,69,-8.065111585218968,2024-09-28 19:16:01.338029,2024-09-28 19:16:03.597687,0 days 00:00:02.259658,0.8667870844535164,0.8066016627265244,COMPLETE
70,70,-9.290065949221875,2024-09-28 19:16:03.598606,2024-09-28 19:16:06.066687,0 days 00:00:02.468081,0.3763673466747622,0.8533868412003827,COMPLETE
71,71,-8.038105628879965,2024-09-28 19:16:06.067596,2024-09-28 19:16:08.350040,0 days 00:00:02.282444,0.9237770750913399,0.7518898297149564,COMPLETE
72,72,-7.917663298169675,2024-09-28 19:16:08.351027,2024-09-28 19:16:10.637814,0 days 00:00:02.286787,0.9611671462392881,0.7893842157363762,COMPLETE
73,73,-7.929662883964907,2024-09-28 19:16:10.638718,2024-09-28 19:16:12.949076,0 days 00:00:02.310358,0.9549277215006928,0.810874047739683,COMPLETE
74,74,-7.780425566046268,2024-09-28 19:16:12.950189,2024-09-28 19:16:15.191046,0 days 00:00:02.240857,0.9562796039425707,0.824426395025604,COMPLETE
75,75,-7.950317478690441,2024-09-28 19:16:15.191982,2024-09-28 19:16:17.527591,0 days 00:00:02.335609,0.9536468571826358,0.8299124618359882,COMPLETE
76,76,-7.982126356892928,2024-09-28 19:16:17.528504,2024-09-28 19:16:19.887718,0 days 00:00:02.359214,0.9667688653828099,0.8992644129191752,COMPLETE
77,77,-8.035184157345826,2024-09-28 19:16:19.888775,2024-09-28 19:16:22.238814,0 days 00:00:02.350039,0.9083833764725233,0.8693931950452131,COMPLETE
78,78,-8.024800977356273,2024-09-28 19:16:22.239755,2024-09-28 19:16:24.438406,0 days 00:00:02.198651,0.9396035071618125,0.9245222246348647,COMPLETE
79,79,-8.00670527698717,2024-09-28 19:16:24.439377,2024-09-28 19:16:26.702365,0 days 00:00:02.262988,0.8208654745968819,0.7306192434284301,COMPLETE
80,80,-7.922063204609093,2024-09-28 19:16:26.703227,2024-09-28 19:16:28.994323,0 days 00:00:02.291096,0.9764360947086957,0.7667886514601264,COMPLETE
81,81,-7.8655870396268295,2024-09-28 19:16:28.995458,2024-09-28 19:16:31.277284,0 days 00:00:02.281826,0.9994545080423975,0.7699152584828398,COMPLETE
82,82,-7.988390126748536,2024-09-28 19:16:31.278151,2024-09-28 19:16:33.502353,0 days 00:00:02.224202,0.9810314429600875,0.7501849212021757,COMPLETE
83,83,-7.976830003783676,2024-09-28 19:16:33.503238,2024-09-28 19:16:35.738224,0 days 00:00:02.234986,0.9994576221771161,0.7712527251565907,COMPLETE
84,84,-8.00699348256581,2024-09-28 19:16:35.739179,2024-09-28 19:16:38.000852,0 days 00:00:02.261673,0.9147150209602845,0.7867160641969885,COMPLETE
85,85,-7.868912781561958,2024-09-28 19:16:38.001890,2024-09-28 19:16:40.188641,0 days 00:00:02.186751,0.9683017967870267,0.8460157708759103,COMPLETE
86,86,-8.061842568367712,2024-09-28 19:16:40.189594,2024-09-28 19:16:42.480262,0 days 00:00:02.290668,0.8850706283957406,0.8816050894557105,COMPLETE
87,87,-8.204274220939185,2024-09-28 19:16:42.481196,2024-09-28 19:16:44.910743,0 days 00:00:02.429547,0.9385167840369135,0.9702576484497754,COMPLETE
88,88,-8.040990750932368,2024-09-28 19:16:44.911649,2024-09-28 19:16:47.145266,0 days 00:00:02.233617,0.9180821136194951,0.8388856028225224,COMPLETE
89,89,-8.034277136741714,2024-09-28 19:16:47.146169,2024-09-28 19:16:49.457769,0 days 00:00:02.311600,0.9677998259534724,0.8146209616011659,COMPLETE
90,90,-8.08855134714633,2024-09-28 19:16:49.458686,2024-09-28 19:16:51.684346,0 days 00:00:02.225660,0.8514668091812245,0.7109879529489088,COMPLETE
91,91,-7.849193643130096,2024-09-28 19:16:51.685342,2024-09-28 19:16:53.897276,0 days 00:00:02.211934,0.9682842632996218,0.7694296813160574,COMPLETE
92,92,-7.984708887403827,2024-09-28 19:16:53.898230,2024-09-28 19:16:56.215135,0 days 00:00:02.316905,0.9472464908018103,0.838875076560356,COMPLETE
93,93,-11.217292681503334,2024-09-28 19:16:56.216182,2024-09-28 19:16:59.238725,0 days 00:00:03.022543,0.19183375048167428,0.791236453488576,COMPLETE
94,94,-7.948245826021978,2024-09-28 19:16:59.239668,2024-09-28 19:17:01.576660,0 days 00:00:02.336992,0.9813072644201504,0.8898487100101563,COMPLETE
95,95,-9.47653500596774,2024-09-28 19:17:01.577579,2024-09-28 19:17:04.457757,0 days 00:00:02.880178,0.9083332022980517,0.21678237835208475,COMPLETE
96,96,-7.986244801636573,2024-09-28 19:17:04.458681,2024-09-28 19:17:06.666475,0 days 00:00:02.207794,0.8840044676332588,0.7106170083155668,COMPLETE
97,97,-7.921614001903,2024-09-28 19:17:06.667460,2024-09-28 19:17:08.874229,0 days 00:00:02.206769,0.9530015687831442,0.8656031205837027,COMPLETE
98,98,-7.987057650676913,2024-09-28 19:17:08.875276,2024-09-28 19:17:11.134437,0 days 00:00:02.259161,0.9268610458005899,0.7414498154639443,COMPLETE
99,99,-8.061779708500413,2024-09-28 19:17:11.135452,2024-09-28 19:17:13.437426,0 days 00:00:02.301974,0.9795427695034985,0.9176645003359187,COMPLETE
100,100,-7.976941640499759,2024-09-28 19:17:13.438382,2024-09-28 19:17:15.612257,0 days 00:00:02.173875,0.9628719775359157,0.6492962741322313,COMPLETE
101,101,-7.799033281509296,2024-09-28 19:17:15.613146,2024-09-28 19:17:17.782765,0 days 00:00:02.169619,0.9518925331739251,0.8626828349431763,COMPLETE
102,102,-7.782616589968078,2024-09-28 19:17:17.783752,2024-09-28 19:17:20.071898,0 days 00:00:02.288146,0.9918836689401893,0.8208347436232052,COMPLETE
103,103,-7.968525344924486,2024-09-28 19:17:20.072823,2024-09-28 19:17:22.433952,0 days 00:00:02.361129,0.9994373463520599,0.8160245608535078,COMPLETE
104,104,-7.905394144466189,2024-09-28 19:17:22.435025,2024-09-28 19:17:24.694600,0 days 00:00:02.259575,0.9359224958432243,0.7691346326861006,COMPLETE
105,105,-8.028388537034619,2024-09-28 19:17:24.695544,2024-09-28 19:17:26.981694,0 days 00:00:02.286150,0.9004421186983196,0.7688395156228982,COMPLETE
106,106,-8.10866572088545,2024-09-28 19:17:26.982647,2024-09-28 19:17:29.441069,0 days 00:00:02.458422,0.9309533654138308,0.9470489840715638,COMPLETE
107,107,-8.474737033147255,2024-09-28 19:17:29.441973,2024-09-28 19:17:31.836411,0 days 00:00:02.394438,0.598127864142708,0.6915743780898664,COMPLETE
108,108,-7.943781882605127,2024-09-28 19:17:31.837358,2024-09-28 19:17:34.077580,0 days 00:00:02.240222,0.8771665121089651,0.8542809683288017,COMPLETE
109,109,-7.962585768768379,2024-09-28 19:17:34.078545,2024-09-28 19:17:36.288604,0 days 00:00:02.210059,0.9413288424675922,0.8169978120317833,COMPLETE
110,110,-9.458295808959951,2024-09-28 19:17:36.289715,2024-09-28 19:17:39.018239,0 days 00:00:02.728524,0.5089996555231786,0.3167373147009519,COMPLETE
111,111,-7.893239634609861,2024-09-28 19:17:39.019287,2024-09-28 19:17:41.198246,0 days 00:00:02.178959,0.9827109553343853,0.7893497122178543,COMPLETE
112,112,-7.903532104850682,2024-09-28 19:17:41.199163,2024-09-28 19:17:43.427432,0 days 00:00:02.228269,0.9858966161135094,0.7340595715740078,COMPLETE
113,113,-7.862139620514163,2024-09-28 19:17:43.428349,2024-09-28 19:17:45.655388,0 days 00:00:02.227039,0.9972518365995645,0.7271298420346989,COMPLETE
114,114,-7.899695020750188,2024-09-28 19:17:45.656300,2024-09-28 19:17:47.891332,0 days 00:00:02.235032,0.9999994549464,0.7260172643873866,COMPLETE
115,115,-7.981492651848648,2024-09-28 19:17:47.892348,2024-09-28 19:17:50.184956,0 days 00:00:02.292608,0.9985332382170617,0.8727048607262141,COMPLETE
116,116,-8.10344930738507,2024-09-28 19:17:50.186051,2024-09-28 19:17:52.576547,0 days 00:00:02.390496,0.9655069350966778,0.9985254392595062,COMPLETE
117,117,-7.9286695325634575,2024-09-28 19:17:52.577572,2024-09-28 19:17:54.808001,0 days 00:00:02.230429,0.9815783040098478,0.7987974469668327,COMPLETE
118,118,-7.959706065397257,2024-09-28 19:17:54.808999,2024-09-28 19:17:57.095773,0 days 00:00:02.286774,0.9178714405304587,0.7560503816147766,COMPLETE
119,119,-7.8644706965678495,2024-09-28 19:17:57.096804,2024-09-28 19:17:59.377320,0 days 00:00:02.280516,0.9546373136335167,0.715109895212279,COMPLETE
120,120,-8.028269294028622,2024-09-28 19:17:59.378218,2024-09-28 19:18:01.688726,0 days 00:00:02.310508,0.9601721346274851,0.8337713583634838,COMPLETE
121,121,-7.781167493214228,2024-09-28 19:18:01.689699,2024-09-28 19:18:03.892047,0 days 00:00:02.202348,0.9843393951381104,0.722772412502943,COMPLETE
122,122,-18.628149222888144,2024-09-28 19:18:03.892999,2024-09-28 19:18:09.928248,0 days 00:00:06.035249,0.013983462581864836,0.6973282615717811,COMPLETE
123,123,-7.916211463848644,2024-09-28 19:18:09.929266,2024-09-28 19:18:12.192870,0 days 00:00:02.263604,0.9487124585105985,0.6789083570765212,COMPLETE
124,124,-7.9120411323896525,2024-09-28 19:18:12.193797,2024-09-28 19:18:14.467590,0 days 00:00:02.273793,0.9765428760644439,0.7819879001054347,COMPLETE
125,125,-8.016610646929527,2024-09-28 19:18:14.468511,2024-09-28 19:18:16.740378,0 days 00:00:02.271867,0.9020441285834409,0.7512555420315488,COMPLETE
126,126,-7.858070954109705,2024-09-28 19:18:16.741430,2024-09-28 19:18:19.006951,0 days 00:00:02.265521,0.953775163108926,0.7175784484820622,COMPLETE
127,127,-7.86704976978149,2024-09-28 19:18:19.007917,2024-09-28 19:18:21.290524,0 days 00:00:02.282607,0.917705869334398,0.7180873443991738,COMPLETE
128,128,-8.029281416571832,2024-09-28 19:18:21.291471,2024-09-28 19:18:23.563675,0 days 00:00:02.272204,0.918206277403847,0.665540720186546,COMPLETE
129,129,-8.041827372638128,2024-09-28 19:18:23.564738,2024-09-28 19:18:25.747728,0 days 00:00:02.182990,0.8887477552741301,0.7117721803099568,COMPLETE
130,130,-8.031530199232813,2024-09-28 19:18:25.748781,2024-09-28 19:18:28.081124,0 days 00:00:02.332343,0.8594000369556976,0.7289798149184956,COMPLETE
131,131,-7.878463494238388,2024-09-28 19:18:28.082082,2024-09-28 19:18:30.327808,0 days 00:00:02.245726,0.9549215045214291,0.7963783594707871,COMPLETE
132,132,-7.948885983096014,2024-09-28 19:18:30.328797,2024-09-28 19:18:32.710359,0 days 00:00:02.381562,0.9533842214355405,0.7475421905364317,COMPLETE
133,133,-7.914152939456778,2024-09-28 19:18:32.711383,2024-09-28 19:18:34.975901,0 days 00:00:02.264518,0.9398157294442564,0.7089454155369357,COMPLETE
134,134,-7.822336627399081,2024-09-28 19:18:34.977034,2024-09-28 19:18:37.218414,0 days 00:00:02.241380,0.9170238831788146,0.8129443990434753,COMPLETE
135,135,-8.060581628154987,2024-09-28 19:18:37.219352,2024-09-28 19:18:39.510748,0 days 00:00:02.291396,0.8310625065069207,0.6775527045184525,COMPLETE
136,136,-7.914233670159693,2024-09-28 19:18:39.511686,2024-09-28 19:18:41.732110,0 days 00:00:02.220424,0.9133089192175021,0.8186509030957907,COMPLETE
137,137,-7.925225464399607,2024-09-28 19:18:41.733029,2024-09-28 19:18:43.956410,0 days 00:00:02.223381,0.9289997073917337,0.7662902559183463,COMPLETE
138,138,-7.7993175436223385,2024-09-28 19:18:43.957398,2024-09-28 19:18:46.208547,0 days 00:00:02.251149,0.9700199522202164,0.7255912103251837,COMPLETE
139,139,-7.967801259407762,2024-09-28 19:18:46.209470,2024-09-28 19:18:48.491689,0 days 00:00:02.282219,0.9696924443797968,0.8424547775730264,COMPLETE
140,140,-8.116133304607319,2024-09-28 19:18:48.492714,2024-09-28 19:18:50.786029,0 days 00:00:02.293315,0.96702841484507,0.8964510790214889,COMPLETE
141,141,-8.94273542031663,2024-09-28 19:18:50.786971,2024-09-28 19:18:53.270014,0 days 00:00:02.483043,0.4248031670686496,0.7222810404498481,COMPLETE
142,142,-7.984811142815847,2024-09-28 19:18:53.270946,2024-09-28 19:18:55.522957,0 days 00:00:02.252011,0.9798149097486285,0.6209538856200102,COMPLETE
143,143,-7.982949529590811,2024-09-28 19:18:55.523844,2024-09-28 19:18:57.862755,0 days 00:00:02.338911,0.9356254756352443,0.7479736468291209,COMPLETE
144,144,-7.9871480806118935,2024-09-28 19:18:57.863673,2024-09-28 19:19:00.100723,0 days 00:00:02.237050,0.894378676821989,0.8037780338727432,COMPLETE
