,number,value,datetime_start,datetime_complete,duration,params_alpha_actor,params_alpha_critic,state
290,290,-8.97616964300887,2024-09-28 19:47:12.836260,2024-09-28 19:47:15.434009,0 days 00:00:02.597749,0.9505806563470925,0.278731663279501,COMPLETE
291,291,-8.06286608319174,2024-09-28 19:47:15.435112,2024-09-28 19:47:17.678420,0 days 00:00:02.243308,0.9997599254191417,0.9101313839521823,COMPLETE
292,292,-7.8875761084972265,2024-09-28 19:47:17.679450,2024-09-28 19:47:19.856207,0 days 00:00:02.176757,0.9790471504178327,0.7458353431809792,COMPLETE
293,293,-7.950378828156953,2024-09-28 19:47:19.857178,2024-09-28 19:47:22.042095,0 days 00:00:02.184917,0.9467649253923218,0.8285637305294921,COMPLETE
294,294,-7.898978778654425,2024-09-28 19:47:22.043089,2024-09-28 19:47:24.278781,0 days 00:00:02.235692,0.9663934363935244,0.7002306135614802,COMPLETE
295,295,-7.863353146448594,2024-09-28 19:47:24.279864,2024-09-28 19:47:26.471579,0 days 00:00:02.191715,0.9997781489435201,0.7690567319554853,COMPLETE
296,296,-8.041820730913843,2024-09-28 19:47:26.472566,2024-09-28 19:47:28.708312,0 days 00:00:02.235746,0.9321575751684997,0.7222430226306574,COMPLETE
297,297,-7.944399349503559,2024-09-28 19:47:28.709452,2024-09-28 19:47:30.965612,0 days 00:00:02.256160,0.9809558962488152,0.8017862975561851,COMPLETE
298,298,-7.973165482387918,2024-09-28 19:47:30.966618,2024-09-28 19:47:33.195979,0 days 00:00:02.229361,0.9571627966375404,0.7761418832570786,COMPLETE
299,299,-8.004371122343557,2024-09-28 19:47:33.196994,2024-09-28 19:47:35.457377,0 days 00:00:02.260383,0.9100788196333949,0.5620430858260598,COMPLETE
300,300,-7.735427747295571,2024-09-28 19:47:35.458465,2024-09-28 19:47:37.633636,0 days 00:00:02.175171,0.9804904999278521,0.735960801023587,COMPLETE
301,301,-7.919695808748945,2024-09-28 19:47:37.634722,2024-09-28 19:47:39.847735,0 days 00:00:02.213013,0.9648531287745873,0.7314117110109962,COMPLETE
302,302,-7.901434011975478,2024-09-28 19:47:39.848714,2024-09-28 19:47:42.108068,0 days 00:00:02.259354,0.938394068037355,0.7050387357648453,COMPLETE
303,303,-7.872565726964533,2024-09-28 19:47:42.109065,2024-09-28 19:47:44.332642,0 days 00:00:02.223577,0.9748644574814984,0.7405263136667047,COMPLETE
304,304,-7.822374118992594,2024-09-28 19:47:44.333735,2024-09-28 19:47:46.543183,0 days 00:00:02.209448,0.9578227774493239,0.7610758864526198,COMPLETE
305,305,-8.09536346596675,2024-09-28 19:47:46.544255,2024-09-28 19:47:48.937387,0 days 00:00:02.393132,0.9208654296316152,0.7201509647656765,COMPLETE
306,306,-8.010510636188519,2024-09-28 19:47:48.938738,2024-09-28 19:47:51.287287,0 days 00:00:02.348549,0.9453746680776957,0.8664626653527097,COMPLETE
307,307,-7.946617930661125,2024-09-28 19:47:51.288275,2024-09-28 19:47:53.489551,0 days 00:00:02.201276,0.8951149645232226,0.6798350615024752,COMPLETE
308,308,-8.092961565314797,2024-09-28 19:47:53.490623,2024-09-28 19:47:55.756330,0 days 00:00:02.265707,0.9825130872350959,0.7547614676822612,COMPLETE
309,309,-8.01999574332534,2024-09-28 19:47:55.757489,2024-09-28 19:47:58.034892,0 days 00:00:02.277403,0.9528288494123467,0.845618860979004,COMPLETE
310,310,-9.080233880330498,2024-09-28 19:47:58.036071,2024-09-28 19:48:00.487543,0 days 00:00:02.451472,0.4010162913266705,0.7383366897813948,COMPLETE
311,311,-9.851735238384057,2024-09-28 19:48:00.488593,2024-09-28 19:48:03.416544,0 days 00:00:02.927951,0.9835293584874173,0.17884700815911508,COMPLETE
312,312,-7.999451398182637,2024-09-28 19:48:03.417686,2024-09-28 19:48:05.685406,0 days 00:00:02.267720,0.9317235590110365,0.6968028181178465,COMPLETE
313,313,-7.973016048993712,2024-09-28 19:48:05.686422,2024-09-28 19:48:07.855146,0 days 00:00:02.168724,0.9636960730617232,0.8240599456167284,COMPLETE
314,314,-7.966529376102906,2024-09-28 19:48:07.856180,2024-09-28 19:48:10.122171,0 days 00:00:02.265991,0.9818345277108147,0.6078282968835137,COMPLETE
315,315,-7.9642884626366515,2024-09-28 19:48:10.123244,2024-09-28 19:48:12.238112,0 days 00:00:02.114868,0.9466332975038806,0.7815068165421191,COMPLETE
316,316,-15.88674208019834,2024-09-28 19:48:12.239213,2024-09-28 19:48:17.623660,0 days 00:00:05.384447,0.9655063869711362,0.011525809308297108,COMPLETE
317,317,-8.269121712499064,2024-09-28 19:48:17.624675,2024-09-28 19:48:19.864130,0 days 00:00:02.239455,0.6509894743128813,0.7224843154366308,COMPLETE
318,318,-7.790854043494085,2024-09-28 19:48:19.865121,2024-09-28 19:48:22.065163,0 days 00:00:02.200042,0.9841156301103098,0.766105408585124,COMPLETE
319,319,-7.897773889342917,2024-09-28 19:48:22.066154,2024-09-28 19:48:24.220411,0 days 00:00:02.154257,0.9996597147247775,0.7601233242905397,COMPLETE
320,320,-8.097042084360668,2024-09-28 19:48:24.221508,2024-09-28 19:48:26.475481,0 days 00:00:02.253973,0.9162241646146498,0.7511238632328537,COMPLETE
321,321,-7.872980796808551,2024-09-28 19:48:26.476598,2024-09-28 19:48:28.619452,0 days 00:00:02.142854,0.9527184699481603,0.7824488087294481,COMPLETE
322,322,-7.955749629470631,2024-09-28 19:48:28.620444,2024-09-28 19:48:30.822582,0 days 00:00:02.202138,0.984209272448784,0.735364663967954,COMPLETE
323,323,-7.984872792113303,2024-09-28 19:48:30.823628,2024-09-28 19:48:33.069605,0 days 00:00:02.245977,0.9344733602674116,0.7684211152654377,COMPLETE
324,324,-8.006547256697832,2024-09-28 19:48:33.070708,2024-09-28 19:48:35.385364,0 days 00:00:02.314656,0.9650022201508839,0.7117880538878716,COMPLETE
325,325,-8.09214475609305,2024-09-28 19:48:35.386496,2024-09-28 19:48:37.670716,0 days 00:00:02.284220,0.9852194326777297,0.7913497155928584,COMPLETE
326,326,-9.781266496835421,2024-09-28 19:48:37.671722,2024-09-28 19:48:40.477162,0 days 00:00:02.805440,0.3329307809236075,0.4904011681691782,COMPLETE
327,327,-8.125054641851237,2024-09-28 19:48:40.478160,2024-09-28 19:48:42.735192,0 days 00:00:02.257032,0.7991290794977537,0.8125970161745865,COMPLETE
328,328,-7.921338804476351,2024-09-28 19:48:42.736273,2024-09-28 19:48:44.989431,0 days 00:00:02.253158,0.9533102917477666,0.7447359638190311,COMPLETE
329,329,-7.916759824323794,2024-09-28 19:48:44.990480,2024-09-28 19:48:47.141499,0 days 00:00:02.151019,0.9835154145571962,0.7676192442304843,COMPLETE
330,330,-7.913498396780174,2024-09-28 19:48:47.142498,2024-09-28 19:48:49.368787,0 days 00:00:02.226289,0.8855080866735512,0.6790235207104622,COMPLETE
331,331,-7.919921481566926,2024-09-28 19:48:49.369850,2024-09-28 19:48:51.529599,0 days 00:00:02.159749,0.9998166100761848,0.7215269916926581,COMPLETE
332,332,-7.892990443218724,2024-09-28 19:48:51.530748,2024-09-28 19:48:53.737288,0 days 00:00:02.206540,0.9669422555965461,0.7952324894147014,COMPLETE
333,333,-8.269968868747418,2024-09-28 19:48:53.738416,2024-09-28 19:48:56.084731,0 days 00:00:02.346315,0.7216639097550258,0.7459271386992259,COMPLETE
334,334,-7.9294823036196,2024-09-28 19:48:56.085821,2024-09-28 19:48:58.292126,0 days 00:00:02.206305,0.9309719955113585,0.6992963323405061,COMPLETE
335,335,-7.905011823550443,2024-09-28 19:48:58.293196,2024-09-28 19:49:00.485231,0 days 00:00:02.192035,0.9476752801661353,0.8266060091801779,COMPLETE
336,336,-7.918354225687575,2024-09-28 19:49:00.486211,2024-09-28 19:49:02.730860,0 days 00:00:02.244649,0.9692722704215843,0.7710891867080133,COMPLETE
337,337,-8.425622835624058,2024-09-28 19:49:02.732044,2024-09-28 19:49:05.166103,0 days 00:00:02.434059,0.9993522655432839,0.3605299480683529,COMPLETE
338,338,-7.941137004517805,2024-09-28 19:49:05.167095,2024-09-28 19:49:07.304649,0 days 00:00:02.137554,0.9075078601709301,0.809898441449261,COMPLETE
339,339,-8.13639887269496,2024-09-28 19:49:07.305620,2024-09-28 19:49:09.565985,0 days 00:00:02.260365,0.9689672388426351,0.887737546337723,COMPLETE
340,340,-7.874150226337479,2024-09-28 19:49:09.567018,2024-09-28 19:49:11.735150,0 days 00:00:02.168132,0.9422675883371783,0.7271392330777372,COMPLETE
341,341,-7.8915854752579,2024-09-28 19:49:11.736161,2024-09-28 19:49:13.941932,0 days 00:00:02.205771,0.9816590269418054,0.6441650242053735,COMPLETE
342,342,-7.823317246043657,2024-09-28 19:49:13.942987,2024-09-28 19:49:16.220541,0 days 00:00:02.277554,0.9227324853691061,0.758085290482765,COMPLETE
343,343,-8.603016702978211,2024-09-28 19:49:16.221531,2024-09-28 19:49:18.587209,0 days 00:00:02.365678,0.5272147734395406,0.7500668897048782,COMPLETE
344,344,-7.957626767476644,2024-09-28 19:49:18.588215,2024-09-28 19:49:20.797490,0 days 00:00:02.209275,0.9044478245119377,0.697861143672103,COMPLETE
345,345,-7.976779335718786,2024-09-28 19:49:20.798516,2024-09-28 19:49:22.988406,0 days 00:00:02.189890,0.927108360078058,0.785910226112803,COMPLETE
346,346,-8.0483643379288,2024-09-28 19:49:22.989664,2024-09-28 19:49:25.238383,0 days 00:00:02.248719,0.8763772923846491,0.7268344237015687,COMPLETE
347,347,-8.23108792541022,2024-09-28 19:49:25.239697,2024-09-28 19:49:27.472767,0 days 00:00:02.233070,0.9204868520066534,0.8545065651226044,COMPLETE
348,348,-12.918430571939465,2024-09-28 19:49:27.473740,2024-09-28 19:49:30.873307,0 days 00:00:03.399567,0.11535488482601353,0.8287153307338584,COMPLETE
349,349,-7.904740343916699,2024-09-28 19:49:30.874327,2024-09-28 19:49:33.085618,0 days 00:00:02.211291,0.957208150330711,0.7602707524993857,COMPLETE
350,350,-7.953258931223236,2024-09-28 19:49:33.087494,2024-09-28 19:49:35.374580,0 days 00:00:02.287086,0.9447504876740409,0.6673939770712932,COMPLETE
351,351,-7.725128134667201,2024-09-28 19:49:35.375606,2024-09-28 19:49:37.551437,0 days 00:00:02.175831,0.9882472809398611,0.804400103698065,COMPLETE
352,352,-8.013606400309552,2024-09-28 19:49:37.552449,2024-09-28 19:49:39.817065,0 days 00:00:02.264616,0.9678066170076735,0.802588178417152,COMPLETE
353,353,-7.969111253080832,2024-09-28 19:49:39.818272,2024-09-28 19:49:42.015714,0 days 00:00:02.197442,0.9362525908293653,0.8344064647694421,COMPLETE
354,354,-7.9472624510687435,2024-09-28 19:49:42.016888,2024-09-28 19:49:44.164362,0 days 00:00:02.147474,0.9812277407861066,0.8095964097620296,COMPLETE
355,355,-8.021217049555197,2024-09-28 19:49:44.165475,2024-09-28 19:49:46.396626,0 days 00:00:02.231151,0.9143459690446964,0.786078188230006,COMPLETE
356,356,-8.034762363418718,2024-09-28 19:49:46.398184,2024-09-28 19:49:48.707465,0 days 00:00:02.309281,0.9533533642547998,0.8724561691904273,COMPLETE
357,357,-7.965896598575601,2024-09-28 19:49:48.708471,2024-09-28 19:49:50.909507,0 days 00:00:02.201036,0.9837153073022556,0.8238846998616891,COMPLETE
358,358,-7.85352269977276,2024-09-28 19:49:50.910709,2024-09-28 19:49:53.047197,0 days 00:00:02.136488,0.9571839836589853,0.7762546694521903,COMPLETE
359,359,-8.427000250755013,2024-09-28 19:49:53.048203,2024-09-28 19:49:55.406596,0 days 00:00:02.358393,0.5963064605945748,0.8484305914921222,COMPLETE
360,360,-7.872742856383902,2024-09-28 19:49:55.407575,2024-09-28 19:49:57.620217,0 days 00:00:02.212642,0.9297555871873336,0.798759773970811,COMPLETE
361,361,-7.952778603607342,2024-09-28 19:49:57.621396,2024-09-28 19:49:59.820929,0 days 00:00:02.199533,0.9848363682261716,0.7616811586380157,COMPLETE
362,362,-7.914193039123182,2024-09-28 19:49:59.822227,2024-09-28 19:50:02.027731,0 days 00:00:02.205504,0.9998051196689686,0.817376253652818,COMPLETE
363,363,-7.9857439103752075,2024-09-28 19:50:02.028784,2024-09-28 19:50:04.249938,0 days 00:00:02.221154,0.9628870382905109,0.7452990974003162,COMPLETE
364,364,-12.234762652060196,2024-09-28 19:50:04.251009,2024-09-28 19:50:07.896324,0 days 00:00:03.645315,0.9400566911384142,0.08550830486228672,COMPLETE
365,365,-7.929296194579016,2024-09-28 19:50:07.897414,2024-09-28 19:50:10.124472,0 days 00:00:02.227058,0.9677382310411429,0.8426411150899747,COMPLETE
366,366,-8.11082964919543,2024-09-28 19:50:10.125541,2024-09-28 19:50:12.402653,0 days 00:00:02.277112,0.8938695028932112,0.8003747964126356,COMPLETE
367,367,-8.138830482505034,2024-09-28 19:50:12.403647,2024-09-28 19:50:14.698477,0 days 00:00:02.294830,0.9993086067322915,0.9264313348157847,COMPLETE
368,368,-7.947417931636148,2024-09-28 19:50:14.699614,2024-09-28 19:50:16.877489,0 days 00:00:02.177875,0.9720660548540322,0.7784949267158818,COMPLETE
369,369,-7.895215917065385,2024-09-28 19:50:16.878544,2024-09-28 19:50:19.085025,0 days 00:00:02.206481,0.9478083543768131,0.7148335184771184,COMPLETE
370,370,-7.995429448393097,2024-09-28 19:50:19.086057,2024-09-28 19:50:21.332036,0 days 00:00:02.245979,0.9153203248192509,0.7413596547603186,COMPLETE
371,371,-8.00153615530831,2024-09-28 19:50:21.333056,2024-09-28 19:50:23.521003,0 days 00:00:02.187947,0.9826069893688542,0.8614565174622553,COMPLETE
372,372,-7.802772611446075,2024-09-28 19:50:23.522008,2024-09-28 19:50:25.681791,0 days 00:00:02.159783,0.9541995043943432,0.8161861898919263,COMPLETE
373,373,-7.942630774000304,2024-09-28 19:50:25.682972,2024-09-28 19:50:27.879427,0 days 00:00:02.196455,0.9336949682074329,0.8300352506841877,COMPLETE
374,374,-7.915025300892166,2024-09-28 19:50:27.880510,2024-09-28 19:50:30.093886,0 days 00:00:02.213376,0.9462757389564577,0.8163132351362832,COMPLETE
375,375,-7.9192715892345875,2024-09-28 19:50:30.094983,2024-09-28 19:50:32.358296,0 days 00:00:02.263313,0.9031739004527476,0.8389290791308622,COMPLETE
376,376,-8.025092544803426,2024-09-28 19:50:32.359395,2024-09-28 19:50:34.590994,0 days 00:00:02.231599,0.9542532876729591,0.8636157315173177,COMPLETE
377,377,-8.042746464663672,2024-09-28 19:50:34.592028,2024-09-28 19:50:36.830101,0 days 00:00:02.238073,0.9239850357485068,0.8830968798104784,COMPLETE
378,378,-11.778468995286199,2024-09-28 19:50:36.831186,2024-09-28 19:50:39.878994,0 days 00:00:03.047808,0.1605146806361838,0.7908545380248215,COMPLETE
379,379,-8.010974068980786,2024-09-28 19:50:39.880204,2024-09-28 19:50:42.028962,0 days 00:00:02.148758,0.9671876525000527,0.8178270545304236,COMPLETE
380,380,-7.979550191849672,2024-09-28 19:50:42.030007,2024-09-28 19:50:44.200348,0 days 00:00:02.170341,0.9574920096757978,0.7997995266542227,COMPLETE
381,381,-8.066940824586604,2024-09-28 19:50:44.201366,2024-09-28 19:50:46.432504,0 days 00:00:02.231138,0.9999063714817112,0.8536821835959442,COMPLETE
382,382,-7.967056563982104,2024-09-28 19:50:46.433501,2024-09-28 19:50:48.567701,0 days 00:00:02.134200,0.9761449866993049,0.7740495291859729,COMPLETE
383,383,-7.83874321110348,2024-09-28 19:50:48.568755,2024-09-28 19:50:50.778624,0 days 00:00:02.209869,0.9332330351695364,0.8303379621281763,COMPLETE
384,384,-7.934396317259026,2024-09-28 19:50:50.779733,2024-09-28 19:50:53.013641,0 days 00:00:02.233908,0.9522907371568835,0.6874739040072452,COMPLETE
385,385,-8.22818243492579,2024-09-28 19:50:53.014696,2024-09-28 19:50:55.385151,0 days 00:00:02.370455,0.9744564693143813,0.4569499226005202,COMPLETE
386,386,-8.005713605871735,2024-09-28 19:50:55.386202,2024-09-28 19:50:57.601004,0 days 00:00:02.214802,0.9213088927799068,0.8006253953415448,COMPLETE
387,387,-7.9426925904908074,2024-09-28 19:50:57.602248,2024-09-28 19:50:59.811170,0 days 00:00:02.208922,0.9809462504240106,0.7652900345827638,COMPLETE
388,388,-7.87512685999404,2024-09-28 19:50:59.812225,2024-09-28 19:51:02.024805,0 days 00:00:02.212580,0.9416006743740071,0.8156224992514434,COMPLETE
389,389,-8.008002163752744,2024-09-28 19:51:02.025948,2024-09-28 19:51:04.292188,0 days 00:00:02.266240,0.8666537004290752,0.844612956767554,COMPLETE
390,390,-8.812138540901982,2024-09-28 19:51:04.293225,2024-09-28 19:51:06.704727,0 days 00:00:02.411502,0.44807988032567253,0.7911741658492903,COMPLETE
391,391,-8.095583729570835,2024-09-28 19:51:06.705864,2024-09-28 19:51:08.983608,0 days 00:00:02.277744,0.8912468844704204,0.7131484643664375,COMPLETE
392,392,-8.067559426957981,2024-09-28 19:51:08.984723,2024-09-28 19:51:11.177990,0 days 00:00:02.193267,0.9638335166042257,0.8790643519386134,COMPLETE
393,393,-7.932039326273739,2024-09-28 19:51:11.179104,2024-09-28 19:51:13.409959,0 days 00:00:02.230855,0.9989670332869336,0.7377484641200006,COMPLETE
394,394,-7.866979511591276,2024-09-28 19:51:13.410998,2024-09-28 19:51:15.629388,0 days 00:00:02.218390,0.9826693598166835,0.779032628387274,COMPLETE
395,395,-8.05111941240941,2024-09-28 19:51:15.630523,2024-09-28 19:51:17.793748,0 days 00:00:02.163225,0.9524578486785925,0.8310243525623168,COMPLETE
396,396,-8.092538524761775,2024-09-28 19:51:17.794783,2024-09-28 19:51:20.086756,0 days 00:00:02.291973,0.9204715287996366,0.7560566142266971,COMPLETE
397,397,-7.974984701663404,2024-09-28 19:51:20.087918,2024-09-28 19:51:22.288545,0 days 00:00:02.200627,0.9653259763762111,0.8063019829982007,COMPLETE
398,398,-7.911417745550676,2024-09-28 19:51:22.289652,2024-09-28 19:51:24.497540,0 days 00:00:02.207888,0.9999923994985528,0.7061406337303111,COMPLETE
399,399,-7.837214323296692,2024-09-28 19:51:24.498671,2024-09-28 19:51:26.637546,0 days 00:00:02.138875,0.9404724345182776,0.7311263199798216,COMPLETE
