,number,value,datetime_start,datetime_complete,duration,params_alpha_actor,params_alpha_critic,system_attrs_grid_id,system_attrs_search_space,state
253,253,2.658757413161859,2024-09-29 01:39:38.799480,2024-09-29 01:39:41.951951,0 days 00:00:03.152471,0.2705263157894737,0.4789473684210527,253,"{'alpha_actor': [0.01, 0.06210526315789474, 0.11421052631578947, 0.16631578947368422, 0.21842105263157896, 0.2705263157894737, 0.32263157894736844, 0.37473684210526315, 0.4268421052631579, 0.4789473684210527, 0.5310526315789474, 0.5831578947368421, 0.6352631578947369, 0.6873684210526316, 0.7394736842105263, 0.791578947368421, 0.8436842105263158, 0.8957894736842106, 0.9478947368421053, 1.0], 'alpha_critic': [0.01, 0.06210526315789474, 0.11421052631578947, 0.16631578947368422, 0.21842105263157896, 0.2705263157894737, 0.32263157894736844, 0.37473684210526315, 0.4268421052631579, 0.4789473684210527, 0.5310526315789474, 0.5831578947368421, 0.6352631578947369, 0.6873684210526316, 0.7394736842105263, 0.791578947368421, 0.8436842105263158, 0.8957894736842106, 0.9478947368421053, 1.0]}",COMPLETE
254,254,2.6631163962044444,2024-09-29 01:39:41.952965,2024-09-29 01:39:44.657169,0 days 00:00:02.704204,0.8436842105263158,0.37473684210526315,254,"{'alpha_actor': [0.01, 0.06210526315789474, 0.11421052631578947, 0.16631578947368422, 0.21842105263157896, 0.2705263157894737, 0.32263157894736844, 0.37473684210526315, 0.4268421052631579, 0.4789473684210527, 0.5310526315789474, 0.5831578947368421, 0.6352631578947369, 0.6873684210526316, 0.7394736842105263, 0.791578947368421, 0.8436842105263158, 0.8957894736842106, 0.9478947368421053, 1.0], 'alpha_critic': [0.01, 0.06210526315789474, 0.11421052631578947, 0.16631578947368422, 0.21842105263157896, 0.2705263157894737, 0.32263157894736844, 0.37473684210526315, 0.4268421052631579, 0.4789473684210527, 0.5310526315789474, 0.5831578947368421, 0.6352631578947369, 0.6873684210526316, 0.7394736842105263, 0.791578947368421, 0.8436842105263158, 0.8957894736842106, 0.9478947368421053, 1.0]}",COMPLETE
255,255,2.480283748493202,2024-09-29 01:39:44.658213,2024-09-29 01:39:47.860751,0 days 00:00:03.202538,0.5310526315789474,0.2705263157894737,255,"{'alpha_actor': [0.01, 0.06210526315789474, 0.11421052631578947, 0.16631578947368422, 0.21842105263157896, 0.2705263157894737, 0.32263157894736844, 0.37473684210526315, 0.4268421052631579, 0.4789473684210527, 0.5310526315789474, 0.5831578947368421, 0.6352631578947369, 0.6873684210526316, 0.7394736842105263, 0.791578947368421, 0.8436842105263158, 0.8957894736842106, 0.9478947368421053, 1.0], 'alpha_critic': [0.01, 0.06210526315789474, 0.11421052631578947, 0.16631578947368422, 0.21842105263157896, 0.2705263157894737, 0.32263157894736844, 0.37473684210526315, 0.4268421052631579, 0.4789473684210527, 0.5310526315789474, 0.5831578947368421, 0.6352631578947369, 0.6873684210526316, 0.7394736842105263, 0.791578947368421, 0.8436842105263158, 0.8957894736842106, 0.9478947368421053, 1.0]}",COMPLETE
256,256,2.877072759163768,2024-09-29 01:39:47.861791,2024-09-29 01:39:50.422543,0 days 00:00:02.560752,0.791578947368421,0.791578947368421,256,"{'alpha_actor': [0.01, 0.06210526315789474, 0.11421052631578947, 0.16631578947368422, 0.21842105263157896, 0.2705263157894737, 0.32263157894736844, 0.37473684210526315, 0.4268421052631579, 0.4789473684210527, 0.5310526315789474, 0.5831578947368421, 0.6352631578947369, 0.6873684210526316, 0.7394736842105263, 0.791578947368421, 0.8436842105263158, 0.8957894736842106, 0.9478947368421053, 1.0], 'alpha_critic': [0.01, 0.06210526315789474, 0.11421052631578947, 0.16631578947368422, 0.21842105263157896, 0.2705263157894737, 0.32263157894736844, 0.37473684210526315, 0.4268421052631579, 0.4789473684210527, 0.5310526315789474, 0.5831578947368421, 0.6352631578947369, 0.6873684210526316, 0.7394736842105263, 0.791578947368421, 0.8436842105263158, 0.8957894736842106, 0.9478947368421053, 1.0]}",COMPLETE
257,257,2.8540258821648306,2024-09-29 01:39:50.423756,2024-09-29 01:39:53.256787,0 days 00:00:02.833031,0.32263157894736844,1.0,257,"{'alpha_actor': [0.01, 0.06210526315789474, 0.11421052631578947, 0.16631578947368422, 0.21842105263157896, 0.2705263157894737, 0.32263157894736844, 0.37473684210526315, 0.4268421052631579, 0.4789473684210527, 0.5310526315789474, 0.5831578947368421, 0.6352631578947369, 0.6873684210526316, 0.7394736842105263, 0.791578947368421, 0.8436842105263158, 0.8957894736842106, 0.9478947368421053, 1.0], 'alpha_critic': [0.01, 0.06210526315789474, 0.11421052631578947, 0.16631578947368422, 0.21842105263157896, 0.2705263157894737, 0.32263157894736844, 0.37473684210526315, 0.4268421052631579, 0.4789473684210527, 0.5310526315789474, 0.5831578947368421, 0.6352631578947369, 0.6873684210526316, 0.7394736842105263, 0.791578947368421, 0.8436842105263158, 0.8957894736842106, 0.9478947368421053, 1.0]}",COMPLETE
258,258,2.8810886211960867,2024-09-29 01:39:53.257908,2024-09-29 01:39:55.795832,0 days 00:00:02.537924,0.5831578947368421,0.8957894736842106,258,"{'alpha_actor': [0.01, 0.06210526315789474, 0.11421052631578947, 0.16631578947368422, 0.21842105263157896, 0.2705263157894737, 0.32263157894736844, 0.37473684210526315, 0.4268421052631579, 0.4789473684210527, 0.5310526315789474, 0.5831578947368421, 0.6352631578947369, 0.6873684210526316, 0.7394736842105263, 0.791578947368421, 0.8436842105263158, 0.8957894736842106, 0.9478947368421053, 1.0], 'alpha_critic': [0.01, 0.06210526315789474, 0.11421052631578947, 0.16631578947368422, 0.21842105263157896, 0.2705263157894737, 0.32263157894736844, 0.37473684210526315, 0.4268421052631579, 0.4789473684210527, 0.5310526315789474, 0.5831578947368421, 0.6352631578947369, 0.6873684210526316, 0.7394736842105263, 0.791578947368421, 0.8436842105263158, 0.8957894736842106, 0.9478947368421053, 1.0]}",COMPLETE
259,259,2.8660997682133718,2024-09-29 01:39:55.797406,2024-09-29 01:39:58.616190,0 days 00:00:02.818784,0.791578947368421,1.0,259,"{'alpha_actor': [0.01, 0.06210526315789474, 0.11421052631578947, 0.16631578947368422, 0.21842105263157896, 0.2705263157894737, 0.32263157894736844, 0.37473684210526315, 0.4268421052631579, 0.4789473684210527, 0.5310526315789474, 0.5831578947368421, 0.6352631578947369, 0.6873684210526316, 0.7394736842105263, 0.791578947368421, 0.8436842105263158, 0.8957894736842106, 0.9478947368421053, 1.0], 'alpha_critic': [0.01, 0.06210526315789474, 0.11421052631578947, 0.16631578947368422, 0.21842105263157896, 0.2705263157894737, 0.32263157894736844, 0.37473684210526315, 0.4268421052631579, 0.4789473684210527, 0.5310526315789474, 0.5831578947368421, 0.6352631578947369, 0.6873684210526316, 0.7394736842105263, 0.791578947368421, 0.8436842105263158, 0.8957894736842106, 0.9478947368421053, 1.0]}",COMPLETE
260,260,2.7204994393735755,2024-09-29 01:39:58.617234,2024-09-29 01:40:01.300272,0 days 00:00:02.683038,0.6352631578947369,0.4268421052631579,260,"{'alpha_actor': [0.01, 0.06210526315789474, 0.11421052631578947, 0.16631578947368422, 0.21842105263157896, 0.2705263157894737, 0.32263157894736844, 0.37473684210526315, 0.4268421052631579, 0.4789473684210527, 0.5310526315789474, 0.5831578947368421, 0.6352631578947369, 0.6873684210526316, 0.7394736842105263, 0.791578947368421, 0.8436842105263158, 0.8957894736842106, 0.9478947368421053, 1.0], 'alpha_critic': [0.01, 0.06210526315789474, 0.11421052631578947, 0.16631578947368422, 0.21842105263157896, 0.2705263157894737, 0.32263157894736844, 0.37473684210526315, 0.4268421052631579, 0.4789473684210527, 0.5310526315789474, 0.5831578947368421, 0.6352631578947369, 0.6873684210526316, 0.7394736842105263, 0.791578947368421, 0.8436842105263158, 0.8957894736842106, 0.9478947368421053, 1.0]}",COMPLETE
261,261,2.7264031992518287,2024-09-29 01:40:01.301368,2024-09-29 01:40:03.979630,0 days 00:00:02.678262,0.791578947368421,0.4268421052631579,261,"{'alpha_actor': [0.01, 0.06210526315789474, 0.11421052631578947, 0.16631578947368422, 0.21842105263157896, 0.2705263157894737, 0.32263157894736844, 0.37473684210526315, 0.4268421052631579, 0.4789473684210527, 0.5310526315789474, 0.5831578947368421, 0.6352631578947369, 0.6873684210526316, 0.7394736842105263, 0.791578947368421, 0.8436842105263158, 0.8957894736842106, 0.9478947368421053, 1.0], 'alpha_critic': [0.01, 0.06210526315789474, 0.11421052631578947, 0.16631578947368422, 0.21842105263157896, 0.2705263157894737, 0.32263157894736844, 0.37473684210526315, 0.4268421052631579, 0.4789473684210527, 0.5310526315789474, 0.5831578947368421, 0.6352631578947369, 0.6873684210526316, 0.7394736842105263, 0.791578947368421, 0.8436842105263158, 0.8957894736842106, 0.9478947368421053, 1.0]}",COMPLETE
262,262,1.9021606070467585,2024-09-29 01:40:03.980954,2024-09-29 01:40:10.610672,0 days 00:00:06.629718,0.01,1.0,262,"{'alpha_actor': [0.01, 0.06210526315789474, 0.11421052631578947, 0.16631578947368422, 0.21842105263157896, 0.2705263157894737, 0.32263157894736844, 0.37473684210526315, 0.4268421052631579, 0.4789473684210527, 0.5310526315789474, 0.5831578947368421, 0.6352631578947369, 0.6873684210526316, 0.7394736842105263, 0.791578947368421, 0.8436842105263158, 0.8957894736842106, 0.9478947368421053, 1.0], 'alpha_critic': [0.01, 0.06210526315789474, 0.11421052631578947, 0.16631578947368422, 0.21842105263157896, 0.2705263157894737, 0.32263157894736844, 0.37473684210526315, 0.4268421052631579, 0.4789473684210527, 0.5310526315789474, 0.5831578947368421, 0.6352631578947369, 0.6873684210526316, 0.7394736842105263, 0.791578947368421, 0.8436842105263158, 0.8957894736842106, 0.9478947368421053, 1.0]}",COMPLETE
263,263,2.5976947007434714,2024-09-29 01:40:10.611740,2024-09-29 01:40:13.578112,0 days 00:00:02.966372,0.5831578947368421,0.32263157894736844,263,"{'alpha_actor': [0.01, 0.06210526315789474, 0.11421052631578947, 0.16631578947368422, 0.21842105263157896, 0.2705263157894737, 0.32263157894736844, 0.37473684210526315, 0.4268421052631579, 0.4789473684210527, 0.5310526315789474, 0.5831578947368421, 0.6352631578947369, 0.6873684210526316, 0.7394736842105263, 0.791578947368421, 0.8436842105263158, 0.8957894736842106, 0.9478947368421053, 1.0], 'alpha_critic': [0.01, 0.06210526315789474, 0.11421052631578947, 0.16631578947368422, 0.21842105263157896, 0.2705263157894737, 0.32263157894736844, 0.37473684210526315, 0.4268421052631579, 0.4789473684210527, 0.5310526315789474, 0.5831578947368421, 0.6352631578947369, 0.6873684210526316, 0.7394736842105263, 0.791578947368421, 0.8436842105263158, 0.8957894736842106, 0.9478947368421053, 1.0]}",COMPLETE
264,264,2.621722554232834,2024-09-29 01:40:13.579326,2024-09-29 01:40:16.402430,0 days 00:00:02.823104,0.791578947368421,0.32263157894736844,264,"{'alpha_actor': [0.01, 0.06210526315789474, 0.11421052631578947, 0.16631578947368422, 0.21842105263157896, 0.2705263157894737, 0.32263157894736844, 0.37473684210526315, 0.4268421052631579, 0.4789473684210527, 0.5310526315789474, 0.5831578947368421, 0.6352631578947369, 0.6873684210526316, 0.7394736842105263, 0.791578947368421, 0.8436842105263158, 0.8957894736842106, 0.9478947368421053, 1.0], 'alpha_critic': [0.01, 0.06210526315789474, 0.11421052631578947, 0.16631578947368422, 0.21842105263157896, 0.2705263157894737, 0.32263157894736844, 0.37473684210526315, 0.4268421052631579, 0.4789473684210527, 0.5310526315789474, 0.5831578947368421, 0.6352631578947369, 0.6873684210526316, 0.7394736842105263, 0.791578947368421, 0.8436842105263158, 0.8957894736842106, 0.9478947368421053, 1.0]}",COMPLETE
265,265,1.3738566269871741,2024-09-29 01:40:16.403631,2024-09-29 01:40:23.393929,0 days 00:00:06.990298,0.01,0.16631578947368422,265,"{'alpha_actor': [0.01, 0.06210526315789474, 0.11421052631578947, 0.16631578947368422, 0.21842105263157896, 0.2705263157894737, 0.32263157894736844, 0.37473684210526315, 0.4268421052631579, 0.4789473684210527, 0.5310526315789474, 0.5831578947368421, 0.6352631578947369, 0.6873684210526316, 0.7394736842105263, 0.791578947368421, 0.8436842105263158, 0.8957894736842106, 0.9478947368421053, 1.0], 'alpha_critic': [0.01, 0.06210526315789474, 0.11421052631578947, 0.16631578947368422, 0.21842105263157896, 0.2705263157894737, 0.32263157894736844, 0.37473684210526315, 0.4268421052631579, 0.4789473684210527, 0.5310526315789474, 0.5831578947368421, 0.6352631578947369, 0.6873684210526316, 0.7394736842105263, 0.791578947368421, 0.8436842105263158, 0.8957894736842106, 0.9478947368421053, 1.0]}",COMPLETE
266,266,2.8839674660960966,2024-09-29 01:40:23.395106,2024-09-29 01:40:26.100308,0 days 00:00:02.705202,0.6873684210526316,0.8436842105263158,266,"{'alpha_actor': [0.01, 0.06210526315789474, 0.11421052631578947, 0.16631578947368422, 0.21842105263157896, 0.2705263157894737, 0.32263157894736844, 0.37473684210526315, 0.4268421052631579, 0.4789473684210527, 0.5310526315789474, 0.5831578947368421, 0.6352631578947369, 0.6873684210526316, 0.7394736842105263, 0.791578947368421, 0.8436842105263158, 0.8957894736842106, 0.9478947368421053, 1.0], 'alpha_critic': [0.01, 0.06210526315789474, 0.11421052631578947, 0.16631578947368422, 0.21842105263157896, 0.2705263157894737, 0.32263157894736844, 0.37473684210526315, 0.4268421052631579, 0.4789473684210527, 0.5310526315789474, 0.5831578947368421, 0.6352631578947369, 0.6873684210526316, 0.7394736842105263, 0.791578947368421, 0.8436842105263158, 0.8957894736842106, 0.9478947368421053, 1.0]}",COMPLETE
267,267,2.4409887367922902,2024-09-29 01:40:26.101378,2024-09-29 01:40:29.867888,0 days 00:00:03.766510,0.32263157894736844,0.2705263157894737,267,"{'alpha_actor': [0.01, 0.06210526315789474, 0.11421052631578947, 0.16631578947368422, 0.21842105263157896, 0.2705263157894737, 0.32263157894736844, 0.37473684210526315, 0.4268421052631579, 0.4789473684210527, 0.5310526315789474, 0.5831578947368421, 0.6352631578947369, 0.6873684210526316, 0.7394736842105263, 0.791578947368421, 0.8436842105263158, 0.8957894736842106, 0.9478947368421053, 1.0], 'alpha_critic': [0.01, 0.06210526315789474, 0.11421052631578947, 0.16631578947368422, 0.21842105263157896, 0.2705263157894737, 0.32263157894736844, 0.37473684210526315, 0.4268421052631579, 0.4789473684210527, 0.5310526315789474, 0.5831578947368421, 0.6352631578947369, 0.6873684210526316, 0.7394736842105263, 0.791578947368421, 0.8436842105263158, 0.8957894736842106, 0.9478947368421053, 1.0]}",COMPLETE
268,268,2.713906640065877,2024-09-29 01:40:29.869152,2024-09-29 01:40:33.293056,0 days 00:00:03.423904,0.16631578947368422,0.8957894736842106,268,"{'alpha_actor': [0.01, 0.06210526315789474, 0.11421052631578947, 0.16631578947368422, 0.21842105263157896, 0.2705263157894737, 0.32263157894736844, 0.37473684210526315, 0.4268421052631579, 0.4789473684210527, 0.5310526315789474, 0.5831578947368421, 0.6352631578947369, 0.6873684210526316, 0.7394736842105263, 0.791578947368421, 0.8436842105263158, 0.8957894736842106, 0.9478947368421053, 1.0], 'alpha_critic': [0.01, 0.06210526315789474, 0.11421052631578947, 0.16631578947368422, 0.21842105263157896, 0.2705263157894737, 0.32263157894736844, 0.37473684210526315, 0.4268421052631579, 0.4789473684210527, 0.5310526315789474, 0.5831578947368421, 0.6352631578947369, 0.6873684210526316, 0.7394736842105263, 0.791578947368421, 0.8436842105263158, 0.8957894736842106, 0.9478947368421053, 1.0]}",COMPLETE
269,269,2.350379091102712,2024-09-29 01:40:33.294215,2024-09-29 01:40:37.506551,0 days 00:00:04.212336,0.4789473684210527,0.21842105263157896,269,"{'alpha_actor': [0.01, 0.06210526315789474, 0.11421052631578947, 0.16631578947368422, 0.21842105263157896, 0.2705263157894737, 0.32263157894736844, 0.37473684210526315, 0.4268421052631579, 0.4789473684210527, 0.5310526315789474, 0.5831578947368421, 0.6352631578947369, 0.6873684210526316, 0.7394736842105263, 0.791578947368421, 0.8436842105263158, 0.8957894736842106, 0.9478947368421053, 1.0], 'alpha_critic': [0.01, 0.06210526315789474, 0.11421052631578947, 0.16631578947368422, 0.21842105263157896, 0.2705263157894737, 0.32263157894736844, 0.37473684210526315, 0.4268421052631579, 0.4789473684210527, 0.5310526315789474, 0.5831578947368421, 0.6352631578947369, 0.6873684210526316, 0.7394736842105263, 0.791578947368421, 0.8436842105263158, 0.8957894736842106, 0.9478947368421053, 1.0]}",COMPLETE
270,270,1.51194013672496,2024-09-29 01:40:37.507654,2024-09-29 01:40:42.346027,0 days 00:00:04.838373,0.791578947368421,0.06210526315789474,270,"{'alpha_actor': [0.01, 0.06210526315789474, 0.11421052631578947, 0.16631578947368422, 0.21842105263157896, 0.2705263157894737, 0.32263157894736844, 0.37473684210526315, 0.4268421052631579, 0.4789473684210527, 0.5310526315789474, 0.5831578947368421, 0.6352631578947369, 0.6873684210526316, 0.7394736842105263, 0.791578947368421, 0.8436842105263158, 0.8957894736842106, 0.9478947368421053, 1.0], 'alpha_critic': [0.01, 0.06210526315789474, 0.11421052631578947, 0.16631578947368422, 0.21842105263157896, 0.2705263157894737, 0.32263157894736844, 0.37473684210526315, 0.4268421052631579, 0.4789473684210527, 0.5310526315789474, 0.5831578947368421, 0.6352631578947369, 0.6873684210526316, 0.7394736842105263, 0.791578947368421, 0.8436842105263158, 0.8957894736842106, 0.9478947368421053, 1.0]}",COMPLETE
271,271,2.896363649853713,2024-09-29 01:40:42.347368,2024-09-29 01:40:45.174111,0 days 00:00:02.826743,0.9478947368421053,1.0,271,"{'alpha_actor': [0.01, 0.06210526315789474, 0.11421052631578947, 0.16631578947368422, 0.21842105263157896, 0.2705263157894737, 0.32263157894736844, 0.37473684210526315, 0.4268421052631579, 0.4789473684210527, 0.5310526315789474, 0.5831578947368421, 0.6352631578947369, 0.6873684210526316, 0.7394736842105263, 0.791578947368421, 0.8436842105263158, 0.8957894736842106, 0.9478947368421053, 1.0], 'alpha_critic': [0.01, 0.06210526315789474, 0.11421052631578947, 0.16631578947368422, 0.21842105263157896, 0.2705263157894737, 0.32263157894736844, 0.37473684210526315, 0.4268421052631579, 0.4789473684210527, 0.5310526315789474, 0.5831578947368421, 0.6352631578947369, 0.6873684210526316, 0.7394736842105263, 0.791578947368421, 0.8436842105263158, 0.8957894736842106, 0.9478947368421053, 1.0]}",COMPLETE
272,272,2.6050147269158965,2024-09-29 01:40:45.175414,2024-09-29 01:40:48.199851,0 days 00:00:03.024437,0.8957894736842106,0.32263157894736844,272,"{'alpha_actor': [0.01, 0.06210526315789474, 0.11421052631578947, 0.16631578947368422, 0.21842105263157896, 0.2705263157894737, 0.32263157894736844, 0.37473684210526315, 0.4268421052631579, 0.4789473684210527, 0.5310526315789474, 0.5831578947368421, 0.6352631578947369, 0.6873684210526316, 0.7394736842105263, 0.791578947368421, 0.8436842105263158, 0.8957894736842106, 0.9478947368421053, 1.0], 'alpha_critic': [0.01, 0.06210526315789474, 0.11421052631578947, 0.16631578947368422, 0.21842105263157896, 0.2705263157894737, 0.32263157894736844, 0.37473684210526315, 0.4268421052631579, 0.4789473684210527, 0.5310526315789474, 0.5831578947368421, 0.6352631578947369, 0.6873684210526316, 0.7394736842105263, 0.791578947368421, 0.8436842105263158, 0.8957894736842106, 0.9478947368421053, 1.0]}",COMPLETE
273,273,1.9195506868158057,2024-09-29 01:40:48.201069,2024-09-29 01:40:52.530257,0 days 00:00:04.329188,0.4789473684210527,0.11421052631578947,273,"{'alpha_actor': [0.01, 0.06210526315789474, 0.11421052631578947, 0.16631578947368422, 0.21842105263157896, 0.2705263157894737, 0.32263157894736844, 0.37473684210526315, 0.4268421052631579, 0.4789473684210527, 0.5310526315789474, 0.5831578947368421, 0.6352631578947369, 0.6873684210526316, 0.7394736842105263, 0.791578947368421, 0.8436842105263158, 0.8957894736842106, 0.9478947368421053, 1.0], 'alpha_critic': [0.01, 0.06210526315789474, 0.11421052631578947, 0.16631578947368422, 0.21842105263157896, 0.2705263157894737, 0.32263157894736844, 0.37473684210526315, 0.4268421052631579, 0.4789473684210527, 0.5310526315789474, 0.5831578947368421, 0.6352631578947369, 0.6873684210526316, 0.7394736842105263, 0.791578947368421, 0.8436842105263158, 0.8957894736842106, 0.9478947368421053, 1.0]}",COMPLETE
274,274,2.8978254568788895,2024-09-29 01:40:52.531225,2024-09-29 01:40:55.021203,0 days 00:00:02.489978,0.8957894736842106,0.8436842105263158,274,"{'alpha_actor': [0.01, 0.06210526315789474, 0.11421052631578947, 0.16631578947368422, 0.21842105263157896, 0.2705263157894737, 0.32263157894736844, 0.37473684210526315, 0.4268421052631579, 0.4789473684210527, 0.5310526315789474, 0.5831578947368421, 0.6352631578947369, 0.6873684210526316, 0.7394736842105263, 0.791578947368421, 0.8436842105263158, 0.8957894736842106, 0.9478947368421053, 1.0], 'alpha_critic': [0.01, 0.06210526315789474, 0.11421052631578947, 0.16631578947368422, 0.21842105263157896, 0.2705263157894737, 0.32263157894736844, 0.37473684210526315, 0.4268421052631579, 0.4789473684210527, 0.5310526315789474, 0.5831578947368421, 0.6352631578947369, 0.6873684210526316, 0.7394736842105263, 0.791578947368421, 0.8436842105263158, 0.8957894736842106, 0.9478947368421053, 1.0]}",COMPLETE
275,275,0.3887239057030316,2024-09-29 01:40:55.022375,2024-09-29 01:41:01.707278,0 days 00:00:06.684903,0.21842105263157896,0.01,275,"{'alpha_actor': [0.01, 0.06210526315789474, 0.11421052631578947, 0.16631578947368422, 0.21842105263157896, 0.2705263157894737, 0.32263157894736844, 0.37473684210526315, 0.4268421052631579, 0.4789473684210527, 0.5310526315789474, 0.5831578947368421, 0.6352631578947369, 0.6873684210526316, 0.7394736842105263, 0.791578947368421, 0.8436842105263158, 0.8957894736842106, 0.9478947368421053, 1.0], 'alpha_critic': [0.01, 0.06210526315789474, 0.11421052631578947, 0.16631578947368422, 0.21842105263157896, 0.2705263157894737, 0.32263157894736844, 0.37473684210526315, 0.4268421052631579, 0.4789473684210527, 0.5310526315789474, 0.5831578947368421, 0.6352631578947369, 0.6873684210526316, 0.7394736842105263, 0.791578947368421, 0.8436842105263158, 0.8957894736842106, 0.9478947368421053, 1.0]}",COMPLETE
