,number,value,datetime_start,datetime_complete,duration,params_alpha_actor,params_alpha_critic,state
0,0,2.7031851396711035,2024-09-29 01:48:38.692951,2024-09-29 01:48:41.799548,0 days 00:00:03.106597,0.26478361641097153,0.541068587715524,COMPLETE
1,1,2.680878993247266,2024-09-29 01:48:41.800461,2024-09-29 01:48:45.333480,0 days 00:00:03.533019,0.15029122629285344,0.8460301305701706,COMPLETE
2,2,2.5329223331943305,2024-09-29 01:48:45.334453,2024-09-29 01:48:48.423071,0 days 00:00:03.088618,0.4880705463795225,0.292540113304887,COMPLETE
3,3,2.8989919560945028,2024-09-29 01:48:48.423985,2024-09-29 01:48:50.888434,0 days 00:00:02.464449,0.8193144305994512,0.950191220737934,COMPLETE
4,4,2.8321627673879344,2024-09-29 01:48:50.889564,2024-09-29 01:48:53.819712,0 days 00:00:02.930148,0.30661207876995406,0.919025877871304,COMPLETE
5,5,2.6915200855120784,2024-09-29 01:48:53.820729,2024-09-29 01:48:57.115973,0 days 00:00:03.295244,0.18901462016695145,0.7387968544846307,COMPLETE
6,6,2.8374745133998855,2024-09-29 01:48:57.116922,2024-09-29 01:48:59.610728,0 days 00:00:02.493806,0.6661350454189814,0.6439897464312969,COMPLETE
7,7,2.6572821024197273,2024-09-29 01:48:59.611647,2024-09-29 01:49:03.358748,0 days 00:00:03.747101,0.1253486041296282,0.9775911166049791,COMPLETE
8,8,2.747797698760882,2024-09-29 01:49:03.359629,2024-09-29 01:49:06.055272,0 days 00:00:02.695643,0.6808849934539365,0.45278235299473873,COMPLETE
9,9,2.3530776808292733,2024-09-29 01:49:06.056211,2024-09-29 01:49:10.513612,0 days 00:00:04.457401,0.07738056853223975,0.5514642670092216,COMPLETE
10,10,1.4591923688714157,2024-09-29 01:49:10.514603,2024-09-29 01:49:15.124942,0 days 00:00:04.610339,0.9745539987126863,0.05753683370441759,COMPLETE
11,11,2.868753096600199,2024-09-29 01:49:15.125906,2024-09-29 01:49:17.620180,0 days 00:00:02.494274,0.8057016835564981,0.7008810366223617,COMPLETE
12,12,2.8833476117492602,2024-09-29 01:49:17.621074,2024-09-29 01:49:20.059289,0 days 00:00:02.438215,0.9005238145660135,0.7797542183589545,COMPLETE
13,13,2.8911245469332405,2024-09-29 01:49:20.060430,2024-09-29 01:49:22.578674,0 days 00:00:02.518244,0.97789851366708,0.8254872232912794,COMPLETE
14,14,2.887406939542167,2024-09-29 01:49:22.579578,2024-09-29 01:49:25.282799,0 days 00:00:02.703221,0.7840400394359741,0.978727463595895,COMPLETE
15,15,2.904223542627764,2024-09-29 01:49:25.283725,2024-09-29 01:49:27.717432,0 days 00:00:02.433707,0.9921443318177365,0.8630584020835506,COMPLETE
16,16,2.2956019613794707,2024-09-29 01:49:27.718369,2024-09-29 01:49:31.126366,0 days 00:00:03.407997,0.5289342788345522,0.19354543810376612,COMPLETE
17,17,2.726260939440539,2024-09-29 01:49:31.127306,2024-09-29 01:49:33.771110,0 days 00:00:02.643804,0.8577140617320776,0.42772369838996693,COMPLETE
18,18,2.8986852526332516,2024-09-29 01:49:33.771977,2024-09-29 01:49:36.314392,0 days 00:00:02.542415,0.6899212066292744,0.8749841008206188,COMPLETE
19,19,2.803587537866453,2024-09-29 01:49:36.315371,2024-09-29 01:49:39.075087,0 days 00:00:02.759716,0.4669200039521988,0.6324886025201369,COMPLETE
20,20,2.839687728545354,2024-09-29 01:49:39.076000,2024-09-29 01:49:42.027958,0 days 00:00:02.951958,0.9976872838808352,0.9995551559610074,COMPLETE
21,21,2.8765881655664898,2024-09-29 01:49:42.028813,2024-09-29 01:49:44.589895,0 days 00:00:02.561082,0.6945690155432186,0.8663888590677066,COMPLETE
22,22,2.8999986126966046,2024-09-29 01:49:44.590803,2024-09-29 01:49:47.111051,0 days 00:00:02.520248,0.6015381161503309,0.8866536646492187,COMPLETE
23,23,2.862085157031759,2024-09-29 01:49:47.111984,2024-09-29 01:49:49.740042,0 days 00:00:02.628058,0.5969470182429201,0.749767137019876,COMPLETE
24,24,2.8901642190551353,2024-09-29 01:49:49.740979,2024-09-29 01:49:52.298792,0 days 00:00:02.557813,0.8872110532701044,0.9046433696057128,COMPLETE
25,25,2.808006443205626,2024-09-29 01:49:52.299787,2024-09-29 01:49:55.081086,0 days 00:00:02.781299,0.3969511958119572,0.6565505012485334,COMPLETE
26,26,2.9031482856096194,2024-09-29 01:49:55.082091,2024-09-29 01:49:57.548430,0 days 00:00:02.466339,0.775217710160095,0.9148443613377758,COMPLETE
27,27,2.8849245271528194,2024-09-29 01:49:57.549322,2024-09-29 01:50:00.036178,0 days 00:00:02.486856,0.7612190833800799,0.7939829675278718,COMPLETE
28,28,2.669203658393937,2024-09-29 01:50:00.037226,2024-09-29 01:50:02.978883,0 days 00:00:02.941657,0.5982739797835498,0.3736284020718957,COMPLETE
29,29,2.7888999099089498,2024-09-29 01:50:02.979782,2024-09-29 01:50:05.699854,0 days 00:00:02.720072,0.5918853392332875,0.5389190322440968,COMPLETE
30,30,2.848080399320918,2024-09-29 01:50:05.701060,2024-09-29 01:50:08.205147,0 days 00:00:02.504087,0.9153834730042538,0.5848623272382534,COMPLETE
31,31,2.8909166613410195,2024-09-29 01:50:08.206048,2024-09-29 01:50:10.715332,0 days 00:00:02.509284,0.8339170303492343,0.9253635877932438,COMPLETE
32,32,2.894124816298882,2024-09-29 01:50:10.716420,2024-09-29 01:50:13.300184,0 days 00:00:02.583764,0.7346742640115592,0.8261919911363094,COMPLETE
33,33,2.899612167149774,2024-09-29 01:50:13.301088,2024-09-29 01:50:15.943833,0 days 00:00:02.642745,0.8271999720687677,0.9134350650634839,COMPLETE
34,34,2.905394178979651,2024-09-29 01:50:15.944734,2024-09-29 01:50:18.377028,0 days 00:00:02.432294,0.932423569434462,0.8632339835550822,COMPLETE
35,35,2.8848570353611818,2024-09-29 01:50:18.377870,2024-09-29 01:50:20.879298,0 days 00:00:02.501428,0.9460180060645125,0.7172129438435579,COMPLETE
36,36,2.8963357586130565,2024-09-29 01:50:20.880296,2024-09-29 01:50:23.335602,0 days 00:00:02.455306,0.9220062522082162,0.8091412550468816,COMPLETE
37,37,2.842603492283054,2024-09-29 01:50:23.336685,2024-09-29 01:50:26.267951,0 days 00:00:02.931266,0.33337117430895297,0.85365131748189,COMPLETE
38,38,2.87814327126716,2024-09-29 01:50:26.268936,2024-09-29 01:50:28.976201,0 days 00:00:02.707265,0.7414245817118645,0.9432861788121354,COMPLETE
39,39,2.8964833584030436,2024-09-29 01:50:28.977177,2024-09-29 01:50:31.456121,0 days 00:00:02.478944,0.6412312108512082,0.8932285639263302,COMPLETE
40,40,2.8300772192135657,2024-09-29 01:50:31.457071,2024-09-29 01:50:34.106555,0 days 00:00:02.649484,0.518530154271781,0.6878643307852763,COMPLETE
41,41,2.901041137137901,2024-09-29 01:50:34.107491,2024-09-29 01:50:36.624251,0 days 00:00:02.516760,0.8580372441232978,0.9390326929059426,COMPLETE
42,42,2.8950103400733584,2024-09-29 01:50:36.625176,2024-09-29 01:50:39.037926,0 days 00:00:02.412750,0.9425329089623361,0.7734472781703415,COMPLETE
43,43,2.9036788913470253,2024-09-29 01:50:39.038850,2024-09-29 01:50:41.544734,0 days 00:00:02.505884,0.8698743166591256,0.9395234061584709,COMPLETE
44,44,2.8648053114849565,2024-09-29 01:50:41.545666,2024-09-29 01:50:44.223663,0 days 00:00:02.677997,0.8743772927176705,0.9587611135245583,COMPLETE
45,45,2.8220250871806285,2024-09-29 01:50:44.224781,2024-09-29 01:50:47.213829,0 days 00:00:02.989048,0.9961436151666666,0.9934684790181062,COMPLETE
46,46,2.890932976360423,2024-09-29 01:50:47.214944,2024-09-29 01:50:49.588509,0 days 00:00:02.373565,0.8613605626360229,0.8380273466309953,COMPLETE
47,47,2.8976903263111495,2024-09-29 01:50:49.589460,2024-09-29 01:50:52.167983,0 days 00:00:02.578523,0.785067940269619,0.9406365117435656,COMPLETE
48,48,0.7776807496106729,2024-09-29 01:50:52.168984,2024-09-29 01:50:57.799888,0 days 00:00:05.630904,0.9370245760484933,0.02131193897107858,COMPLETE
49,49,2.8836527111731627,2024-09-29 01:50:57.800861,2024-09-29 01:51:00.283345,0 days 00:00:02.482484,0.8234565754838286,0.7453451795217221,COMPLETE
50,50,2.539085889956829,2024-09-29 01:51:00.284216,2024-09-29 01:51:03.155698,0 days 00:00:02.871482,0.8681684713631044,0.28048741306116276,COMPLETE
51,51,2.895313913288037,2024-09-29 01:51:03.156732,2024-09-29 01:51:05.524937,0 days 00:00:02.368205,0.9026961078330871,0.8815241714666529,COMPLETE
52,52,2.861951074468946,2024-09-29 01:51:05.525983,2024-09-29 01:51:08.212209,0 days 00:00:02.686226,0.9530403848154261,0.9550532549079038,COMPLETE
53,53,2.8887635471303694,2024-09-29 01:51:08.213216,2024-09-29 01:51:10.738654,0 days 00:00:02.525438,0.7227487275544162,0.8543284178476215,COMPLETE
54,54,2.902371577303138,2024-09-29 01:51:10.739887,2024-09-29 01:51:13.247087,0 days 00:00:02.507200,0.7806632834945795,0.903994101259314,COMPLETE
55,55,2.8822938095301387,2024-09-29 01:51:13.248068,2024-09-29 01:51:15.900779,0 days 00:00:02.652711,0.78568925883132,0.9957433770512006,COMPLETE
56,56,2.8843583038213305,2024-09-29 01:51:15.901700,2024-09-29 01:51:18.336460,0 days 00:00:02.434760,0.8213878652065548,0.7959147146860917,COMPLETE
57,57,2.7795094413365997,2024-09-29 01:51:18.337809,2024-09-29 01:51:21.935467,0 days 00:00:03.597658,0.22997840987895435,0.9291931319137984,COMPLETE
58,58,2.0297469227485663,2024-09-29 01:51:21.936901,2024-09-29 01:51:25.589210,0 days 00:00:03.652309,0.967314122767013,0.12468534511398494,COMPLETE
59,59,2.9141173517035397,2024-09-29 01:51:25.590120,2024-09-29 01:51:28.042280,0 days 00:00:02.452160,0.892255074619706,0.9061510028324744,COMPLETE
60,60,1.9672349324124496,2024-09-29 01:51:28.043302,2024-09-29 01:51:33.897995,0 days 00:00:05.854693,0.024711168742742984,0.7707144586117487,COMPLETE
61,61,2.893874837350757,2024-09-29 01:51:33.899051,2024-09-29 01:51:36.496125,0 days 00:00:02.597074,0.903249228394679,0.9646012493509809,COMPLETE
62,62,2.908384699266345,2024-09-29 01:51:36.497226,2024-09-29 01:51:39.014081,0 days 00:00:02.516855,0.8588590194105417,0.908462222079635,COMPLETE
63,63,2.9088939474736946,2024-09-29 01:51:39.014986,2024-09-29 01:51:41.444983,0 days 00:00:02.429997,0.7868508605270175,0.8833674741875188,COMPLETE
64,64,2.9068625577623304,2024-09-29 01:51:41.445836,2024-09-29 01:51:43.786747,0 days 00:00:02.340911,0.9761935514835507,0.8302732543715178,COMPLETE
65,65,2.8944225163072774,2024-09-29 01:51:43.787619,2024-09-29 01:51:46.236371,0 days 00:00:02.448752,0.9964211205612177,0.82904193396674,COMPLETE
66,66,2.906782978368594,2024-09-29 01:51:46.237249,2024-09-29 01:51:48.599426,0 days 00:00:02.362177,0.9009063157931908,0.8719069722723105,COMPLETE
67,67,2.9008180563477257,2024-09-29 01:51:48.600347,2024-09-29 01:51:50.982657,0 days 00:00:02.382310,0.9662895766805983,0.8475902682176109,COMPLETE
68,68,2.8733413333842557,2024-09-29 01:51:50.983601,2024-09-29 01:51:53.410986,0 days 00:00:02.427385,0.9069873981402312,0.7272949091013374,COMPLETE
69,69,2.916861519962526,2024-09-29 01:51:53.411959,2024-09-29 01:51:55.789244,0 days 00:00:02.377285,0.9336152602355641,0.872894179427056,COMPLETE
70,70,2.8959276883203264,2024-09-29 01:51:55.790417,2024-09-29 01:51:58.158809,0 days 00:00:02.368392,0.8396728865768501,0.8105015917269035,COMPLETE
71,71,2.896094010052473,2024-09-29 01:51:58.159724,2024-09-29 01:52:00.630170,0 days 00:00:02.470446,0.9337724166425863,0.8639940740345414,COMPLETE
72,72,2.9113946900493004,2024-09-29 01:52:00.631255,2024-09-29 01:52:02.986304,0 days 00:00:02.355049,0.9768871114297467,0.8854659357898641,COMPLETE
73,73,2.887460149581315,2024-09-29 01:52:02.987222,2024-09-29 01:52:05.543449,0 days 00:00:02.556227,0.8983295478200927,0.8856564495417107,COMPLETE
74,74,2.895798213754093,2024-09-29 01:52:05.544552,2024-09-29 01:52:07.955998,0 days 00:00:02.411446,0.9696972702513339,0.7717632472522971,COMPLETE
75,75,2.900267217033529,2024-09-29 01:52:07.957031,2024-09-29 01:52:10.466700,0 days 00:00:02.509669,0.9253029108960734,0.8961049816902806,COMPLETE
76,76,2.770599767015718,2024-09-29 01:52:10.467609,2024-09-29 01:52:13.106128,0 days 00:00:02.638519,0.8045231958688712,0.4798936338496992,COMPLETE
77,77,2.8959656566023577,2024-09-29 01:52:13.107074,2024-09-29 01:52:15.455604,0 days 00:00:02.348530,0.8865993033413795,0.8179027897900847,COMPLETE
78,78,2.8787250167212237,2024-09-29 01:52:15.456606,2024-09-29 01:52:17.866801,0 days 00:00:02.410195,0.9664541861620393,0.6926571013586038,COMPLETE
79,79,2.8435781746562836,2024-09-29 01:52:17.867788,2024-09-29 01:52:20.239266,0 days 00:00:02.371478,0.8432934765965263,0.6096200653124696,COMPLETE
80,80,2.831420258794616,2024-09-29 01:52:20.240180,2024-09-29 01:52:23.019319,0 days 00:00:02.779139,0.9998911224961847,0.9730741591887173,COMPLETE
81,81,2.885393785790968,2024-09-29 01:52:23.020391,2024-09-29 01:52:25.473261,0 days 00:00:02.452870,0.9368478434434511,0.8704336192341651,COMPLETE
82,82,2.8978706374583054,2024-09-29 01:52:25.474286,2024-09-29 01:52:27.946298,0 days 00:00:02.472012,0.9211421962155067,0.9041833859901013,COMPLETE
83,83,2.9118629452317584,2024-09-29 01:52:27.947325,2024-09-29 01:52:30.338944,0 days 00:00:02.391619,0.9779951317989873,0.8437256234892192,COMPLETE
84,84,2.9001869163358243,2024-09-29 01:52:30.339837,2024-09-29 01:52:32.758355,0 days 00:00:02.418518,0.8844354066121421,0.829353470051499,COMPLETE
85,85,2.8934202784427203,2024-09-29 01:52:32.759513,2024-09-29 01:52:35.227581,0 days 00:00:02.468068,0.9759233887993131,0.7907828467842014,COMPLETE
86,86,2.898055585405365,2024-09-29 01:52:35.228487,2024-09-29 01:52:37.691604,0 days 00:00:02.463117,0.9488859413743066,0.9144623790529156,COMPLETE
87,87,2.848074385562562,2024-09-29 01:52:37.692503,2024-09-29 01:52:40.437617,0 days 00:00:02.745114,0.4104978609501894,0.8552863474270074,COMPLETE
88,88,2.899724419135355,2024-09-29 01:52:40.438566,2024-09-29 01:52:42.930659,0 days 00:00:02.492093,0.8531171288365724,0.8770735710145986,COMPLETE
89,89,2.7127339342476042,2024-09-29 01:52:42.931564,2024-09-29 01:52:45.472922,0 days 00:00:02.541358,0.886759315440917,0.40623623543626297,COMPLETE
90,90,2.8814116174613775,2024-09-29 01:52:45.473917,2024-09-29 01:52:47.967499,0 days 00:00:02.493582,0.8032202657122779,0.7524035932162227,COMPLETE
91,91,2.9018695953312292,2024-09-29 01:52:47.968527,2024-09-29 01:52:50.337968,0 days 00:00:02.369441,0.9592929872524236,0.8374991667565455,COMPLETE
92,92,2.908279217227916,2024-09-29 01:52:50.338888,2024-09-29 01:52:52.709165,0 days 00:00:02.370277,0.9861568407765124,0.923227057013787,COMPLETE
93,93,2.8885484516520505,2024-09-29 01:52:52.710131,2024-09-29 01:52:55.192902,0 days 00:00:02.482771,0.9216534645144716,0.9189790070686642,COMPLETE
94,94,2.848591212361668,2024-09-29 01:52:55.194219,2024-09-29 01:52:57.904830,0 days 00:00:02.710611,0.977962148032214,0.9704571867136135,COMPLETE
95,95,2.875813447359765,2024-09-29 01:52:57.905843,2024-09-29 01:53:00.534780,0 days 00:00:02.628937,0.9868219274592667,0.9379972666759858,COMPLETE
96,96,2.9111021135439272,2024-09-29 01:53:00.535778,2024-09-29 01:53:02.914682,0 days 00:00:02.378904,0.914336794726443,0.8895919546534222,COMPLETE
97,97,2.8995137760384924,2024-09-29 01:53:02.915651,2024-09-29 01:53:05.365325,0 days 00:00:02.449674,0.9099792843682434,0.8922383770695201,COMPLETE
98,98,2.898329108229184,2024-09-29 01:53:05.366304,2024-09-29 01:53:07.841890,0 days 00:00:02.475586,0.8750148512272352,0.8103319775147659,COMPLETE
99,99,2.877857698277348,2024-09-29 01:53:07.842847,2024-09-29 01:53:10.526470,0 days 00:00:02.683623,0.9568267394106265,0.9564142075361568,COMPLETE
100,100,2.8892162954552663,2024-09-29 01:53:10.527416,2024-09-29 01:53:13.064962,0 days 00:00:02.537546,0.5572422120860318,0.9273224802304784,COMPLETE
101,101,2.9015427238428404,2024-09-29 01:53:13.065863,2024-09-29 01:53:15.419361,0 days 00:00:02.353498,0.9407877446392322,0.8489948742598847,COMPLETE
102,102,2.9016811337022497,2024-09-29 01:53:15.420316,2024-09-29 01:53:17.839239,0 days 00:00:02.418923,0.9235931685362194,0.8733307211322937,COMPLETE
103,103,2.8971771670706707,2024-09-29 01:53:17.840165,2024-09-29 01:53:20.359055,0 days 00:00:02.518890,0.8543163056622364,0.9085785876561653,COMPLETE
104,104,2.882436302721961,2024-09-29 01:53:20.359888,2024-09-29 01:53:22.993696,0 days 00:00:02.633808,0.899221469442419,0.9820373366872615,COMPLETE
105,105,2.884951960344615,2024-09-29 01:53:22.994710,2024-09-29 01:53:25.318528,0 days 00:00:02.323818,0.9810467721879571,0.7910545864065252,COMPLETE
106,106,2.9076159561552193,2024-09-29 01:53:25.319513,2024-09-29 01:53:27.681831,0 days 00:00:02.362318,0.949983056307837,0.8907235459520134,COMPLETE
107,107,2.9144310633962194,2024-09-29 01:53:27.682859,2024-09-29 01:53:30.040369,0 days 00:00:02.357510,0.9496637373210388,0.8892410860450428,COMPLETE
108,108,2.9029554749086715,2024-09-29 01:53:30.041687,2024-09-29 01:53:32.383673,0 days 00:00:02.341986,0.9993044366037066,0.8917147588845231,COMPLETE
109,109,2.8958064795348895,2024-09-29 01:53:32.384574,2024-09-29 01:53:34.917459,0 days 00:00:02.532885,0.9480969504336764,0.8389756400275247,COMPLETE
110,110,2.6667035924192755,2024-09-29 01:53:34.918375,2024-09-29 01:53:38.718300,0 days 00:00:03.799925,0.13217314151046528,0.9461841213587647,COMPLETE
111,111,2.908287775632698,2024-09-29 01:53:38.719268,2024-09-29 01:53:41.185056,0 days 00:00:02.465788,0.9510100355132932,0.8778594410990297,COMPLETE
112,112,2.895197164175491,2024-09-29 01:53:41.186093,2024-09-29 01:53:43.591989,0 days 00:00:02.405896,0.9585549190513744,0.8970930252522845,COMPLETE
113,113,2.8985108699409095,2024-09-29 01:53:43.592938,2024-09-29 01:53:46.068204,0 days 00:00:02.475266,0.9816638124042025,0.9198565640566909,COMPLETE
114,114,2.9142685375904316,2024-09-29 01:53:46.069240,2024-09-29 01:53:48.432077,0 days 00:00:02.362837,0.933040196432528,0.861012449708778,COMPLETE
115,115,2.8971161687101348,2024-09-29 01:53:48.433014,2024-09-29 01:53:50.783691,0 days 00:00:02.350677,0.9159729158754988,0.8615014125668093,COMPLETE
116,116,2.901806200250648,2024-09-29 01:53:50.784668,2024-09-29 01:53:53.375590,0 days 00:00:02.590922,0.8754256162570837,0.9269750422056683,COMPLETE
117,117,2.892486338567161,2024-09-29 01:53:53.376718,2024-09-29 01:53:55.981129,0 days 00:00:02.604411,0.9379247334682943,0.9553522891341347,COMPLETE
118,118,2.9085279702306996,2024-09-29 01:53:55.982283,2024-09-29 01:53:58.354683,0 days 00:00:02.372400,0.8379237767967042,0.885581290002618,COMPLETE
119,119,2.887283161832278,2024-09-29 01:53:58.355609,2024-09-29 01:54:00.874506,0 days 00:00:02.518897,0.7651934166121983,0.8122289218680222,COMPLETE
120,120,2.8984231087383296,2024-09-29 01:54:00.875480,2024-09-29 01:54:03.453538,0 days 00:00:02.578058,0.6497108877138611,0.9890978720064308,COMPLETE
121,121,2.8820996751682637,2024-09-29 01:54:03.454539,2024-09-29 01:54:05.899540,0 days 00:00:02.445001,0.8176666751870031,0.8783886295631759,COMPLETE
122,122,2.9076526175897754,2024-09-29 01:54:05.900431,2024-09-29 01:54:08.300426,0 days 00:00:02.399995,0.8428749477112306,0.9098479035004035,COMPLETE
123,123,2.906511019341253,2024-09-29 01:54:08.301415,2024-09-29 01:54:10.763684,0 days 00:00:02.462269,0.8394732045780496,0.90778623723532,COMPLETE
124,124,2.89892376944969,2024-09-29 01:54:10.764616,2024-09-29 01:54:13.195690,0 days 00:00:02.431074,0.7494558399787519,0.8489231766134204,COMPLETE
125,125,2.448318463434707,2024-09-29 01:54:13.196631,2024-09-29 01:54:16.237407,0 days 00:00:03.040776,0.7101006904520185,0.24764527340976117,COMPLETE
126,126,2.894559547909943,2024-09-29 01:54:16.238395,2024-09-29 01:54:18.741564,0 days 00:00:02.503169,0.8688238241915704,0.940348095604054,COMPLETE
127,127,2.8938663009797123,2024-09-29 01:54:18.742546,2024-09-29 01:54:21.185572,0 days 00:00:02.443026,0.8019054829790848,0.8689260458020659,COMPLETE
128,128,2.907519078798759,2024-09-29 01:54:21.186640,2024-09-29 01:54:23.574939,0 days 00:00:02.388299,0.8858203460458675,0.9209273608445289,COMPLETE
129,129,2.8948328076613232,2024-09-29 01:54:23.575939,2024-09-29 01:54:26.006149,0 days 00:00:02.430210,0.8347537032723898,0.8263834320278695,COMPLETE
130,130,2.86096657704194,2024-09-29 01:54:26.007125,2024-09-29 01:54:28.850200,0 days 00:00:02.843075,0.9133316762265286,0.9710498713850333,COMPLETE
131,131,2.898392362449812,2024-09-29 01:54:28.851174,2024-09-29 01:54:31.410917,0 days 00:00:02.559743,0.9553969664150663,0.8868997694881487,COMPLETE
132,132,2.892670421423379,2024-09-29 01:54:31.411917,2024-09-29 01:54:34.429361,0 days 00:00:03.017444,0.9345313420250198,0.8860952800677288,COMPLETE
133,133,2.901155200231541,2024-09-29 01:54:34.430470,2024-09-29 01:54:37.107898,0 days 00:00:02.677428,0.9006476577469561,0.8548281147944397,COMPLETE
134,134,2.8999203781182885,2024-09-29 01:54:37.109022,2024-09-29 01:54:39.747877,0 days 00:00:02.638855,0.9529435123323092,0.9085101816709668,COMPLETE
135,135,2.895605978700843,2024-09-29 01:54:39.748943,2024-09-29 01:54:42.461678,0 days 00:00:02.712735,0.8614040779718224,0.9373810546765946,COMPLETE
136,136,2.863795998358053,2024-09-29 01:54:42.462917,2024-09-29 01:54:45.170321,0 days 00:00:02.707404,0.4792965375282152,0.8937406811711599,COMPLETE
137,137,2.9080134249259686,2024-09-29 01:54:45.171459,2024-09-29 01:54:47.744125,0 days 00:00:02.572666,0.9307193756277333,0.8680874629967659,COMPLETE
138,138,2.8112587703375653,2024-09-29 01:54:47.745785,2024-09-29 01:54:50.592968,0 days 00:00:02.847183,0.8905802584099127,0.5360880230415913,COMPLETE
139,139,2.9066148497211164,2024-09-29 01:54:50.594057,2024-09-29 01:54:53.522488,0 days 00:00:02.928431,0.9243414033519861,0.8466076837559113,COMPLETE
140,140,2.90048623652649,2024-09-29 01:54:53.523761,2024-09-29 01:54:56.096240,0 days 00:00:02.572479,0.8478921181595253,0.8089360863067366,COMPLETE
141,141,2.896711050509692,2024-09-29 01:54:56.097176,2024-09-29 01:54:58.529879,0 days 00:00:02.432703,0.9746873196823475,0.8721118835673443,COMPLETE
142,142,2.9054109354573594,2024-09-29 01:54:58.531349,2024-09-29 01:55:01.012837,0 days 00:00:02.481488,0.9356502049493386,0.9083630044655608,COMPLETE
143,143,2.89785595320224,2024-09-29 01:55:01.013815,2024-09-29 01:55:03.410830,0 days 00:00:02.397015,0.9969326829907039,0.8649247141290494,COMPLETE
144,144,2.8714032727187893,2024-09-29 01:55:03.411813,2024-09-29 01:55:06.086742,0 days 00:00:02.674929,0.9633800568191289,0.9507721482573085,COMPLETE
145,145,2.8944400108484776,2024-09-29 01:55:06.087730,2024-09-29 01:55:08.646695,0 days 00:00:02.558965,0.9154229054224804,0.9252308388304346,COMPLETE
