,number,value,datetime_start,datetime_complete,duration,params_alpha_actor,params_alpha_critic,state
0,0,-0.5156058519333727,2024-09-28 20:47:43.241549,2024-09-28 20:47:45.791317,0 days 00:00:02.549768,0.7926393437352154,0.9874796198503145,COMPLETE
1,1,-0.5715700995960492,2024-09-28 20:47:45.792345,2024-09-28 20:47:48.518296,0 days 00:00:02.725951,0.2675744191647306,0.6472387470560768,COMPLETE
2,2,-0.6037798628058357,2024-09-28 20:47:48.519219,2024-09-28 20:47:51.326659,0 days 00:00:02.807440,0.33333004253465204,0.5870384037298568,COMPLETE
3,3,-0.5999901211093732,2024-09-28 20:47:51.327557,2024-09-28 20:47:54.028473,0 days 00:00:02.700916,0.40921896284213627,0.632140558166528,COMPLETE
4,4,-0.5588280890147879,2024-09-28 20:47:54.029391,2024-09-28 20:47:56.464960,0 days 00:00:02.435569,0.4900147823009254,0.8074672846138043,COMPLETE
5,5,-0.5079055925877525,2024-09-28 20:47:56.465886,2024-09-28 20:47:58.852810,0 days 00:00:02.386924,0.7468691203397503,0.9658843591856531,COMPLETE
6,6,-0.5685248401333926,2024-09-28 20:47:58.853882,2024-09-28 20:48:01.943592,0 days 00:00:03.089710,0.18364074015099446,0.5274564655693944,COMPLETE
7,7,-0.5947067864274297,2024-09-28 20:48:01.944540,2024-09-28 20:48:04.205180,0 days 00:00:02.260640,0.6335107649292991,0.7319086534112698,COMPLETE
8,8,-0.5263814546827739,2024-09-28 20:48:04.206101,2024-09-28 20:48:08.327494,0 days 00:00:04.121393,0.12691998005103072,0.17251854623490193,COMPLETE
9,9,-0.635036147134558,2024-09-28 20:48:08.328590,2024-09-28 20:48:10.823771,0 days 00:00:02.495181,0.9927244846552625,0.31621694691423274,COMPLETE
10,10,-0.517039021105331,2024-09-28 20:48:10.824692,2024-09-28 20:48:13.225330,0 days 00:00:02.400638,0.7244695633688076,0.9903686685924146,COMPLETE
11,11,-0.532774475496542,2024-09-28 20:48:13.226574,2024-09-28 20:48:15.564425,0 days 00:00:02.337851,0.8927978150050597,0.9399222401272708,COMPLETE
12,12,-0.5658306108017733,2024-09-28 20:48:15.565370,2024-09-28 20:48:17.777010,0 days 00:00:02.211640,0.7492017390783378,0.8550502791698446,COMPLETE
13,13,-0.6378654316749993,2024-09-28 20:48:17.777994,2024-09-28 20:48:20.249638,0 days 00:00:02.471644,0.593713032757447,0.3786200698404556,COMPLETE
14,14,-0.5152302157697783,2024-09-28 20:48:20.250631,2024-09-28 20:48:22.774431,0 days 00:00:02.523800,0.8420326430224354,0.9857063785485191,COMPLETE
15,15,-0.20940442137580678,2024-09-28 20:48:22.775539,2024-09-28 20:48:27.709692,0 days 00:00:04.934153,0.8962275144183904,0.01633677987876697,COMPLETE
16,16,-0.3678819515309579,2024-09-28 20:48:27.710611,2024-09-28 20:48:31.927766,0 days 00:00:04.217155,0.905888227408444,0.04242199861631734,COMPLETE
17,17,-0.4260739206853851,2024-09-28 20:48:31.929030,2024-09-28 20:48:36.015920,0 days 00:00:04.086890,0.9811191652269228,0.05819871801498764,COMPLETE
18,18,-0.22432427808972677,2024-09-28 20:48:36.017081,2024-09-28 20:48:41.146482,0 days 00:00:05.129401,0.6178042793209261,0.018574006910269114,COMPLETE
19,19,-0.6048805274622487,2024-09-28 20:48:41.147502,2024-09-28 20:48:44.176145,0 days 00:00:03.028643,0.6062705209326837,0.1832130439754088,COMPLETE
20,20,-0.6331012425718057,2024-09-28 20:48:44.177301,2024-09-28 20:48:46.781406,0 days 00:00:02.604105,0.4792835192595595,0.39292614614271865,COMPLETE
21,21,-0.15295819935006805,2024-09-28 20:48:46.782425,2024-09-28 20:48:52.189757,0 days 00:00:05.407332,0.8845610105124271,0.01081923670473231,COMPLETE
22,22,-0.5659811149896409,2024-09-28 20:48:52.190811,2024-09-28 20:48:55.556602,0 days 00:00:03.365791,0.6624431991480599,0.13189578751677827,COMPLETE
23,23,-0.20584983925442257,2024-09-28 20:48:55.557524,2024-09-28 20:49:00.748891,0 days 00:00:05.191367,0.8789820354833693,0.016113991378403525,COMPLETE
24,24,-0.6418783897279537,2024-09-28 20:49:00.749909,2024-09-28 20:49:03.522271,0 days 00:00:02.772362,0.913558855099962,0.2427565867996132,COMPLETE
25,25,-0.5289593150136626,2024-09-28 20:49:03.523369,2024-09-28 20:49:07.000512,0 days 00:00:03.477143,0.8235760531715833,0.10461071047105353,COMPLETE
26,26,-0.6318938978212039,2024-09-28 20:49:07.001570,2024-09-28 20:49:09.581372,0 days 00:00:02.579802,0.9998970192192087,0.2656812851360617,COMPLETE
27,27,-0.1976991305386892,2024-09-28 20:49:09.582400,2024-09-28 20:49:14.787792,0 days 00:00:05.205392,0.8866283909232286,0.015009901848189577,COMPLETE
28,28,-0.527976321695554,2024-09-28 20:49:14.788811,2024-09-28 20:49:18.342727,0 days 00:00:03.553916,0.6983733875969392,0.10417977840550717,COMPLETE
29,29,-0.6165285243925012,2024-09-28 20:49:18.343617,2024-09-28 20:49:21.148758,0 days 00:00:02.805141,0.8003781007571257,0.20401994738812218,COMPLETE
30,30,-0.6420776415206432,2024-09-28 20:49:21.149723,2024-09-28 20:49:23.668841,0 days 00:00:02.519118,0.5532753188112978,0.41723467276122916,COMPLETE
31,31,-0.4732260653875345,2024-09-28 20:49:23.669895,2024-09-28 20:49:27.321107,0 days 00:00:03.651212,0.8753856865281473,0.07436027003491963,COMPLETE
32,32,-0.1668309467883508,2024-09-28 20:49:27.322070,2024-09-28 20:49:32.572764,0 days 00:00:05.250694,0.9206358706410195,0.012061018119772863,COMPLETE
33,33,-0.5782596807619625,2024-09-28 20:49:32.573737,2024-09-28 20:49:35.621078,0 days 00:00:03.047341,0.9454203023721054,0.14368062035566045,COMPLETE
34,34,-0.49770050654904047,2024-09-28 20:49:35.622159,2024-09-28 20:49:39.139658,0 days 00:00:03.517499,0.7898426395845862,0.08865777223753749,COMPLETE
35,35,-0.23576609831613646,2024-09-28 20:49:39.140608,2024-09-28 20:49:44.112552,0 days 00:00:04.971944,0.8388987318041203,0.019599842314648223,COMPLETE
36,36,-0.626790003133676,2024-09-28 20:49:44.113622,2024-09-28 20:49:47.250376,0 days 00:00:03.136754,0.3466759659189357,0.24261545620765226,COMPLETE
37,37,-0.3791688000414478,2024-09-28 20:49:47.251411,2024-09-28 20:49:52.928588,0 days 00:00:05.677177,0.022557831339614642,0.14600178467757965,COMPLETE
38,38,-0.6501782877247733,2024-09-28 20:49:52.929805,2024-09-28 20:49:55.455949,0 days 00:00:02.526144,0.7719522240057771,0.3079515912472794,COMPLETE
39,39,-0.6278224212808867,2024-09-28 20:49:55.456900,2024-09-28 20:49:57.692510,0 days 00:00:02.235610,0.9489942497512809,0.5228573105407159,COMPLETE
40,40,-0.6036297883690497,2024-09-28 20:49:57.693474,2024-09-28 20:49:59.899145,0 days 00:00:02.205671,0.8656951038224526,0.6072827414808554,COMPLETE
41,41,-0.20870360618416237,2024-09-28 20:49:59.900170,2024-09-28 20:50:04.976571,0 days 00:00:05.076401,0.9296987839417218,0.01618000682524725,COMPLETE
42,42,-0.45568829209697465,2024-09-28 20:50:04.977575,2024-09-28 20:50:08.801033,0 days 00:00:03.823458,0.9463322033340766,0.06766074335254568,COMPLETE
43,43,-0.14200086338737095,2024-09-28 20:50:08.802011,2024-09-28 20:50:14.414444,0 days 00:00:05.612433,0.6946884142188763,0.0100126992025541,COMPLETE
44,44,-0.604842621580272,2024-09-28 20:50:14.415373,2024-09-28 20:50:16.809734,0 days 00:00:02.394361,0.7047883259192497,0.6757576438952804,COMPLETE
45,45,-0.5451450621261217,2024-09-28 20:50:16.810687,2024-09-28 20:50:20.233224,0 days 00:00:03.422537,0.7980556412737199,0.11355135267112842,COMPLETE
46,46,-0.6073424200481928,2024-09-28 20:50:20.234133,2024-09-28 20:50:23.355278,0 days 00:00:03.121145,0.6668263036487717,0.18667848729841557,COMPLETE
47,47,-0.43937264093061806,2024-09-28 20:50:23.356537,2024-09-28 20:50:27.331854,0 days 00:00:03.975317,0.7614099369880909,0.06309331157097424,COMPLETE
48,48,-0.4219853746578751,2024-09-28 20:50:27.332857,2024-09-28 20:50:31.232204,0 days 00:00:03.899347,0.8667199473786947,0.056896131588068596,COMPLETE
49,49,-0.629317227049848,2024-09-28 20:50:31.233170,2024-09-28 20:50:33.748228,0 days 00:00:02.515058,0.5396335343490983,0.4611286774070207,COMPLETE
50,50,-0.5988755111124947,2024-09-28 20:50:33.749333,2024-09-28 20:50:36.848212,0 days 00:00:03.098879,0.7258887521671493,0.1618254485335766,COMPLETE
51,51,-0.23929562549944028,2024-09-28 20:50:36.849156,2024-09-28 20:50:41.861620,0 days 00:00:05.012464,0.9271836641945185,0.01976934374566843,COMPLETE
52,52,-0.18173311028030353,2024-09-28 20:50:41.862487,2024-09-28 20:50:47.038338,0 days 00:00:05.175851,0.8401883880350713,0.013688382604493711,COMPLETE
53,53,-0.5178224206510251,2024-09-28 20:50:47.039354,2024-09-28 20:50:50.752410,0 days 00:00:03.713056,0.8390003091306949,0.09744966402814688,COMPLETE
54,54,-0.38712584208159717,2024-09-28 20:50:50.753614,2024-09-28 20:50:54.855778,0 days 00:00:04.102164,0.962344508629618,0.04671010782707616,COMPLETE
55,55,-0.557239597010733,2024-09-28 20:50:54.856831,2024-09-28 20:50:58.089763,0 days 00:00:03.232932,0.8783528865453836,0.12587130035117206,COMPLETE
56,56,-0.613080090562909,2024-09-28 20:50:58.090886,2024-09-28 20:51:00.881612,0 days 00:00:02.790726,0.8124150325061764,0.21884415003733887,COMPLETE
57,57,-0.3852572539065668,2024-09-28 20:51:00.882637,2024-09-28 20:51:04.976708,0 days 00:00:04.094071,0.9989348241479273,0.04670173803947724,COMPLETE
58,58,-0.5658361527596346,2024-09-28 20:51:04.977722,2024-09-28 20:51:07.284633,0 days 00:00:02.306911,0.7394502599076784,0.8378691547720307,COMPLETE
59,59,-0.16847121746553456,2024-09-28 20:51:07.285686,2024-09-28 20:51:12.457253,0 days 00:00:05.171567,0.9015870186413,0.012124005123088722,COMPLETE
60,60,-0.5036883878725286,2024-09-28 20:51:12.458237,2024-09-28 20:51:16.174999,0 days 00:00:03.716762,0.4695292212152088,0.09426618685300453,COMPLETE
61,61,-0.16267504327386503,2024-09-28 20:51:16.176027,2024-09-28 20:51:21.369966,0 days 00:00:05.193939,0.8902216380670792,0.011464220595171899,COMPLETE
62,62,-0.3663708891792391,2024-09-28 20:51:21.370924,2024-09-28 20:51:25.739594,0 days 00:00:04.368670,0.9033924036567742,0.04251382378626525,COMPLETE
63,63,-0.4750590518958358,2024-09-28 20:51:25.740602,2024-09-28 20:51:29.678993,0 days 00:00:03.938391,0.9666353125748262,0.07546862839404367,COMPLETE
64,64,-0.5625846014059745,2024-09-28 20:51:29.680001,2024-09-28 20:51:32.941477,0 days 00:00:03.261476,0.8568603833786828,0.1266636076795509,COMPLETE
65,65,-0.5962940149246322,2024-09-28 20:51:32.942506,2024-09-28 20:51:35.954059,0 days 00:00:03.011553,0.9056249754935246,0.15853300248284197,COMPLETE
66,66,-0.1501321695518827,2024-09-28 20:51:35.954947,2024-09-28 20:51:41.676166,0 days 00:00:05.721219,0.8165476436741951,0.01071574123186062,COMPLETE
67,67,-0.4975419966662171,2024-09-28 20:51:41.677170,2024-09-28 20:51:45.453740,0 days 00:00:03.776570,0.8242520037441763,0.08712315286907357,COMPLETE
68,68,-0.35663176843546945,2024-09-28 20:51:45.454799,2024-09-28 20:51:50.127995,0 days 00:00:04.673196,0.6641943737681156,0.04053032521309538,COMPLETE
69,69,-0.19578174256540984,2024-09-28 20:51:50.128942,2024-09-28 20:51:55.470998,0 days 00:00:05.342056,0.7628497759408509,0.015063791679255516,COMPLETE
70,70,-0.547172435228548,2024-09-28 20:51:55.471929,2024-09-28 20:51:58.901108,0 days 00:00:03.429179,0.7865211053411458,0.11657350472315114,COMPLETE
71,71,-0.2159364157348032,2024-09-28 20:51:58.902220,2024-09-28 20:52:04.025210,0 days 00:00:05.122990,0.7662434827865042,0.017325050416619227,COMPLETE
72,72,-0.1663184371200764,2024-09-28 20:52:04.026249,2024-09-28 20:52:09.255699,0 days 00:00:05.229450,0.8423519134200492,0.01184899159980458,COMPLETE
73,73,-0.45685775784002597,2024-09-28 20:52:09.256698,2024-09-28 20:52:13.096572,0 days 00:00:03.839874,0.8567500891789055,0.06671323922974354,COMPLETE
74,74,-0.37537890047481676,2024-09-28 20:52:13.097600,2024-09-28 20:52:17.448031,0 days 00:00:04.350431,0.8259182892063428,0.04471421242942592,COMPLETE
75,75,-0.523404303361006,2024-09-28 20:52:17.449225,2024-09-28 20:52:20.854702,0 days 00:00:03.405477,0.926686064429892,0.09689266861935533,COMPLETE
76,76,-0.5451476959653242,2024-09-28 20:52:20.855783,2024-09-28 20:52:23.121313,0 days 00:00:02.265530,0.8973968777850564,0.9122783274972543,COMPLETE
77,77,-0.3610623075147439,2024-09-28 20:52:23.122371,2024-09-28 20:52:27.430088,0 days 00:00:04.307717,0.6970657491095408,0.04193293289808881,COMPLETE
78,78,-0.60888989739219,2024-09-28 20:52:27.431083,2024-09-28 20:52:29.716760,0 days 00:00:02.285677,0.9826204543085693,0.5624424640367351,COMPLETE
79,79,-0.5985406279226134,2024-09-28 20:52:29.717759,2024-09-28 20:52:32.039037,0 days 00:00:02.321278,0.804916556771046,0.7244040927924303,COMPLETE
80,80,-0.4395183805951113,2024-09-28 20:52:32.039987,2024-09-28 20:52:36.746442,0 days 00:00:04.706455,0.17213294609875213,0.07757130431511144,COMPLETE
81,81,-0.20582795448852834,2024-09-28 20:52:36.747767,2024-09-28 20:52:41.967332,0 days 00:00:05.219565,0.8404478347265177,0.01602847595462864,COMPLETE
82,82,-0.31046125292587023,2024-09-28 20:52:41.968344,2024-09-28 20:52:46.860927,0 days 00:00:04.892583,0.7450790341947005,0.031145969714150987,COMPLETE
83,83,-0.4336629830649155,2024-09-28 20:52:46.861993,2024-09-28 20:52:50.970463,0 days 00:00:04.108470,0.7714440094626802,0.0625774485124422,COMPLETE
84,84,-0.14757534015122628,2024-09-28 20:52:50.971570,2024-09-28 20:52:56.416541,0 days 00:00:05.444971,0.8777524623721863,0.010386158609807487,COMPLETE
85,85,-0.4799802981499406,2024-09-28 20:52:56.417492,2024-09-28 20:53:00.072292,0 days 00:00:03.654800,0.9237129033622516,0.0779029981070758,COMPLETE
86,86,-0.5620704242664121,2024-09-28 20:53:00.073352,2024-09-28 20:53:03.252537,0 days 00:00:03.179185,0.8882249065593665,0.13057869697153376,COMPLETE
87,87,-0.1745197674782824,2024-09-28 20:53:03.253563,2024-09-28 20:53:08.627520,0 days 00:00:05.373957,0.9480950536126276,0.012857504674717012,COMPLETE
88,88,-0.6119271867876046,2024-09-28 20:53:08.628854,2024-09-28 20:53:11.564294,0 days 00:00:02.935440,0.948144576972542,0.1816309651624419,COMPLETE
89,89,-0.35949108296884225,2024-09-28 20:53:11.565328,2024-09-28 20:53:15.915488,0 days 00:00:04.350160,0.9719746573825122,0.03940185580355621,COMPLETE
90,90,-0.5039216959493643,2024-09-28 20:53:15.916456,2024-09-28 20:53:19.815470,0 days 00:00:03.899014,0.2961362410786487,0.10601723036756418,COMPLETE
91,91,-0.426887713189286,2024-09-28 20:53:19.816573,2024-09-28 20:53:23.994115,0 days 00:00:04.177542,0.8589451911293875,0.05875364310745204,COMPLETE
92,92,-0.18428730280586933,2024-09-28 20:53:23.995110,2024-09-28 20:53:29.215328,0 days 00:00:05.220218,0.911426509395487,0.013639054465622202,COMPLETE
93,93,-0.35310757840347284,2024-09-28 20:53:29.216361,2024-09-28 20:53:33.745272,0 days 00:00:04.528911,0.8865756555091521,0.039221202899708686,COMPLETE
94,94,-0.4888480613263699,2024-09-28 20:53:33.746540,2024-09-28 20:53:37.367941,0 days 00:00:03.621401,0.9394038859362058,0.08295530794627015,COMPLETE
95,95,-0.6474246698044521,2024-09-28 20:53:37.368981,2024-09-28 20:53:39.931976,0 days 00:00:02.562995,0.8460530476680285,0.33422487367219866,COMPLETE
96,96,-0.41746810498808434,2024-09-28 20:53:39.933238,2024-09-28 20:53:44.260303,0 days 00:00:04.327065,0.42116423175887546,0.05926145471403739,COMPLETE
97,97,-0.5769222785559958,2024-09-28 20:53:44.261263,2024-09-28 20:53:47.338985,0 days 00:00:03.077722,0.817342143125473,0.14394723510010599,COMPLETE
98,98,-0.17130923190200267,2024-09-28 20:53:47.339927,2024-09-28 20:53:52.672729,0 days 00:00:05.332802,0.5847209800470985,0.01279108938035349,COMPLETE
99,99,-0.34187629208033127,2024-09-28 20:53:52.673676,2024-09-28 20:53:57.080904,0 days 00:00:04.407228,0.5893519853913722,0.038041388723647575,COMPLETE
100,100,-0.5362177841746227,2024-09-28 20:53:57.082085,2024-09-28 20:54:00.595227,0 days 00:00:03.513142,0.5692909215494839,0.10884611543377273,COMPLETE
101,101,-0.17624833154074743,2024-09-28 20:54:00.596306,2024-09-28 20:54:05.964501,0 days 00:00:05.368195,0.6429625646687375,0.013634435505112454,COMPLETE
102,102,-0.29152395248708624,2024-09-28 20:54:05.965547,2024-09-28 20:54:10.650735,0 days 00:00:04.685188,0.6301598826729605,0.02819220107039587,COMPLETE
103,103,-0.42655831561137153,2024-09-28 20:54:10.651788,2024-09-28 20:54:14.851631,0 days 00:00:04.199843,0.504736927149692,0.060442920521702664,COMPLETE
104,104,-0.17058190138499574,2024-09-28 20:54:14.852602,2024-09-28 20:54:20.356492,0 days 00:00:05.503890,0.6465340591346337,0.012746495101738583,COMPLETE
105,105,-0.14603476775399327,2024-09-28 20:54:20.357544,2024-09-28 20:54:25.786233,0 days 00:00:05.428689,0.6742772414481581,0.01044162901488637,COMPLETE
106,106,-0.4930339009543,2024-09-28 20:54:25.787303,2024-09-28 20:54:29.309752,0 days 00:00:03.522449,0.6807916237949494,0.0875910457795496,COMPLETE
107,107,-0.40704719221101726,2024-09-28 20:54:29.310723,2024-09-28 20:54:33.611025,0 days 00:00:04.300302,0.5387969067441598,0.05583408242558365,COMPLETE
108,108,-0.3332581783557048,2024-09-28 20:54:33.612008,2024-09-28 20:54:38.456459,0 days 00:00:04.844451,0.6108442171465139,0.03616545206687861,COMPLETE
109,109,-0.32338761068709165,2024-09-28 20:54:38.457611,2024-09-28 20:54:43.122034,0 days 00:00:04.664423,0.7226652268456194,0.03341908664801745,COMPLETE
110,110,-0.4517009162118486,2024-09-28 20:54:43.122996,2024-09-28 20:54:47.106101,0 days 00:00:03.983105,0.6458319182902592,0.06894771183113521,COMPLETE
111,111,-0.16628281513677381,2024-09-28 20:54:47.107166,2024-09-28 20:54:52.609539,0 days 00:00:05.502373,0.9594715202970563,0.012044594989762078,COMPLETE
112,112,-0.29078565832665554,2024-09-28 20:54:52.610721,2024-09-28 20:54:57.837496,0 days 00:00:05.226775,0.5974552565397447,0.02824590456028597,COMPLETE
113,113,-0.14580041928264859,2024-09-28 20:54:57.838525,2024-09-28 20:55:03.802071,0 days 00:00:05.963546,0.574365881978154,0.010462177705566136,COMPLETE
114,114,-0.4830014600358786,2024-09-28 20:55:03.803468,2024-09-28 20:55:07.649412,0 days 00:00:03.845944,0.8756050887440423,0.08017543427116743,COMPLETE
115,115,-0.40432068677812805,2024-09-28 20:55:07.650792,2024-09-28 20:55:12.400564,0 days 00:00:04.749772,0.6880349436548365,0.05294482818677956,COMPLETE
116,116,-0.5221039294793204,2024-09-28 20:55:12.401558,2024-09-28 20:55:16.148012,0 days 00:00:03.746454,0.7866346370903349,0.1018531388013022,COMPLETE
117,117,-0.3157252825215231,2024-09-28 20:55:16.149120,2024-09-28 20:55:20.675387,0 days 00:00:04.526267,0.910273602879889,0.031523527865940794,COMPLETE
118,118,-0.3968005633057788,2024-09-28 20:55:20.676409,2024-09-28 20:55:24.919420,0 days 00:00:04.243011,0.552558242206576,0.05143938217386202,COMPLETE
119,119,-0.5511607289856932,2024-09-28 20:55:24.920324,2024-09-28 20:55:28.280359,0 days 00:00:03.360035,0.7170158436234724,0.11955120724789636,COMPLETE
120,120,-0.6425974108599322,2024-09-28 20:55:28.281380,2024-09-28 20:55:30.736982,0 days 00:00:02.455602,0.6288440403666826,0.48261279951320546,COMPLETE
121,121,-0.143934432203706,2024-09-28 20:55:30.738113,2024-09-28 20:55:36.359917,0 days 00:00:05.621804,0.5865411542531327,0.010289035145702912,COMPLETE
122,122,-0.1500189892134603,2024-09-28 20:55:36.361361,2024-09-28 20:55:41.813674,0 days 00:00:05.452313,0.5317508682256061,0.01092736632067616,COMPLETE
123,123,-0.14751037837006167,2024-09-28 20:55:41.814752,2024-09-28 20:55:47.242565,0 days 00:00:05.427813,0.5188902835705252,0.010851726795007729,COMPLETE
124,124,-0.31596104433953837,2024-09-28 20:55:47.243510,2024-09-28 20:55:51.928801,0 days 00:00:04.685291,0.44688521010082505,0.03374617710418136,COMPLETE
125,125,-0.45657846150132797,2024-09-28 20:55:51.929823,2024-09-28 20:55:55.874973,0 days 00:00:03.945150,0.522412482161018,0.07314362159996932,COMPLETE
126,126,-0.412269697780511,2024-09-28 20:55:55.875946,2024-09-28 20:55:59.998055,0 days 00:00:04.122109,0.4884323635823169,0.05598503356837961,COMPLETE
127,127,-0.48303406559023204,2024-09-28 20:55:59.999019,2024-09-28 20:56:03.741973,0 days 00:00:03.742954,0.5111553911589999,0.08587111896500607,COMPLETE
128,128,-0.3123622640325674,2024-09-28 20:56:03.742947,2024-09-28 20:56:08.427023,0 days 00:00:04.684076,0.5550527551207213,0.032140577920212327,COMPLETE
129,129,-0.3802686704427214,2024-09-28 20:56:08.428062,2024-09-28 20:56:12.686463,0 days 00:00:04.258401,0.574910292611857,0.04819987757617265,COMPLETE
130,130,-0.14892525074299146,2024-09-28 20:56:12.687525,2024-09-28 20:56:18.067112,0 days 00:00:05.379587,0.5400012666719928,0.01077122547701926,COMPLETE
131,131,-0.15946085471625823,2024-09-28 20:56:18.068217,2024-09-28 20:56:23.469899,0 days 00:00:05.401682,0.5353272506326753,0.011782499893117415,COMPLETE
132,132,-0.1389313905524626,2024-09-28 20:56:23.470854,2024-09-28 20:56:28.930810,0 days 00:00:05.459956,0.4678741718721685,0.010159904642529628,COMPLETE
133,133,-0.29478598049049826,2024-09-28 20:56:28.931800,2024-09-28 20:56:33.771661,0 days 00:00:04.839861,0.4604245959602077,0.029390383272850283,COMPLETE
134,134,-0.4435896663919444,2024-09-28 20:56:33.772746,2024-09-28 20:56:37.886464,0 days 00:00:04.113718,0.5301174903163335,0.06671998734536694,COMPLETE
135,135,-0.37472666426058954,2024-09-28 20:56:37.887414,2024-09-28 20:56:42.406977,0 days 00:00:04.519563,0.42847848734580124,0.04678196706212956,COMPLETE
136,136,-0.1683144337569335,2024-09-28 20:56:42.408421,2024-09-28 20:56:48.025838,0 days 00:00:05.617417,0.48938248594961375,0.01283950317340976,COMPLETE
137,137,-0.13894824023788996,2024-09-28 20:56:48.026781,2024-09-28 20:56:53.818969,0 days 00:00:05.792188,0.38339352231768037,0.010308759335311245,COMPLETE
138,138,-0.4985015302680522,2024-09-28 20:56:53.820054,2024-09-28 20:56:57.855143,0 days 00:00:04.035089,0.38640271638248996,0.09654825828625378,COMPLETE
139,139,-0.32872415168714564,2024-09-28 20:56:57.856109,2024-09-28 20:57:02.867013,0 days 00:00:05.010904,0.3814206077575756,0.03680901498669691,COMPLETE
140,140,-0.452261845515067,2024-09-28 20:57:02.868038,2024-09-28 20:57:06.969902,0 days 00:00:04.101864,0.5042726525382497,0.07014387518509914,COMPLETE
141,141,-0.17166908776765194,2024-09-28 20:57:06.971073,2024-09-28 20:57:12.497132,0 days 00:00:05.526059,0.5573523109868028,0.013128109173363312,COMPLETE
142,142,-0.14827683471554104,2024-09-28 20:57:12.498194,2024-09-28 20:57:18.265294,0 days 00:00:05.767100,0.3293863688441482,0.011271121123732537,COMPLETE
