,number,value,datetime_start,datetime_complete,duration,params_alpha_actor,params_alpha_critic,system_attrs_grid_id,system_attrs_search_space,state
23,23,2.3894641734915227,2024-09-29 00:36:47.102921,2024-09-29 00:36:50.195339,0 days 00:00:03.092418,0.8957894736842106,0.21842105263157896,23,"{'alpha_actor': [0.01, 0.06210526315789474, 0.11421052631578947, 0.16631578947368422, 0.21842105263157896, 0.2705263157894737, 0.32263157894736844, 0.37473684210526315, 0.4268421052631579, 0.4789473684210527, 0.5310526315789474, 0.5831578947368421, 0.6352631578947369, 0.6873684210526316, 0.7394736842105263, 0.791578947368421, 0.8436842105263158, 0.8957894736842106, 0.9478947368421053, 1.0], 'alpha_critic': [0.01, 0.06210526315789474, 0.11421052631578947, 0.16631578947368422, 0.21842105263157896, 0.2705263157894737, 0.32263157894736844, 0.37473684210526315, 0.4268421052631579, 0.4789473684210527, 0.5310526315789474, 0.5831578947368421, 0.6352631578947369, 0.6873684210526316, 0.7394736842105263, 0.791578947368421, 0.8436842105263158, 0.8957894736842106, 0.9478947368421053, 1.0]}",COMPLETE
24,24,2.8436627723991355,2024-09-29 00:36:50.196396,2024-09-29 00:36:53.027879,0 days 00:00:02.831483,0.4268421052631579,0.791578947368421,24,"{'alpha_actor': [0.01, 0.06210526315789474, 0.11421052631578947, 0.16631578947368422, 0.21842105263157896, 0.2705263157894737, 0.32263157894736844, 0.37473684210526315, 0.4268421052631579, 0.4789473684210527, 0.5310526315789474, 0.5831578947368421, 0.6352631578947369, 0.6873684210526316, 0.7394736842105263, 0.791578947368421, 0.8436842105263158, 0.8957894736842106, 0.9478947368421053, 1.0], 'alpha_critic': [0.01, 0.06210526315789474, 0.11421052631578947, 0.16631578947368422, 0.21842105263157896, 0.2705263157894737, 0.32263157894736844, 0.37473684210526315, 0.4268421052631579, 0.4789473684210527, 0.5310526315789474, 0.5831578947368421, 0.6352631578947369, 0.6873684210526316, 0.7394736842105263, 0.791578947368421, 0.8436842105263158, 0.8957894736842106, 0.9478947368421053, 1.0]}",COMPLETE
25,25,2.8649406908142963,2024-09-29 00:36:53.028953,2024-09-29 00:36:55.546086,0 days 00:00:02.517133,0.791578947368421,0.6873684210526316,25,"{'alpha_actor': [0.01, 0.06210526315789474, 0.11421052631578947, 0.16631578947368422, 0.21842105263157896, 0.2705263157894737, 0.32263157894736844, 0.37473684210526315, 0.4268421052631579, 0.4789473684210527, 0.5310526315789474, 0.5831578947368421, 0.6352631578947369, 0.6873684210526316, 0.7394736842105263, 0.791578947368421, 0.8436842105263158, 0.8957894736842106, 0.9478947368421053, 1.0], 'alpha_critic': [0.01, 0.06210526315789474, 0.11421052631578947, 0.16631578947368422, 0.21842105263157896, 0.2705263157894737, 0.32263157894736844, 0.37473684210526315, 0.4268421052631579, 0.4789473684210527, 0.5310526315789474, 0.5831578947368421, 0.6352631578947369, 0.6873684210526316, 0.7394736842105263, 0.791578947368421, 0.8436842105263158, 0.8957894736842106, 0.9478947368421053, 1.0]}",COMPLETE
26,26,2.7349176335176772,2024-09-29 00:36:55.547125,2024-09-29 00:36:58.868649,0 days 00:00:03.321524,0.16631578947368422,0.9478947368421053,26,"{'alpha_actor': [0.01, 0.06210526315789474, 0.11421052631578947, 0.16631578947368422, 0.21842105263157896, 0.2705263157894737, 0.32263157894736844, 0.37473684210526315, 0.4268421052631579, 0.4789473684210527, 0.5310526315789474, 0.5831578947368421, 0.6352631578947369, 0.6873684210526316, 0.7394736842105263, 0.791578947368421, 0.8436842105263158, 0.8957894736842106, 0.9478947368421053, 1.0], 'alpha_critic': [0.01, 0.06210526315789474, 0.11421052631578947, 0.16631578947368422, 0.21842105263157896, 0.2705263157894737, 0.32263157894736844, 0.37473684210526315, 0.4268421052631579, 0.4789473684210527, 0.5310526315789474, 0.5831578947368421, 0.6352631578947369, 0.6873684210526316, 0.7394736842105263, 0.791578947368421, 0.8436842105263158, 0.8957894736842106, 0.9478947368421053, 1.0]}",COMPLETE
27,27,1.7047741774780731,2024-09-29 00:36:58.869652,2024-09-29 00:37:05.676421,0 days 00:00:06.806769,0.01,0.791578947368421,27,"{'alpha_actor': [0.01, 0.06210526315789474, 0.11421052631578947, 0.16631578947368422, 0.21842105263157896, 0.2705263157894737, 0.32263157894736844, 0.37473684210526315, 0.4268421052631579, 0.4789473684210527, 0.5310526315789474, 0.5831578947368421, 0.6352631578947369, 0.6873684210526316, 0.7394736842105263, 0.791578947368421, 0.8436842105263158, 0.8957894736842106, 0.9478947368421053, 1.0], 'alpha_critic': [0.01, 0.06210526315789474, 0.11421052631578947, 0.16631578947368422, 0.21842105263157896, 0.2705263157894737, 0.32263157894736844, 0.37473684210526315, 0.4268421052631579, 0.4789473684210527, 0.5310526315789474, 0.5831578947368421, 0.6352631578947369, 0.6873684210526316, 0.7394736842105263, 0.791578947368421, 0.8436842105263158, 0.8957894736842106, 0.9478947368421053, 1.0]}",COMPLETE
28,28,2.6040407721488186,2024-09-29 00:37:05.677379,2024-09-29 00:37:08.560936,0 days 00:00:02.883557,0.7394736842105263,0.32263157894736844,28,"{'alpha_actor': [0.01, 0.06210526315789474, 0.11421052631578947, 0.16631578947368422, 0.21842105263157896, 0.2705263157894737, 0.32263157894736844, 0.37473684210526315, 0.4268421052631579, 0.4789473684210527, 0.5310526315789474, 0.5831578947368421, 0.6352631578947369, 0.6873684210526316, 0.7394736842105263, 0.791578947368421, 0.8436842105263158, 0.8957894736842106, 0.9478947368421053, 1.0], 'alpha_critic': [0.01, 0.06210526315789474, 0.11421052631578947, 0.16631578947368422, 0.21842105263157896, 0.2705263157894737, 0.32263157894736844, 0.37473684210526315, 0.4268421052631579, 0.4789473684210527, 0.5310526315789474, 0.5831578947368421, 0.6352631578947369, 0.6873684210526316, 0.7394736842105263, 0.791578947368421, 0.8436842105263158, 0.8957894736842106, 0.9478947368421053, 1.0]}",COMPLETE
29,29,1.8795852058903497,2024-09-29 00:37:08.562114,2024-09-29 00:37:13.172584,0 days 00:00:04.610470,0.2705263157894737,0.11421052631578947,29,"{'alpha_actor': [0.01, 0.06210526315789474, 0.11421052631578947, 0.16631578947368422, 0.21842105263157896, 0.2705263157894737, 0.32263157894736844, 0.37473684210526315, 0.4268421052631579, 0.4789473684210527, 0.5310526315789474, 0.5831578947368421, 0.6352631578947369, 0.6873684210526316, 0.7394736842105263, 0.791578947368421, 0.8436842105263158, 0.8957894736842106, 0.9478947368421053, 1.0], 'alpha_critic': [0.01, 0.06210526315789474, 0.11421052631578947, 0.16631578947368422, 0.21842105263157896, 0.2705263157894737, 0.32263157894736844, 0.37473684210526315, 0.4268421052631579, 0.4789473684210527, 0.5310526315789474, 0.5831578947368421, 0.6352631578947369, 0.6873684210526316, 0.7394736842105263, 0.791578947368421, 0.8436842105263158, 0.8957894736842106, 0.9478947368421053, 1.0]}",COMPLETE
30,30,2.7568847306658175,2024-09-29 00:37:13.173548,2024-09-29 00:37:16.034042,0 days 00:00:02.860494,0.4268421052631579,0.5310526315789474,30,"{'alpha_actor': [0.01, 0.06210526315789474, 0.11421052631578947, 0.16631578947368422, 0.21842105263157896, 0.2705263157894737, 0.32263157894736844, 0.37473684210526315, 0.4268421052631579, 0.4789473684210527, 0.5310526315789474, 0.5831578947368421, 0.6352631578947369, 0.6873684210526316, 0.7394736842105263, 0.791578947368421, 0.8436842105263158, 0.8957894736842106, 0.9478947368421053, 1.0], 'alpha_critic': [0.01, 0.06210526315789474, 0.11421052631578947, 0.16631578947368422, 0.21842105263157896, 0.2705263157894737, 0.32263157894736844, 0.37473684210526315, 0.4268421052631579, 0.4789473684210527, 0.5310526315789474, 0.5831578947368421, 0.6352631578947369, 0.6873684210526316, 0.7394736842105263, 0.791578947368421, 0.8436842105263158, 0.8957894736842106, 0.9478947368421053, 1.0]}",COMPLETE
31,31,2.2237680467021748,2024-09-29 00:37:16.035055,2024-09-29 00:37:19.459704,0 days 00:00:03.424649,0.791578947368421,0.16631578947368422,31,"{'alpha_actor': [0.01, 0.06210526315789474, 0.11421052631578947, 0.16631578947368422, 0.21842105263157896, 0.2705263157894737, 0.32263157894736844, 0.37473684210526315, 0.4268421052631579, 0.4789473684210527, 0.5310526315789474, 0.5831578947368421, 0.6352631578947369, 0.6873684210526316, 0.7394736842105263, 0.791578947368421, 0.8436842105263158, 0.8957894736842106, 0.9478947368421053, 1.0], 'alpha_critic': [0.01, 0.06210526315789474, 0.11421052631578947, 0.16631578947368422, 0.21842105263157896, 0.2705263157894737, 0.32263157894736844, 0.37473684210526315, 0.4268421052631579, 0.4789473684210527, 0.5310526315789474, 0.5831578947368421, 0.6352631578947369, 0.6873684210526316, 0.7394736842105263, 0.791578947368421, 0.8436842105263158, 0.8957894736842106, 0.9478947368421053, 1.0]}",COMPLETE
32,32,2.890440610855118,2024-09-29 00:37:19.460848,2024-09-29 00:37:21.863693,0 days 00:00:02.402845,0.8436842105263158,0.7394736842105263,32,"{'alpha_actor': [0.01, 0.06210526315789474, 0.11421052631578947, 0.16631578947368422, 0.21842105263157896, 0.2705263157894737, 0.32263157894736844, 0.37473684210526315, 0.4268421052631579, 0.4789473684210527, 0.5310526315789474, 0.5831578947368421, 0.6352631578947369, 0.6873684210526316, 0.7394736842105263, 0.791578947368421, 0.8436842105263158, 0.8957894736842106, 0.9478947368421053, 1.0], 'alpha_critic': [0.01, 0.06210526315789474, 0.11421052631578947, 0.16631578947368422, 0.21842105263157896, 0.2705263157894737, 0.32263157894736844, 0.37473684210526315, 0.4268421052631579, 0.4789473684210527, 0.5310526315789474, 0.5831578947368421, 0.6352631578947369, 0.6873684210526316, 0.7394736842105263, 0.791578947368421, 0.8436842105263158, 0.8957894736842106, 0.9478947368421053, 1.0]}",COMPLETE
33,33,2.516711027266699,2024-09-29 00:37:21.864813,2024-09-29 00:37:24.891004,0 days 00:00:03.026191,0.5831578947368421,0.2705263157894737,33,"{'alpha_actor': [0.01, 0.06210526315789474, 0.11421052631578947, 0.16631578947368422, 0.21842105263157896, 0.2705263157894737, 0.32263157894736844, 0.37473684210526315, 0.4268421052631579, 0.4789473684210527, 0.5310526315789474, 0.5831578947368421, 0.6352631578947369, 0.6873684210526316, 0.7394736842105263, 0.791578947368421, 0.8436842105263158, 0.8957894736842106, 0.9478947368421053, 1.0], 'alpha_critic': [0.01, 0.06210526315789474, 0.11421052631578947, 0.16631578947368422, 0.21842105263157896, 0.2705263157894737, 0.32263157894736844, 0.37473684210526315, 0.4268421052631579, 0.4789473684210527, 0.5310526315789474, 0.5831578947368421, 0.6352631578947369, 0.6873684210526316, 0.7394736842105263, 0.791578947368421, 0.8436842105263158, 0.8957894736842106, 0.9478947368421053, 1.0]}",COMPLETE
34,34,2.3302107372739282,2024-09-29 00:37:24.892065,2024-09-29 00:37:28.965227,0 days 00:00:04.073162,0.16631578947368422,0.2705263157894737,34,"{'alpha_actor': [0.01, 0.06210526315789474, 0.11421052631578947, 0.16631578947368422, 0.21842105263157896, 0.2705263157894737, 0.32263157894736844, 0.37473684210526315, 0.4268421052631579, 0.4789473684210527, 0.5310526315789474, 0.5831578947368421, 0.6352631578947369, 0.6873684210526316, 0.7394736842105263, 0.791578947368421, 0.8436842105263158, 0.8957894736842106, 0.9478947368421053, 1.0], 'alpha_critic': [0.01, 0.06210526315789474, 0.11421052631578947, 0.16631578947368422, 0.21842105263157896, 0.2705263157894737, 0.32263157894736844, 0.37473684210526315, 0.4268421052631579, 0.4789473684210527, 0.5310526315789474, 0.5831578947368421, 0.6352631578947369, 0.6873684210526316, 0.7394736842105263, 0.791578947368421, 0.8436842105263158, 0.8957894736842106, 0.9478947368421053, 1.0]}",COMPLETE
35,35,2.7052414935597904,2024-09-29 00:37:28.966264,2024-09-29 00:37:32.497284,0 days 00:00:03.531020,0.16631578947368422,0.8436842105263158,35,"{'alpha_actor': [0.01, 0.06210526315789474, 0.11421052631578947, 0.16631578947368422, 0.21842105263157896, 0.2705263157894737, 0.32263157894736844, 0.37473684210526315, 0.4268421052631579, 0.4789473684210527, 0.5310526315789474, 0.5831578947368421, 0.6352631578947369, 0.6873684210526316, 0.7394736842105263, 0.791578947368421, 0.8436842105263158, 0.8957894736842106, 0.9478947368421053, 1.0], 'alpha_critic': [0.01, 0.06210526315789474, 0.11421052631578947, 0.16631578947368422, 0.21842105263157896, 0.2705263157894737, 0.32263157894736844, 0.37473684210526315, 0.4268421052631579, 0.4789473684210527, 0.5310526315789474, 0.5831578947368421, 0.6352631578947369, 0.6873684210526316, 0.7394736842105263, 0.791578947368421, 0.8436842105263158, 0.8957894736842106, 0.9478947368421053, 1.0]}",COMPLETE
36,36,2.6649152898340254,2024-09-29 00:37:32.498304,2024-09-29 00:37:35.812695,0 days 00:00:03.314391,0.21842105263157896,0.5310526315789474,36,"{'alpha_actor': [0.01, 0.06210526315789474, 0.11421052631578947, 0.16631578947368422, 0.21842105263157896, 0.2705263157894737, 0.32263157894736844, 0.37473684210526315, 0.4268421052631579, 0.4789473684210527, 0.5310526315789474, 0.5831578947368421, 0.6352631578947369, 0.6873684210526316, 0.7394736842105263, 0.791578947368421, 0.8436842105263158, 0.8957894736842106, 0.9478947368421053, 1.0], 'alpha_critic': [0.01, 0.06210526315789474, 0.11421052631578947, 0.16631578947368422, 0.21842105263157896, 0.2705263157894737, 0.32263157894736844, 0.37473684210526315, 0.4268421052631579, 0.4789473684210527, 0.5310526315789474, 0.5831578947368421, 0.6352631578947369, 0.6873684210526316, 0.7394736842105263, 0.791578947368421, 0.8436842105263158, 0.8957894736842106, 0.9478947368421053, 1.0]}",COMPLETE
37,37,2.823172887541916,2024-09-29 00:37:35.813698,2024-09-29 00:37:38.634187,0 days 00:00:02.820489,0.4268421052631579,0.6873684210526316,37,"{'alpha_actor': [0.01, 0.06210526315789474, 0.11421052631578947, 0.16631578947368422, 0.21842105263157896, 0.2705263157894737, 0.32263157894736844, 0.37473684210526315, 0.4268421052631579, 0.4789473684210527, 0.5310526315789474, 0.5831578947368421, 0.6352631578947369, 0.6873684210526316, 0.7394736842105263, 0.791578947368421, 0.8436842105263158, 0.8957894736842106, 0.9478947368421053, 1.0], 'alpha_critic': [0.01, 0.06210526315789474, 0.11421052631578947, 0.16631578947368422, 0.21842105263157896, 0.2705263157894737, 0.32263157894736844, 0.37473684210526315, 0.4268421052631579, 0.4789473684210527, 0.5310526315789474, 0.5831578947368421, 0.6352631578947369, 0.6873684210526316, 0.7394736842105263, 0.791578947368421, 0.8436842105263158, 0.8957894736842106, 0.9478947368421053, 1.0]}",COMPLETE
38,38,2.8824256423757624,2024-09-29 00:37:38.635270,2024-09-29 00:37:41.431633,0 days 00:00:02.796363,0.4268421052631579,1.0,38,"{'alpha_actor': [0.01, 0.06210526315789474, 0.11421052631578947, 0.16631578947368422, 0.21842105263157896, 0.2705263157894737, 0.32263157894736844, 0.37473684210526315, 0.4268421052631579, 0.4789473684210527, 0.5310526315789474, 0.5831578947368421, 0.6352631578947369, 0.6873684210526316, 0.7394736842105263, 0.791578947368421, 0.8436842105263158, 0.8957894736842106, 0.9478947368421053, 1.0], 'alpha_critic': [0.01, 0.06210526315789474, 0.11421052631578947, 0.16631578947368422, 0.21842105263157896, 0.2705263157894737, 0.32263157894736844, 0.37473684210526315, 0.4268421052631579, 0.4789473684210527, 0.5310526315789474, 0.5831578947368421, 0.6352631578947369, 0.6873684210526316, 0.7394736842105263, 0.791578947368421, 0.8436842105263158, 0.8957894736842106, 0.9478947368421053, 1.0]}",COMPLETE
39,39,2.778454481155728,2024-09-29 00:37:41.432598,2024-09-29 00:37:44.572034,0 days 00:00:03.139436,1.0,1.0,39,"{'alpha_actor': [0.01, 0.06210526315789474, 0.11421052631578947, 0.16631578947368422, 0.21842105263157896, 0.2705263157894737, 0.32263157894736844, 0.37473684210526315, 0.4268421052631579, 0.4789473684210527, 0.5310526315789474, 0.5831578947368421, 0.6352631578947369, 0.6873684210526316, 0.7394736842105263, 0.791578947368421, 0.8436842105263158, 0.8957894736842106, 0.9478947368421053, 1.0], 'alpha_critic': [0.01, 0.06210526315789474, 0.11421052631578947, 0.16631578947368422, 0.21842105263157896, 0.2705263157894737, 0.32263157894736844, 0.37473684210526315, 0.4268421052631579, 0.4789473684210527, 0.5310526315789474, 0.5831578947368421, 0.6352631578947369, 0.6873684210526316, 0.7394736842105263, 0.791578947368421, 0.8436842105263158, 0.8957894736842106, 0.9478947368421053, 1.0]}",COMPLETE
40,40,0.39586708773421536,2024-09-29 00:37:44.573034,2024-09-29 00:37:51.310096,0 days 00:00:06.737062,0.2705263157894737,0.01,40,"{'alpha_actor': [0.01, 0.06210526315789474, 0.11421052631578947, 0.16631578947368422, 0.21842105263157896, 0.2705263157894737, 0.32263157894736844, 0.37473684210526315, 0.4268421052631579, 0.4789473684210527, 0.5310526315789474, 0.5831578947368421, 0.6352631578947369, 0.6873684210526316, 0.7394736842105263, 0.791578947368421, 0.8436842105263158, 0.8957894736842106, 0.9478947368421053, 1.0], 'alpha_critic': [0.01, 0.06210526315789474, 0.11421052631578947, 0.16631578947368422, 0.21842105263157896, 0.2705263157894737, 0.32263157894736844, 0.37473684210526315, 0.4268421052631579, 0.4789473684210527, 0.5310526315789474, 0.5831578947368421, 0.6352631578947369, 0.6873684210526316, 0.7394736842105263, 0.791578947368421, 0.8436842105263158, 0.8957894736842106, 0.9478947368421053, 1.0]}",COMPLETE
41,41,1.961264759045624,2024-09-29 00:37:51.311207,2024-09-29 00:37:55.091695,0 days 00:00:03.780488,0.8436842105263158,0.11421052631578947,41,"{'alpha_actor': [0.01, 0.06210526315789474, 0.11421052631578947, 0.16631578947368422, 0.21842105263157896, 0.2705263157894737, 0.32263157894736844, 0.37473684210526315, 0.4268421052631579, 0.4789473684210527, 0.5310526315789474, 0.5831578947368421, 0.6352631578947369, 0.6873684210526316, 0.7394736842105263, 0.791578947368421, 0.8436842105263158, 0.8957894736842106, 0.9478947368421053, 1.0], 'alpha_critic': [0.01, 0.06210526315789474, 0.11421052631578947, 0.16631578947368422, 0.21842105263157896, 0.2705263157894737, 0.32263157894736844, 0.37473684210526315, 0.4268421052631579, 0.4789473684210527, 0.5310526315789474, 0.5831578947368421, 0.6352631578947369, 0.6873684210526316, 0.7394736842105263, 0.791578947368421, 0.8436842105263158, 0.8957894736842106, 0.9478947368421053, 1.0]}",COMPLETE
42,42,1.4965620625408755,2024-09-29 00:37:55.092676,2024-09-29 00:38:01.890379,0 days 00:00:06.797703,0.01,0.32263157894736844,42,"{'alpha_actor': [0.01, 0.06210526315789474, 0.11421052631578947, 0.16631578947368422, 0.21842105263157896, 0.2705263157894737, 0.32263157894736844, 0.37473684210526315, 0.4268421052631579, 0.4789473684210527, 0.5310526315789474, 0.5831578947368421, 0.6352631578947369, 0.6873684210526316, 0.7394736842105263, 0.791578947368421, 0.8436842105263158, 0.8957894736842106, 0.9478947368421053, 1.0], 'alpha_critic': [0.01, 0.06210526315789474, 0.11421052631578947, 0.16631578947368422, 0.21842105263157896, 0.2705263157894737, 0.32263157894736844, 0.37473684210526315, 0.4268421052631579, 0.4789473684210527, 0.5310526315789474, 0.5831578947368421, 0.6352631578947369, 0.6873684210526316, 0.7394736842105263, 0.791578947368421, 0.8436842105263158, 0.8957894736842106, 0.9478947368421053, 1.0]}",COMPLETE
43,43,1.0380035238651357,2024-09-29 00:38:01.891345,2024-09-29 00:38:09.163370,0 days 00:00:07.272025,0.01,0.06210526315789474,43,"{'alpha_actor': [0.01, 0.06210526315789474, 0.11421052631578947, 0.16631578947368422, 0.21842105263157896, 0.2705263157894737, 0.32263157894736844, 0.37473684210526315, 0.4268421052631579, 0.4789473684210527, 0.5310526315789474, 0.5831578947368421, 0.6352631578947369, 0.6873684210526316, 0.7394736842105263, 0.791578947368421, 0.8436842105263158, 0.8957894736842106, 0.9478947368421053, 1.0], 'alpha_critic': [0.01, 0.06210526315789474, 0.11421052631578947, 0.16631578947368422, 0.21842105263157896, 0.2705263157894737, 0.32263157894736844, 0.37473684210526315, 0.4268421052631579, 0.4789473684210527, 0.5310526315789474, 0.5831578947368421, 0.6352631578947369, 0.6873684210526316, 0.7394736842105263, 0.791578947368421, 0.8436842105263158, 0.8957894736842106, 0.9478947368421053, 1.0]}",COMPLETE
44,44,2.874352650396743,2024-09-29 00:38:09.164435,2024-09-29 00:38:11.821276,0 days 00:00:02.656841,0.7394736842105263,0.8957894736842106,44,"{'alpha_actor': [0.01, 0.06210526315789474, 0.11421052631578947, 0.16631578947368422, 0.21842105263157896, 0.2705263157894737, 0.32263157894736844, 0.37473684210526315, 0.4268421052631579, 0.4789473684210527, 0.5310526315789474, 0.5831578947368421, 0.6352631578947369, 0.6873684210526316, 0.7394736842105263, 0.791578947368421, 0.8436842105263158, 0.8957894736842106, 0.9478947368421053, 1.0], 'alpha_critic': [0.01, 0.06210526315789474, 0.11421052631578947, 0.16631578947368422, 0.21842105263157896, 0.2705263157894737, 0.32263157894736844, 0.37473684210526315, 0.4268421052631579, 0.4789473684210527, 0.5310526315789474, 0.5831578947368421, 0.6352631578947369, 0.6873684210526316, 0.7394736842105263, 0.791578947368421, 0.8436842105263158, 0.8957894736842106, 0.9478947368421053, 1.0]}",COMPLETE
45,45,2.5600910103671737,2024-09-29 00:38:11.822272,2024-09-29 00:38:15.778606,0 days 00:00:03.956334,0.11421052631578947,0.7394736842105263,45,"{'alpha_actor': [0.01, 0.06210526315789474, 0.11421052631578947, 0.16631578947368422, 0.21842105263157896, 0.2705263157894737, 0.32263157894736844, 0.37473684210526315, 0.4268421052631579, 0.4789473684210527, 0.5310526315789474, 0.5831578947368421, 0.6352631578947369, 0.6873684210526316, 0.7394736842105263, 0.791578947368421, 0.8436842105263158, 0.8957894736842106, 0.9478947368421053, 1.0], 'alpha_critic': [0.01, 0.06210526315789474, 0.11421052631578947, 0.16631578947368422, 0.21842105263157896, 0.2705263157894737, 0.32263157894736844, 0.37473684210526315, 0.4268421052631579, 0.4789473684210527, 0.5310526315789474, 0.5831578947368421, 0.6352631578947369, 0.6873684210526316, 0.7394736842105263, 0.791578947368421, 0.8436842105263158, 0.8957894736842106, 0.9478947368421053, 1.0]}",COMPLETE
