,number,value,datetime_start,datetime_complete,duration,params_alpha_actor,params_alpha_critic,system_attrs_grid_id,system_attrs_search_space,state
368,368,-8.05297199598356,2024-09-28 19:11:30.324228,2024-09-28 19:11:32.537009,0 days 00:00:02.212781,0.8436842105263158,0.791578947368421,368,"{'alpha_actor': [0.01, 0.06210526315789474, 0.11421052631578947, 0.16631578947368422, 0.21842105263157896, 0.2705263157894737, 0.32263157894736844, 0.37473684210526315, 0.4268421052631579, 0.4789473684210527, 0.5310526315789474, 0.5831578947368421, 0.6352631578947369, 0.6873684210526316, 0.7394736842105263, 0.791578947368421, 0.8436842105263158, 0.8957894736842106, 0.9478947368421053, 1.0], 'alpha_critic': [0.01, 0.06210526315789474, 0.11421052631578947, 0.16631578947368422, 0.21842105263157896, 0.2705263157894737, 0.32263157894736844, 0.37473684210526315, 0.4268421052631579, 0.4789473684210527, 0.5310526315789474, 0.5831578947368421, 0.6352631578947369, 0.6873684210526316, 0.7394736842105263, 0.791578947368421, 0.8436842105263158, 0.8957894736842106, 0.9478947368421053, 1.0]}",COMPLETE
369,369,-8.754715347744183,2024-09-28 19:11:32.538150,2024-09-28 19:11:34.939072,0 days 00:00:02.400922,0.4789473684210527,0.8957894736842106,369,"{'alpha_actor': [0.01, 0.06210526315789474, 0.11421052631578947, 0.16631578947368422, 0.21842105263157896, 0.2705263157894737, 0.32263157894736844, 0.37473684210526315, 0.4268421052631579, 0.4789473684210527, 0.5310526315789474, 0.5831578947368421, 0.6352631578947369, 0.6873684210526316, 0.7394736842105263, 0.791578947368421, 0.8436842105263158, 0.8957894736842106, 0.9478947368421053, 1.0], 'alpha_critic': [0.01, 0.06210526315789474, 0.11421052631578947, 0.16631578947368422, 0.21842105263157896, 0.2705263157894737, 0.32263157894736844, 0.37473684210526315, 0.4268421052631579, 0.4789473684210527, 0.5310526315789474, 0.5831578947368421, 0.6352631578947369, 0.6873684210526316, 0.7394736842105263, 0.791578947368421, 0.8436842105263158, 0.8957894736842106, 0.9478947368421053, 1.0]}",COMPLETE
370,370,-10.541123382896693,2024-09-28 19:11:34.940269,2024-09-28 19:11:38.216935,0 days 00:00:03.276666,0.6352631578947369,0.16631578947368422,370,"{'alpha_actor': [0.01, 0.06210526315789474, 0.11421052631578947, 0.16631578947368422, 0.21842105263157896, 0.2705263157894737, 0.32263157894736844, 0.37473684210526315, 0.4268421052631579, 0.4789473684210527, 0.5310526315789474, 0.5831578947368421, 0.6352631578947369, 0.6873684210526316, 0.7394736842105263, 0.791578947368421, 0.8436842105263158, 0.8957894736842106, 0.9478947368421053, 1.0], 'alpha_critic': [0.01, 0.06210526315789474, 0.11421052631578947, 0.16631578947368422, 0.21842105263157896, 0.2705263157894737, 0.32263157894736844, 0.37473684210526315, 0.4268421052631579, 0.4789473684210527, 0.5310526315789474, 0.5831578947368421, 0.6352631578947369, 0.6873684210526316, 0.7394736842105263, 0.791578947368421, 0.8436842105263158, 0.8957894736842106, 0.9478947368421053, 1.0]}",COMPLETE
371,371,-10.041114183640259,2024-09-28 19:11:38.218035,2024-09-28 19:11:40.847774,0 days 00:00:02.629739,0.2705263157894737,0.791578947368421,371,"{'alpha_actor': [0.01, 0.06210526315789474, 0.11421052631578947, 0.16631578947368422, 0.21842105263157896, 0.2705263157894737, 0.32263157894736844, 0.37473684210526315, 0.4268421052631579, 0.4789473684210527, 0.5310526315789474, 0.5831578947368421, 0.6352631578947369, 0.6873684210526316, 0.7394736842105263, 0.791578947368421, 0.8436842105263158, 0.8957894736842106, 0.9478947368421053, 1.0], 'alpha_critic': [0.01, 0.06210526315789474, 0.11421052631578947, 0.16631578947368422, 0.21842105263157896, 0.2705263157894737, 0.32263157894736844, 0.37473684210526315, 0.4268421052631579, 0.4789473684210527, 0.5310526315789474, 0.5831578947368421, 0.6352631578947369, 0.6873684210526316, 0.7394736842105263, 0.791578947368421, 0.8436842105263158, 0.8957894736842106, 0.9478947368421053, 1.0]}",COMPLETE
372,372,-9.376784985427138,2024-09-28 19:11:40.848877,2024-09-28 19:11:43.606639,0 days 00:00:02.757762,0.6873684210526316,0.2705263157894737,372,"{'alpha_actor': [0.01, 0.06210526315789474, 0.11421052631578947, 0.16631578947368422, 0.21842105263157896, 0.2705263157894737, 0.32263157894736844, 0.37473684210526315, 0.4268421052631579, 0.4789473684210527, 0.5310526315789474, 0.5831578947368421, 0.6352631578947369, 0.6873684210526316, 0.7394736842105263, 0.791578947368421, 0.8436842105263158, 0.8957894736842106, 0.9478947368421053, 1.0], 'alpha_critic': [0.01, 0.06210526315789474, 0.11421052631578947, 0.16631578947368422, 0.21842105263157896, 0.2705263157894737, 0.32263157894736844, 0.37473684210526315, 0.4268421052631579, 0.4789473684210527, 0.5310526315789474, 0.5831578947368421, 0.6352631578947369, 0.6873684210526316, 0.7394736842105263, 0.791578947368421, 0.8436842105263158, 0.8957894736842106, 0.9478947368421053, 1.0]}",COMPLETE
373,373,-11.613232593389707,2024-09-28 19:11:43.608084,2024-09-28 19:11:46.816766,0 days 00:00:03.208682,0.16631578947368422,0.6352631578947369,373,"{'alpha_actor': [0.01, 0.06210526315789474, 0.11421052631578947, 0.16631578947368422, 0.21842105263157896, 0.2705263157894737, 0.32263157894736844, 0.37473684210526315, 0.4268421052631579, 0.4789473684210527, 0.5310526315789474, 0.5831578947368421, 0.6352631578947369, 0.6873684210526316, 0.7394736842105263, 0.791578947368421, 0.8436842105263158, 0.8957894736842106, 0.9478947368421053, 1.0], 'alpha_critic': [0.01, 0.06210526315789474, 0.11421052631578947, 0.16631578947368422, 0.21842105263157896, 0.2705263157894737, 0.32263157894736844, 0.37473684210526315, 0.4268421052631579, 0.4789473684210527, 0.5310526315789474, 0.5831578947368421, 0.6352631578947369, 0.6873684210526316, 0.7394736842105263, 0.791578947368421, 0.8436842105263158, 0.8957894736842106, 0.9478947368421053, 1.0]}",COMPLETE
374,374,-8.077370793339357,2024-09-28 19:11:46.817858,2024-09-28 19:11:49.090858,0 days 00:00:02.273000,0.8436842105263158,0.6873684210526316,374,"{'alpha_actor': [0.01, 0.06210526315789474, 0.11421052631578947, 0.16631578947368422, 0.21842105263157896, 0.2705263157894737, 0.32263157894736844, 0.37473684210526315, 0.4268421052631579, 0.4789473684210527, 0.5310526315789474, 0.5831578947368421, 0.6352631578947369, 0.6873684210526316, 0.7394736842105263, 0.791578947368421, 0.8436842105263158, 0.8957894736842106, 0.9478947368421053, 1.0], 'alpha_critic': [0.01, 0.06210526315789474, 0.11421052631578947, 0.16631578947368422, 0.21842105263157896, 0.2705263157894737, 0.32263157894736844, 0.37473684210526315, 0.4268421052631579, 0.4789473684210527, 0.5310526315789474, 0.5831578947368421, 0.6352631578947369, 0.6873684210526316, 0.7394736842105263, 0.791578947368421, 0.8436842105263158, 0.8957894736842106, 0.9478947368421053, 1.0]}",COMPLETE
375,375,-15.779954091774062,2024-09-28 19:11:49.092018,2024-09-28 19:11:53.966022,0 days 00:00:04.874004,0.06210526315789474,0.2705263157894737,375,"{'alpha_actor': [0.01, 0.06210526315789474, 0.11421052631578947, 0.16631578947368422, 0.21842105263157896, 0.2705263157894737, 0.32263157894736844, 0.37473684210526315, 0.4268421052631579, 0.4789473684210527, 0.5310526315789474, 0.5831578947368421, 0.6352631578947369, 0.6873684210526316, 0.7394736842105263, 0.791578947368421, 0.8436842105263158, 0.8957894736842106, 0.9478947368421053, 1.0], 'alpha_critic': [0.01, 0.06210526315789474, 0.11421052631578947, 0.16631578947368422, 0.21842105263157896, 0.2705263157894737, 0.32263157894736844, 0.37473684210526315, 0.4268421052631579, 0.4789473684210527, 0.5310526315789474, 0.5831578947368421, 0.6352631578947369, 0.6873684210526316, 0.7394736842105263, 0.791578947368421, 0.8436842105263158, 0.8957894736842106, 0.9478947368421053, 1.0]}",COMPLETE
376,376,-10.10664623074343,2024-09-28 19:11:53.967171,2024-09-28 19:11:56.979709,0 days 00:00:03.012538,0.4268421052631579,0.2705263157894737,376,"{'alpha_actor': [0.01, 0.06210526315789474, 0.11421052631578947, 0.16631578947368422, 0.21842105263157896, 0.2705263157894737, 0.32263157894736844, 0.37473684210526315, 0.4268421052631579, 0.4789473684210527, 0.5310526315789474, 0.5831578947368421, 0.6352631578947369, 0.6873684210526316, 0.7394736842105263, 0.791578947368421, 0.8436842105263158, 0.8957894736842106, 0.9478947368421053, 1.0], 'alpha_critic': [0.01, 0.06210526315789474, 0.11421052631578947, 0.16631578947368422, 0.21842105263157896, 0.2705263157894737, 0.32263157894736844, 0.37473684210526315, 0.4268421052631579, 0.4789473684210527, 0.5310526315789474, 0.5831578947368421, 0.6352631578947369, 0.6873684210526316, 0.7394736842105263, 0.791578947368421, 0.8436842105263158, 0.8957894736842106, 0.9478947368421053, 1.0]}",COMPLETE
377,377,-8.07047444028055,2024-09-28 19:11:56.980998,2024-09-28 19:11:59.286020,0 days 00:00:02.305022,0.8436842105263158,0.8957894736842106,377,"{'alpha_actor': [0.01, 0.06210526315789474, 0.11421052631578947, 0.16631578947368422, 0.21842105263157896, 0.2705263157894737, 0.32263157894736844, 0.37473684210526315, 0.4268421052631579, 0.4789473684210527, 0.5310526315789474, 0.5831578947368421, 0.6352631578947369, 0.6873684210526316, 0.7394736842105263, 0.791578947368421, 0.8436842105263158, 0.8957894736842106, 0.9478947368421053, 1.0], 'alpha_critic': [0.01, 0.06210526315789474, 0.11421052631578947, 0.16631578947368422, 0.21842105263157896, 0.2705263157894737, 0.32263157894736844, 0.37473684210526315, 0.4268421052631579, 0.4789473684210527, 0.5310526315789474, 0.5831578947368421, 0.6352631578947369, 0.6873684210526316, 0.7394736842105263, 0.791578947368421, 0.8436842105263158, 0.8957894736842106, 0.9478947368421053, 1.0]}",COMPLETE
378,378,-9.130987741980935,2024-09-28 19:11:59.287134,2024-09-28 19:12:02.015158,0 days 00:00:02.728024,1.0,0.21842105263157896,378,"{'alpha_actor': [0.01, 0.06210526315789474, 0.11421052631578947, 0.16631578947368422, 0.21842105263157896, 0.2705263157894737, 0.32263157894736844, 0.37473684210526315, 0.4268421052631579, 0.4789473684210527, 0.5310526315789474, 0.5831578947368421, 0.6352631578947369, 0.6873684210526316, 0.7394736842105263, 0.791578947368421, 0.8436842105263158, 0.8957894736842106, 0.9478947368421053, 1.0], 'alpha_critic': [0.01, 0.06210526315789474, 0.11421052631578947, 0.16631578947368422, 0.21842105263157896, 0.2705263157894737, 0.32263157894736844, 0.37473684210526315, 0.4268421052631579, 0.4789473684210527, 0.5310526315789474, 0.5831578947368421, 0.6352631578947369, 0.6873684210526316, 0.7394736842105263, 0.791578947368421, 0.8436842105263158, 0.8957894736842106, 0.9478947368421053, 1.0]}",COMPLETE
379,379,-9.056378832476097,2024-09-28 19:12:02.016540,2024-09-28 19:12:04.501042,0 days 00:00:02.484502,0.4268421052631579,0.7394736842105263,379,"{'alpha_actor': [0.01, 0.06210526315789474, 0.11421052631578947, 0.16631578947368422, 0.21842105263157896, 0.2705263157894737, 0.32263157894736844, 0.37473684210526315, 0.4268421052631579, 0.4789473684210527, 0.5310526315789474, 0.5831578947368421, 0.6352631578947369, 0.6873684210526316, 0.7394736842105263, 0.791578947368421, 0.8436842105263158, 0.8957894736842106, 0.9478947368421053, 1.0], 'alpha_critic': [0.01, 0.06210526315789474, 0.11421052631578947, 0.16631578947368422, 0.21842105263157896, 0.2705263157894737, 0.32263157894736844, 0.37473684210526315, 0.4268421052631579, 0.4789473684210527, 0.5310526315789474, 0.5831578947368421, 0.6352631578947369, 0.6873684210526316, 0.7394736842105263, 0.791578947368421, 0.8436842105263158, 0.8957894736842106, 0.9478947368421053, 1.0]}",COMPLETE
380,380,-8.50170795966498,2024-09-28 19:12:04.502256,2024-09-28 19:12:07.104398,0 days 00:00:02.602142,1.0,0.32263157894736844,380,"{'alpha_actor': [0.01, 0.06210526315789474, 0.11421052631578947, 0.16631578947368422, 0.21842105263157896, 0.2705263157894737, 0.32263157894736844, 0.37473684210526315, 0.4268421052631579, 0.4789473684210527, 0.5310526315789474, 0.5831578947368421, 0.6352631578947369, 0.6873684210526316, 0.7394736842105263, 0.791578947368421, 0.8436842105263158, 0.8957894736842106, 0.9478947368421053, 1.0], 'alpha_critic': [0.01, 0.06210526315789474, 0.11421052631578947, 0.16631578947368422, 0.21842105263157896, 0.2705263157894737, 0.32263157894736844, 0.37473684210526315, 0.4268421052631579, 0.4789473684210527, 0.5310526315789474, 0.5831578947368421, 0.6352631578947369, 0.6873684210526316, 0.7394736842105263, 0.791578947368421, 0.8436842105263158, 0.8957894736842106, 0.9478947368421053, 1.0]}",COMPLETE
381,381,-15.705759635026796,2024-09-28 19:12:07.105628,2024-09-28 19:12:11.383575,0 days 00:00:04.277947,0.06210526315789474,1.0,381,"{'alpha_actor': [0.01, 0.06210526315789474, 0.11421052631578947, 0.16631578947368422, 0.21842105263157896, 0.2705263157894737, 0.32263157894736844, 0.37473684210526315, 0.4268421052631579, 0.4789473684210527, 0.5310526315789474, 0.5831578947368421, 0.6352631578947369, 0.6873684210526316, 0.7394736842105263, 0.791578947368421, 0.8436842105263158, 0.8957894736842106, 0.9478947368421053, 1.0], 'alpha_critic': [0.01, 0.06210526315789474, 0.11421052631578947, 0.16631578947368422, 0.21842105263157896, 0.2705263157894737, 0.32263157894736844, 0.37473684210526315, 0.4268421052631579, 0.4789473684210527, 0.5310526315789474, 0.5831578947368421, 0.6352631578947369, 0.6873684210526316, 0.7394736842105263, 0.791578947368421, 0.8436842105263158, 0.8957894736842106, 0.9478947368421053, 1.0]}",COMPLETE
382,382,-9.016219168035853,2024-09-28 19:12:11.384678,2024-09-28 19:12:13.940639,0 days 00:00:02.555961,0.4789473684210527,0.6873684210526316,382,"{'alpha_actor': [0.01, 0.06210526315789474, 0.11421052631578947, 0.16631578947368422, 0.21842105263157896, 0.2705263157894737, 0.32263157894736844, 0.37473684210526315, 0.4268421052631579, 0.4789473684210527, 0.5310526315789474, 0.5831578947368421, 0.6352631578947369, 0.6873684210526316, 0.7394736842105263, 0.791578947368421, 0.8436842105263158, 0.8957894736842106, 0.9478947368421053, 1.0], 'alpha_critic': [0.01, 0.06210526315789474, 0.11421052631578947, 0.16631578947368422, 0.21842105263157896, 0.2705263157894737, 0.32263157894736844, 0.37473684210526315, 0.4268421052631579, 0.4789473684210527, 0.5310526315789474, 0.5831578947368421, 0.6352631578947369, 0.6873684210526316, 0.7394736842105263, 0.791578947368421, 0.8436842105263158, 0.8957894736842106, 0.9478947368421053, 1.0]}",COMPLETE
383,383,-8.112975928990931,2024-09-28 19:12:13.941816,2024-09-28 19:12:16.220931,0 days 00:00:02.279115,0.791578947368421,0.7394736842105263,383,"{'alpha_actor': [0.01, 0.06210526315789474, 0.11421052631578947, 0.16631578947368422, 0.21842105263157896, 0.2705263157894737, 0.32263157894736844, 0.37473684210526315, 0.4268421052631579, 0.4789473684210527, 0.5310526315789474, 0.5831578947368421, 0.6352631578947369, 0.6873684210526316, 0.7394736842105263, 0.791578947368421, 0.8436842105263158, 0.8957894736842106, 0.9478947368421053, 1.0], 'alpha_critic': [0.01, 0.06210526315789474, 0.11421052631578947, 0.16631578947368422, 0.21842105263157896, 0.2705263157894737, 0.32263157894736844, 0.37473684210526315, 0.4268421052631579, 0.4789473684210527, 0.5310526315789474, 0.5831578947368421, 0.6352631578947369, 0.6873684210526316, 0.7394736842105263, 0.791578947368421, 0.8436842105263158, 0.8957894736842106, 0.9478947368421053, 1.0]}",COMPLETE
384,384,-10.99667880428755,2024-09-28 19:12:16.222061,2024-09-28 19:12:19.356683,0 days 00:00:03.134622,0.21842105263157896,0.4268421052631579,384,"{'alpha_actor': [0.01, 0.06210526315789474, 0.11421052631578947, 0.16631578947368422, 0.21842105263157896, 0.2705263157894737, 0.32263157894736844, 0.37473684210526315, 0.4268421052631579, 0.4789473684210527, 0.5310526315789474, 0.5831578947368421, 0.6352631578947369, 0.6873684210526316, 0.7394736842105263, 0.791578947368421, 0.8436842105263158, 0.8957894736842106, 0.9478947368421053, 1.0], 'alpha_critic': [0.01, 0.06210526315789474, 0.11421052631578947, 0.16631578947368422, 0.21842105263157896, 0.2705263157894737, 0.32263157894736844, 0.37473684210526315, 0.4268421052631579, 0.4789473684210527, 0.5310526315789474, 0.5831578947368421, 0.6352631578947369, 0.6873684210526316, 0.7394736842105263, 0.791578947368421, 0.8436842105263158, 0.8957894736842106, 0.9478947368421053, 1.0]}",COMPLETE
385,385,-11.790011463857121,2024-09-28 19:12:19.358369,2024-09-28 19:12:22.859559,0 days 00:00:03.501190,0.16631578947368422,0.5310526315789474,385,"{'alpha_actor': [0.01, 0.06210526315789474, 0.11421052631578947, 0.16631578947368422, 0.21842105263157896, 0.2705263157894737, 0.32263157894736844, 0.37473684210526315, 0.4268421052631579, 0.4789473684210527, 0.5310526315789474, 0.5831578947368421, 0.6352631578947369, 0.6873684210526316, 0.7394736842105263, 0.791578947368421, 0.8436842105263158, 0.8957894736842106, 0.9478947368421053, 1.0], 'alpha_critic': [0.01, 0.06210526315789474, 0.11421052631578947, 0.16631578947368422, 0.21842105263157896, 0.2705263157894737, 0.32263157894736844, 0.37473684210526315, 0.4268421052631579, 0.4789473684210527, 0.5310526315789474, 0.5831578947368421, 0.6352631578947369, 0.6873684210526316, 0.7394736842105263, 0.791578947368421, 0.8436842105263158, 0.8957894736842106, 0.9478947368421053, 1.0]}",COMPLETE
386,386,-11.319025389281917,2024-09-28 19:12:22.860649,2024-09-28 19:12:26.155750,0 days 00:00:03.295101,0.21842105263157896,0.37473684210526315,386,"{'alpha_actor': [0.01, 0.06210526315789474, 0.11421052631578947, 0.16631578947368422, 0.21842105263157896, 0.2705263157894737, 0.32263157894736844, 0.37473684210526315, 0.4268421052631579, 0.4789473684210527, 0.5310526315789474, 0.5831578947368421, 0.6352631578947369, 0.6873684210526316, 0.7394736842105263, 0.791578947368421, 0.8436842105263158, 0.8957894736842106, 0.9478947368421053, 1.0], 'alpha_critic': [0.01, 0.06210526315789474, 0.11421052631578947, 0.16631578947368422, 0.21842105263157896, 0.2705263157894737, 0.32263157894736844, 0.37473684210526315, 0.4268421052631579, 0.4789473684210527, 0.5310526315789474, 0.5831578947368421, 0.6352631578947369, 0.6873684210526316, 0.7394736842105263, 0.791578947368421, 0.8436842105263158, 0.8957894736842106, 0.9478947368421053, 1.0]}",COMPLETE
387,387,-8.212920504711839,2024-09-28 19:12:26.157126,2024-09-28 19:12:28.572823,0 days 00:00:02.415697,0.7394736842105263,0.6352631578947369,387,"{'alpha_actor': [0.01, 0.06210526315789474, 0.11421052631578947, 0.16631578947368422, 0.21842105263157896, 0.2705263157894737, 0.32263157894736844, 0.37473684210526315, 0.4268421052631579, 0.4789473684210527, 0.5310526315789474, 0.5831578947368421, 0.6352631578947369, 0.6873684210526316, 0.7394736842105263, 0.791578947368421, 0.8436842105263158, 0.8957894736842106, 0.9478947368421053, 1.0], 'alpha_critic': [0.01, 0.06210526315789474, 0.11421052631578947, 0.16631578947368422, 0.21842105263157896, 0.2705263157894737, 0.32263157894736844, 0.37473684210526315, 0.4268421052631579, 0.4789473684210527, 0.5310526315789474, 0.5831578947368421, 0.6352631578947369, 0.6873684210526316, 0.7394736842105263, 0.791578947368421, 0.8436842105263158, 0.8957894736842106, 0.9478947368421053, 1.0]}",COMPLETE
388,388,-11.728425039839179,2024-09-28 19:12:28.574007,2024-09-28 19:12:32.161387,0 days 00:00:03.587380,0.6352631578947369,0.11421052631578947,388,"{'alpha_actor': [0.01, 0.06210526315789474, 0.11421052631578947, 0.16631578947368422, 0.21842105263157896, 0.2705263157894737, 0.32263157894736844, 0.37473684210526315, 0.4268421052631579, 0.4789473684210527, 0.5310526315789474, 0.5831578947368421, 0.6352631578947369, 0.6873684210526316, 0.7394736842105263, 0.791578947368421, 0.8436842105263158, 0.8957894736842106, 0.9478947368421053, 1.0], 'alpha_critic': [0.01, 0.06210526315789474, 0.11421052631578947, 0.16631578947368422, 0.21842105263157896, 0.2705263157894737, 0.32263157894736844, 0.37473684210526315, 0.4268421052631579, 0.4789473684210527, 0.5310526315789474, 0.5831578947368421, 0.6352631578947369, 0.6873684210526316, 0.7394736842105263, 0.791578947368421, 0.8436842105263158, 0.8957894736842106, 0.9478947368421053, 1.0]}",COMPLETE
389,389,-8.384686169983745,2024-09-28 19:12:32.162506,2024-09-28 19:12:34.497231,0 days 00:00:02.334725,0.6873684210526316,0.8957894736842106,389,"{'alpha_actor': [0.01, 0.06210526315789474, 0.11421052631578947, 0.16631578947368422, 0.21842105263157896, 0.2705263157894737, 0.32263157894736844, 0.37473684210526315, 0.4268421052631579, 0.4789473684210527, 0.5310526315789474, 0.5831578947368421, 0.6352631578947369, 0.6873684210526316, 0.7394736842105263, 0.791578947368421, 0.8436842105263158, 0.8957894736842106, 0.9478947368421053, 1.0], 'alpha_critic': [0.01, 0.06210526315789474, 0.11421052631578947, 0.16631578947368422, 0.21842105263157896, 0.2705263157894737, 0.32263157894736844, 0.37473684210526315, 0.4268421052631579, 0.4789473684210527, 0.5310526315789474, 0.5831578947368421, 0.6352631578947369, 0.6873684210526316, 0.7394736842105263, 0.791578947368421, 0.8436842105263158, 0.8957894736842106, 0.9478947368421053, 1.0]}",COMPLETE
390,390,-8.760475351940432,2024-09-28 19:12:34.498428,2024-09-28 19:12:36.992702,0 days 00:00:02.494274,0.5310526315789474,0.5831578947368421,390,"{'alpha_actor': [0.01, 0.06210526315789474, 0.11421052631578947, 0.16631578947368422, 0.21842105263157896, 0.2705263157894737, 0.32263157894736844, 0.37473684210526315, 0.4268421052631579, 0.4789473684210527, 0.5310526315789474, 0.5831578947368421, 0.6352631578947369, 0.6873684210526316, 0.7394736842105263, 0.791578947368421, 0.8436842105263158, 0.8957894736842106, 0.9478947368421053, 1.0], 'alpha_critic': [0.01, 0.06210526315789474, 0.11421052631578947, 0.16631578947368422, 0.21842105263157896, 0.2705263157894737, 0.32263157894736844, 0.37473684210526315, 0.4268421052631579, 0.4789473684210527, 0.5310526315789474, 0.5831578947368421, 0.6352631578947369, 0.6873684210526316, 0.7394736842105263, 0.791578947368421, 0.8436842105263158, 0.8957894736842106, 0.9478947368421053, 1.0]}",COMPLETE
