,number,value,datetime_start,datetime_complete,duration,params_alpha_actor,params_alpha_critic,state
143,143,-0.423925062968324,2024-09-28 16:02:34.055965,2024-09-28 16:02:34.965361,0 days 00:00:00.909396,0.3232914964596433,0.06842569892660713,COMPLETE
144,144,-0.15197614224090594,2024-09-28 16:02:34.966256,2024-09-28 16:02:36.097642,0 days 00:00:01.131386,0.5328166033642788,0.010940626730831541,COMPLETE
145,145,-0.2999967822729242,2024-09-28 16:02:36.098626,2024-09-28 16:02:37.127895,0 days 00:00:01.029269,0.5383469382191988,0.030292689366836538,COMPLETE
146,146,-0.6536734943202709,2024-09-28 16:02:37.128829,2024-09-28 16:02:37.746804,0 days 00:00:00.617975,0.4961209895917152,0.3207926886304971,COMPLETE
147,147,-0.3809444650406262,2024-09-28 16:02:37.747735,2024-09-28 16:02:38.675475,0 days 00:00:00.927740,0.4601470203312517,0.047954481330597126,COMPLETE
148,148,-0.4771846562976953,2024-09-28 16:02:38.676562,2024-09-28 16:02:39.502518,0 days 00:00:00.825956,0.5220202144607208,0.08554413714966425,COMPLETE
149,149,-0.30476042473540266,2024-09-28 16:02:39.503410,2024-09-28 16:02:40.578087,0 days 00:00:01.074677,0.4223764008439595,0.03139509093414615,COMPLETE
150,150,-0.43447159763074206,2024-09-28 16:02:40.579197,2024-09-28 16:02:41.414059,0 days 00:00:00.834862,0.5617199664345911,0.06527455246551357,COMPLETE
151,151,-0.1474185437621551,2024-09-28 16:02:41.415051,2024-09-28 16:02:42.538235,0 days 00:00:01.123184,0.4418760749232021,0.01099034983247254,COMPLETE
152,152,-0.1479678379580806,2024-09-28 16:02:42.539325,2024-09-28 16:02:43.727671,0 days 00:00:01.188346,0.4448548730983231,0.010931386228487756,COMPLETE
153,153,-0.28667343778147536,2024-09-28 16:02:43.728686,2024-09-28 16:02:44.796186,0 days 00:00:01.067500,0.4439476312978639,0.02833435556033108,COMPLETE
154,154,-0.3858201445740735,2024-09-28 16:02:44.797268,2024-09-28 16:02:45.726770,0 days 00:00:00.929502,0.4739491766395231,0.04954088558797538,COMPLETE
155,155,-0.13599227194888847,2024-09-28 16:02:45.727784,2024-09-28 16:02:46.912198,0 days 00:00:01.184414,0.3966089910276859,0.01029982165570823,COMPLETE
156,156,-0.35136877396946664,2024-09-28 16:02:46.913188,2024-09-28 16:02:47.856531,0 days 00:00:00.943343,0.38956182248167637,0.04140137693055061,COMPLETE
157,157,-0.42357863185380373,2024-09-28 16:02:47.857529,2024-09-28 16:02:48.774678,0 days 00:00:00.917149,0.35987109404494827,0.06750582164583245,COMPLETE
158,158,-0.4974619234451498,2024-09-28 16:02:48.775840,2024-09-28 16:02:49.303218,0 days 00:00:00.527378,0.4126340847011277,0.9429559177899078,COMPLETE
159,159,-0.14826744012261206,2024-09-28 16:02:49.304335,2024-09-28 16:02:50.473091,0 days 00:00:01.168756,0.4442656149313233,0.011143937949030767,COMPLETE
160,160,-0.29678040364289804,2024-09-28 16:02:50.474099,2024-09-28 16:02:51.509470,0 days 00:00:01.035371,0.4314850940385088,0.030323107242565657,COMPLETE
161,161,-0.29217987114768695,2024-09-28 16:02:51.510606,2024-09-28 16:02:52.534643,0 days 00:00:01.024037,0.45115631019435454,0.028918232079662272,COMPLETE
162,162,-0.1618418788269502,2024-09-28 16:02:52.536204,2024-09-28 16:02:54.129188,0 days 00:00:01.592984,0.403026748983213,0.012089094986721375,COMPLETE
163,163,-0.37674401195632706,2024-09-28 16:02:54.130990,2024-09-28 16:02:55.087714,0 days 00:00:00.956724,0.42642481479884076,0.04808030438298226,COMPLETE
164,164,-0.28183299488163294,2024-09-28 16:02:55.088813,2024-09-28 16:02:56.133844,0 days 00:00:01.045031,0.3790182038686517,0.027487725980731556,COMPLETE
165,165,-0.16228934620010607,2024-09-28 16:02:56.134853,2024-09-28 16:02:57.263391,0 days 00:00:01.128538,0.46044997145808625,0.011887266787043138,COMPLETE
166,166,-0.40451478272514424,2024-09-28 16:02:57.264494,2024-09-28 16:02:58.184398,0 days 00:00:00.919904,0.35167683353478557,0.0560024937063741,COMPLETE
167,167,-0.4631631964152186,2024-09-28 16:02:58.185447,2024-09-28 16:02:59.033170,0 days 00:00:00.847723,0.4797134587634192,0.08346779122837884,COMPLETE
168,168,-0.1477095766737601,2024-09-28 16:02:59.034165,2024-09-28 16:03:00.203877,0 days 00:00:01.169712,0.40267583185777,0.011113234094306536,COMPLETE
169,169,-0.35201119303454637,2024-09-28 16:03:00.205175,2024-09-28 16:03:01.189645,0 days 00:00:00.984470,0.3963252380790225,0.04213375566279945,COMPLETE
170,170,-0.14778409401563172,2024-09-28 16:03:01.190555,2024-09-28 16:03:02.331012,0 days 00:00:01.140457,0.44174235865129435,0.01083007347645575,COMPLETE
171,171,-0.15445631909997054,2024-09-28 16:03:02.332056,2024-09-28 16:03:03.430980,0 days 00:00:01.098924,0.4380030228897828,0.011623401621469066,COMPLETE
172,172,-0.302095300523985,2024-09-28 16:03:03.431982,2024-09-28 16:03:04.425916,0 days 00:00:00.993934,0.4159428147200276,0.0319646358617969,COMPLETE
173,173,-0.39550720582072546,2024-09-28 16:03:04.426934,2024-09-28 16:03:05.375155,0 days 00:00:00.948221,0.45196548321221475,0.05641356009307637,COMPLETE
174,174,-0.27790389048335035,2024-09-28 16:03:05.376251,2024-09-28 16:03:06.395824,0 days 00:00:01.019573,0.3839375061094879,0.028066742403810546,COMPLETE
175,175,-0.4468446993269577,2024-09-28 16:03:06.396844,2024-09-28 16:03:07.309306,0 days 00:00:00.912462,0.4331503239571031,0.07025287135347164,COMPLETE
176,176,-0.15973903838990824,2024-09-28 16:03:07.310864,2024-09-28 16:03:08.437276,0 days 00:00:01.126412,0.4869036158608253,0.0115128294407806,COMPLETE
177,177,-0.35659842520205964,2024-09-28 16:03:08.438450,2024-09-28 16:03:09.396121,0 days 00:00:00.957671,0.4081330629114558,0.04287727478621992,COMPLETE
178,178,-0.2829091054671914,2024-09-28 16:03:09.397245,2024-09-28 16:03:10.445050,0 days 00:00:01.047805,0.4617488478023375,0.02821626277872477,COMPLETE
179,179,-0.14101787070075678,2024-09-28 16:03:10.446176,2024-09-28 16:03:11.653776,0 days 00:00:01.207600,0.36929360789164883,0.010923845535930702,COMPLETE
180,180,-0.3833235457924055,2024-09-28 16:03:11.654792,2024-09-28 16:03:12.691295,0 days 00:00:01.036503,0.36497319494115327,0.0513474033227499,COMPLETE
181,181,-0.28112758127662485,2024-09-28 16:03:12.692347,2024-09-28 16:03:13.769762,0 days 00:00:01.077415,0.33298811669179923,0.02766969586810942,COMPLETE
182,182,-0.34686423064347693,2024-09-28 16:03:13.770741,2024-09-28 16:03:14.729611,0 days 00:00:00.958870,0.3984727578937553,0.04140573005237472,COMPLETE
183,183,-0.1587960141543699,2024-09-28 16:03:14.730600,2024-09-28 16:03:15.852498,0 days 00:00:01.121898,0.4336319290402168,0.012172920278137206,COMPLETE
184,184,-0.6282384831196803,2024-09-28 16:03:15.853580,2024-09-28 16:03:16.422610,0 days 00:00:00.569030,0.37334515603158985,0.5084592219754105,COMPLETE
185,185,-0.14574109034146795,2024-09-28 16:03:16.423629,2024-09-28 16:03:17.545070,0 days 00:00:01.121441,0.4136925608280582,0.010920973421893392,COMPLETE
186,186,-0.4095407619374725,2024-09-28 16:03:17.546054,2024-09-28 16:03:18.501997,0 days 00:00:00.955943,0.3478859031484593,0.05749901068917932,COMPLETE
187,187,-0.15309029869168897,2024-09-28 16:03:18.502995,2024-09-28 16:03:19.658900,0 days 00:00:01.155905,0.3896546750145846,0.011675999618671043,COMPLETE
188,188,-0.3252755538862512,2024-09-28 16:03:19.659933,2024-09-28 16:03:20.649659,0 days 00:00:00.989726,0.4093769724822131,0.03584826120331897,COMPLETE
189,189,-0.3135003072000163,2024-09-28 16:03:20.650634,2024-09-28 16:03:21.622006,0 days 00:00:00.971372,0.4529944536139888,0.03320263352922199,COMPLETE
190,190,-0.4697487566717731,2024-09-28 16:03:21.623086,2024-09-28 16:03:22.446210,0 days 00:00:00.823124,0.4754290607403641,0.07802532998756542,COMPLETE
191,191,-0.26904327156317664,2024-09-28 16:03:22.447220,2024-09-28 16:03:23.481862,0 days 00:00:01.034642,0.43094598209388746,0.025422118537763577,COMPLETE
192,192,-0.13832958410828236,2024-09-28 16:03:23.482843,2024-09-28 16:03:24.625689,0 days 00:00:01.142846,0.41717588712297055,0.01045294021091084,COMPLETE
193,193,-0.1514759532479648,2024-09-28 16:03:24.626826,2024-09-28 16:03:25.794937,0 days 00:00:01.168111,0.4153783465559395,0.011140898718678315,COMPLETE
194,194,-0.36141580812003715,2024-09-28 16:03:25.796538,2024-09-28 16:03:26.798674,0 days 00:00:01.002136,0.3829745392374704,0.04795772218817063,COMPLETE
195,195,-0.2983678241754866,2024-09-28 16:03:26.799715,2024-09-28 16:03:27.828149,0 days 00:00:01.028434,0.44744988064675306,0.03211863367478236,COMPLETE
196,196,-0.41795618506272,2024-09-28 16:03:27.829182,2024-09-28 16:03:28.728367,0 days 00:00:00.899185,0.4955959633135748,0.06259138422127568,COMPLETE
197,197,-0.3518370270933829,2024-09-28 16:03:28.729367,2024-09-28 16:03:29.764675,0 days 00:00:01.035308,0.40284580826309463,0.04371321380822335,COMPLETE
198,198,-0.15820981157684744,2024-09-28 16:03:29.765783,2024-09-28 16:03:30.868695,0 days 00:00:01.102912,0.46919604225940564,0.011559472837842687,COMPLETE
199,199,-0.2880419806368652,2024-09-28 16:03:30.870094,2024-09-28 16:03:31.875809,0 days 00:00:01.005715,0.36087795957795854,0.028650623299387872,COMPLETE
200,200,-0.4337649318204838,2024-09-28 16:03:31.876929,2024-09-28 16:03:32.794541,0 days 00:00:00.917612,0.4193595630174295,0.06775433802581828,COMPLETE
201,201,-0.167807683555212,2024-09-28 16:03:32.795801,2024-09-28 16:03:33.919004,0 days 00:00:01.123203,0.4425718713205343,0.012947749274297425,COMPLETE
202,202,-0.15885587334194368,2024-09-28 16:03:33.920285,2024-09-28 16:03:35.052772,0 days 00:00:01.132487,0.42755554227549425,0.012103084207140867,COMPLETE
203,203,-0.34221505962981763,2024-09-28 16:03:35.053793,2024-09-28 16:03:36.044601,0 days 00:00:00.990808,0.3933647609845731,0.04156970353757255,COMPLETE
204,204,-0.2795445212823754,2024-09-28 16:03:36.046191,2024-09-28 16:03:37.063890,0 days 00:00:01.017699,0.44837804705387446,0.028171953343624247,COMPLETE
205,205,-0.15504230696621102,2024-09-28 16:03:37.064922,2024-09-28 16:03:38.256176,0 days 00:00:01.191254,0.4191956106411185,0.011757083895340772,COMPLETE
206,206,-0.38132780508097935,2024-09-28 16:03:38.257371,2024-09-28 16:03:39.225393,0 days 00:00:00.968022,0.3763075412730275,0.04940517565342782,COMPLETE
207,207,-0.14707989489975148,2024-09-28 16:03:39.226508,2024-09-28 16:03:40.353485,0 days 00:00:01.126977,0.463660175496914,0.010847105741059597,COMPLETE
208,208,-0.2876427794127191,2024-09-28 16:03:40.354459,2024-09-28 16:03:41.379238,0 days 00:00:01.024779,0.5038005701555849,0.029332462712745727,COMPLETE
209,209,-0.40740924299275155,2024-09-28 16:03:41.380388,2024-09-28 16:03:42.310401,0 days 00:00:00.930013,0.46903616118105346,0.057069597964798685,COMPLETE
210,210,-0.141956646248992,2024-09-28 16:03:42.311398,2024-09-28 16:03:43.464141,0 days 00:00:01.152743,0.46072545653898617,0.010467260913977242,COMPLETE
211,211,-0.13957832330569808,2024-09-28 16:03:43.465246,2024-09-28 16:03:44.618979,0 days 00:00:01.153733,0.4860779402097197,0.010167950897091518,COMPLETE
212,212,-0.3051263110332579,2024-09-28 16:03:44.619956,2024-09-28 16:03:45.595731,0 days 00:00:00.975775,0.48845462756465036,0.030817393627057994,COMPLETE
213,213,-0.1482987688553818,2024-09-28 16:03:45.596708,2024-09-28 16:03:46.755035,0 days 00:00:01.158327,0.44570014078138037,0.010770154068779595,COMPLETE
214,214,-0.30441492743845033,2024-09-28 16:03:46.755983,2024-09-28 16:03:47.792033,0 days 00:00:01.036050,0.4434051085930887,0.0318685220714361,COMPLETE
215,215,-0.15164567258009057,2024-09-28 16:03:47.793058,2024-09-28 16:03:48.933028,0 days 00:00:01.139970,0.4006821617153819,0.011079352557111176,COMPLETE
216,216,-0.3636388546633221,2024-09-28 16:03:48.933998,2024-09-28 16:03:49.844449,0 days 00:00:00.910451,0.427975654636991,0.043448106877283794,COMPLETE
217,217,-0.6382232875670351,2024-09-28 16:03:49.845541,2024-09-28 16:03:50.410530,0 days 00:00:00.564989,0.4475954124179723,0.4655524137764366,COMPLETE
218,218,-0.30273569651428733,2024-09-28 16:03:50.411578,2024-09-28 16:03:51.448283,0 days 00:00:01.036705,0.4065739951309293,0.0316169659823728,COMPLETE
219,219,-0.13767759044415162,2024-09-28 16:03:51.449289,2024-09-28 16:03:52.575607,0 days 00:00:01.126318,0.38144215275043003,0.010129234120278214,COMPLETE
220,220,-0.3751567727460117,2024-09-28 16:03:52.576663,2024-09-28 16:03:53.588930,0 days 00:00:01.012267,0.3538107415306666,0.050971615654436905,COMPLETE
221,221,-0.13884867158564815,2024-09-28 16:03:53.590635,2024-09-28 16:03:54.747416,0 days 00:00:01.156781,0.31244559706763764,0.010346047369211624,COMPLETE
222,222,-0.1399772242365229,2024-09-28 16:03:54.748531,2024-09-28 16:03:55.990657,0 days 00:00:01.242126,0.31130856809374163,0.010464086948061165,COMPLETE
223,223,-0.2816504790284293,2024-09-28 16:03:55.991632,2024-09-28 16:03:57.063106,0 days 00:00:01.071474,0.27852490615215153,0.029967831814784136,COMPLETE
224,224,-0.14479415402918747,2024-09-28 16:03:57.064092,2024-09-28 16:03:58.217690,0 days 00:00:01.153598,0.3152544527490547,0.010874999864428202,COMPLETE
225,225,-0.3105953587691269,2024-09-28 16:03:58.218734,2024-09-28 16:03:59.243445,0 days 00:00:01.024711,0.33135546957944156,0.03435318256557111,COMPLETE
226,226,-0.3640951045958025,2024-09-28 16:03:59.244457,2024-09-28 16:04:00.280572,0 days 00:00:01.036115,0.2977868366998989,0.04713772033712259,COMPLETE
227,227,-0.14140188548656873,2024-09-28 16:04:00.281580,2024-09-28 16:04:01.450520,0 days 00:00:01.168940,0.31262334557234417,0.010608267931515529,COMPLETE
228,228,-0.28230132519390483,2024-09-28 16:04:01.451546,2024-09-28 16:04:02.536821,0 days 00:00:01.085275,0.3143188497746391,0.028837222144137573,COMPLETE
229,229,-0.4226584163258586,2024-09-28 16:04:02.537829,2024-09-28 16:04:03.503506,0 days 00:00:00.965677,0.2562266919630922,0.06212262004978226,COMPLETE
230,230,-0.28269108471284743,2024-09-28 16:04:03.504438,2024-09-28 16:04:04.588284,0 days 00:00:01.083846,0.30841607590054365,0.029891808891652896,COMPLETE
231,231,-0.2647315752132385,2024-09-28 16:04:04.589435,2024-09-28 16:04:05.686858,0 days 00:00:01.097423,0.33335834734479614,0.026459348786651463,COMPLETE
232,232,-0.26699132482636684,2024-09-28 16:04:05.688051,2024-09-28 16:04:06.762546,0 days 00:00:01.074495,0.3060827351444817,0.02555117226791897,COMPLETE
233,233,-0.632524941220499,2024-09-28 16:04:06.764182,2024-09-28 16:04:07.385107,0 days 00:00:00.620925,0.27358240188616795,0.4012885218296765,COMPLETE
234,234,-0.1783940463390696,2024-09-28 16:04:07.386588,2024-09-28 16:04:08.554923,0 days 00:00:01.168335,0.3453882911601261,0.014269702844357036,COMPLETE
235,235,-0.14561132393804435,2024-09-28 16:04:08.556038,2024-09-28 16:04:09.736747,0 days 00:00:01.180709,0.23723753092808608,0.011196973618865633,COMPLETE
236,236,-0.1432476227562681,2024-09-28 16:04:09.737728,2024-09-28 16:04:10.946816,0 days 00:00:01.209088,0.30090561327900067,0.011484480986421018,COMPLETE
237,237,-0.367504719429032,2024-09-28 16:04:10.947821,2024-09-28 16:04:11.997155,0 days 00:00:01.049334,0.1834772079466751,0.049087491375845824,COMPLETE
238,238,-0.1437360734108068,2024-09-28 16:04:11.998186,2024-09-28 16:04:13.202662,0 days 00:00:01.204476,0.24973823242389576,0.011070643758137273,COMPLETE
239,239,-0.5929221865100105,2024-09-28 16:04:13.203669,2024-09-28 16:04:13.856898,0 days 00:00:00.653229,0.2340734211688737,0.5342824337427304,COMPLETE
240,240,-0.13248289080845874,2024-09-28 16:04:13.857907,2024-09-28 16:04:15.064247,0 days 00:00:01.206340,0.24591503160600625,0.010086415618773076,COMPLETE
241,241,-0.2991233589171058,2024-09-28 16:04:15.065317,2024-09-28 16:04:16.123418,0 days 00:00:01.058101,0.23601056118178654,0.031463366201686896,COMPLETE
242,242,-0.1372273327888923,2024-09-28 16:04:16.124427,2024-09-28 16:04:17.362291,0 days 00:00:01.237864,0.2605642349581694,0.010517925802512968,COMPLETE
243,243,-0.34824061419505825,2024-09-28 16:04:17.363269,2024-09-28 16:04:18.388562,0 days 00:00:01.025293,0.25272456312833896,0.04355743528886269,COMPLETE
244,244,-0.14240726303352155,2024-09-28 16:04:18.389650,2024-09-28 16:04:19.579180,0 days 00:00:01.189530,0.28690162842912204,0.011308974040202658,COMPLETE
245,245,-0.29424792102239566,2024-09-28 16:04:19.581195,2024-09-28 16:04:20.623814,0 days 00:00:01.042619,0.2891627045383059,0.03062153934164384,COMPLETE
246,246,-0.34108541752823857,2024-09-28 16:04:20.624837,2024-09-28 16:04:21.678466,0 days 00:00:01.053629,0.21630699980853066,0.04192332242846873,COMPLETE
247,247,-0.14039332099425886,2024-09-28 16:04:21.679661,2024-09-28 16:04:23.013169,0 days 00:00:01.333508,0.273976665606525,0.010833091893052385,COMPLETE
248,248,-0.13766385309533552,2024-09-28 16:04:23.014328,2024-09-28 16:04:24.438187,0 days 00:00:01.423859,0.2657591750882969,0.0107292501240477,COMPLETE
249,249,-0.27958790266279676,2024-09-28 16:04:24.439157,2024-09-28 16:04:25.549613,0 days 00:00:01.110456,0.26961480495436563,0.029069258804369995,COMPLETE
250,250,-0.40061568570174727,2024-09-28 16:04:25.550716,2024-09-28 16:04:26.657760,0 days 00:00:01.107044,0.24060177382979286,0.057989201318256266,COMPLETE
251,251,-0.14031795045381887,2024-09-28 16:04:26.658781,2024-09-28 16:04:27.903338,0 days 00:00:01.244557,0.2842667220406256,0.010346096484328117,COMPLETE
252,252,-0.3390425347259951,2024-09-28 16:04:27.904490,2024-09-28 16:04:28.930244,0 days 00:00:01.025754,0.2868880169244432,0.043593285720619046,COMPLETE
253,253,-0.14024766979228775,2024-09-28 16:04:28.931233,2024-09-28 16:04:30.113778,0 days 00:00:01.182545,0.26480285698429407,0.010736088775746735,COMPLETE
254,254,-0.28196076380604446,2024-09-28 16:04:30.114843,2024-09-28 16:04:31.217314,0 days 00:00:01.102471,0.2573083780077673,0.0303946730082797,COMPLETE
255,255,-0.41408464152644503,2024-09-28 16:04:31.218453,2024-09-28 16:04:32.150766,0 days 00:00:00.932313,0.27607831894012147,0.06413184517753902,COMPLETE
256,256,-0.2835286411937338,2024-09-28 16:04:32.151834,2024-09-28 16:04:33.282707,0 days 00:00:01.130873,0.2997518677447825,0.029417402698264483,COMPLETE
257,257,-0.6365484103191991,2024-09-28 16:04:33.283752,2024-09-28 16:04:33.937379,0 days 00:00:00.653627,0.31360774983863415,0.3080111295128185,COMPLETE
258,258,-0.3590810820251037,2024-09-28 16:04:33.938442,2024-09-28 16:04:34.936301,0 days 00:00:00.997859,0.2698851070784493,0.04616983213964233,COMPLETE
259,259,-0.5619418910505009,2024-09-28 16:04:34.937345,2024-09-28 16:04:35.561169,0 days 00:00:00.623824,0.2946502388496058,0.8592610003647563,COMPLETE
260,260,-0.1354540839538435,2024-09-28 16:04:35.562200,2024-09-28 16:04:36.811498,0 days 00:00:01.249298,0.24882165135795103,0.010262958053184086,COMPLETE
261,261,-0.12626423133573594,2024-09-28 16:04:36.812557,2024-09-28 16:04:38.017233,0 days 00:00:01.204676,0.21873459542244175,0.01002884891003796,COMPLETE
262,262,-0.2691848753738537,2024-09-28 16:04:38.018274,2024-09-28 16:04:39.140248,0 days 00:00:01.121974,0.19856930756880734,0.029457082184505254,COMPLETE
263,263,-0.3544669266052417,2024-09-28 16:04:39.141389,2024-09-28 16:04:40.209553,0 days 00:00:01.068164,0.22000614707707514,0.04592827218810072,COMPLETE
264,264,-0.42260557216980876,2024-09-28 16:04:40.210527,2024-09-28 16:04:41.317094,0 days 00:00:01.106567,0.16246342991087195,0.07632161732640177,COMPLETE
265,265,-0.2813928544050041,2024-09-28 16:04:41.318169,2024-09-28 16:04:42.482446,0 days 00:00:01.164277,0.26262389612601844,0.029168125552035393,COMPLETE
266,266,-0.4011229360454183,2024-09-28 16:04:42.483629,2024-09-28 16:04:43.591346,0 days 00:00:01.107717,0.21733061165917233,0.057570090041544175,COMPLETE
267,267,-0.15031561716782252,2024-09-28 16:04:43.592477,2024-09-28 16:04:45.018088,0 days 00:00:01.425611,0.2804388002203305,0.011267689687977648,COMPLETE
268,268,-0.2800952349445006,2024-09-28 16:04:45.019467,2024-09-28 16:04:46.093231,0 days 00:00:01.073764,0.24730611751843537,0.028601338344702826,COMPLETE
269,269,-0.1414841647218176,2024-09-28 16:04:46.094254,2024-09-28 16:04:47.249874,0 days 00:00:01.155620,0.27947323581358663,0.010343005593665546,COMPLETE
270,270,-0.32878710724008825,2024-09-28 16:04:47.251503,2024-09-28 16:04:48.286967,0 days 00:00:01.035464,0.26804329088248524,0.03972270755520816,COMPLETE
271,271,-0.37188100076111075,2024-09-28 16:04:48.287907,2024-09-28 16:04:49.277051,0 days 00:00:00.989144,0.24807972715588855,0.04913661429667632,COMPLETE
272,272,-0.28447718378201375,2024-09-28 16:04:49.278220,2024-09-28 16:04:50.400596,0 days 00:00:01.122376,0.2896725650039345,0.029870581633721593,COMPLETE
273,273,-0.42592618474166694,2024-09-28 16:04:50.401671,2024-09-28 16:04:51.354416,0 days 00:00:00.952745,0.20115889947571144,0.07067023436923293,COMPLETE
274,274,-0.2941482642343133,2024-09-28 16:04:51.355591,2024-09-28 16:04:52.425732,0 days 00:00:01.070141,0.3228362543828543,0.029966660008214817,COMPLETE
275,275,-0.35568488454965286,2024-09-28 16:04:52.426793,2024-09-28 16:04:53.483325,0 days 00:00:01.056532,0.22179806969145746,0.04748063085414905,COMPLETE
276,276,-0.2841324624201135,2024-09-28 16:04:53.484359,2024-09-28 16:04:54.530254,0 days 00:00:01.045895,0.26636733657618444,0.028819909404078553,COMPLETE
277,277,-0.1388416333822645,2024-09-28 16:04:54.531363,2024-09-28 16:04:55.683264,0 days 00:00:01.151901,0.28345184154677794,0.010136668276445998,COMPLETE
278,278,-0.2623605977817366,2024-09-28 16:04:55.684302,2024-09-28 16:04:56.799366,0 days 00:00:01.115064,0.23424693897937232,0.02586433893366544,COMPLETE
279,279,-0.13385185201798339,2024-09-28 16:04:56.800534,2024-09-28 16:04:57.989659,0 days 00:00:01.189125,0.2514558476620996,0.010313525844963612,COMPLETE
280,280,-0.4107792545366467,2024-09-28 16:04:57.990705,2024-09-28 16:04:58.986341,0 days 00:00:00.995636,0.25265990382877934,0.06232264227759257,COMPLETE
281,281,-0.1424970755269459,2024-09-28 16:04:58.987361,2024-09-28 16:05:00.192481,0 days 00:00:01.205120,0.27347296141004007,0.010598871802582127,COMPLETE
282,282,-0.13349046470750064,2024-09-28 16:05:00.193544,2024-09-28 16:05:01.388614,0 days 00:00:01.195070,0.17957405591771036,0.0102300912908961,COMPLETE
283,283,-0.3351784215491728,2024-09-28 16:05:01.389649,2024-09-28 16:05:02.500628,0 days 00:00:01.110979,0.15762538295078246,0.04455473855128226,COMPLETE
