,number,value,datetime_start,datetime_complete,duration,params_alpha_actor,params_alpha_critic,state
0,0,-0.5595335235183193,2024-09-28 16:00:22.018945,2024-09-28 16:00:22.604069,0 days 00:00:00.585124,0.48260338500232225,0.9772917596312843,COMPLETE
1,1,-0.4777089144789758,2024-09-28 16:00:22.605006,2024-09-28 16:00:23.420794,0 days 00:00:00.815788,0.08266845522709952,0.5822958280556518,COMPLETE
2,2,-0.5876365195226134,2024-09-28 16:00:23.421812,2024-09-28 16:00:24.056827,0 days 00:00:00.635015,0.22306251448017725,0.3558585351038842,COMPLETE
3,3,-0.5249689802916288,2024-09-28 16:00:24.057779,2024-09-28 16:00:24.799284,0 days 00:00:00.741505,0.12388810452794564,0.6672544748927705,COMPLETE
4,4,-0.5562295917219143,2024-09-28 16:00:24.800328,2024-09-28 16:00:25.270479,0 days 00:00:00.470151,0.4673545174438039,0.8387971897217765,COMPLETE
5,5,-0.5799598656587829,2024-09-28 16:00:25.271589,2024-09-28 16:00:25.750477,0 days 00:00:00.478888,0.9349068547421076,0.8063948138513624,COMPLETE
6,6,-0.5948279154172454,2024-09-28 16:00:25.751837,2024-09-28 16:00:26.497419,0 days 00:00:00.745582,0.18066817415352826,0.2441952466612329,COMPLETE
7,7,-0.5418527209142434,2024-09-28 16:00:26.498355,2024-09-28 16:00:27.211774,0 days 00:00:00.713419,0.7639723291246933,0.11817655619490823,COMPLETE
8,8,-0.27806365783025677,2024-09-28 16:00:27.212711,2024-09-28 16:00:28.339832,0 days 00:00:01.127121,0.019988108224349817,0.6456765060957071,COMPLETE
9,9,-0.42669058251231157,2024-09-28 16:00:28.340716,2024-09-28 16:00:29.347692,0 days 00:00:01.006976,0.07959122261048127,0.10676277975039832,COMPLETE
10,10,-0.6653937337426852,2024-09-28 16:00:29.348773,2024-09-28 16:00:29.966811,0 days 00:00:00.618038,0.36857296590394256,0.43190443211615037,COMPLETE
11,11,-0.2621432185505325,2024-09-28 16:00:29.967855,2024-09-28 16:00:31.235764,0 days 00:00:01.267909,0.01867121785493786,0.03988207948972683,COMPLETE
12,12,-0.3281880137390112,2024-09-28 16:00:31.236622,2024-09-28 16:00:32.354090,0 days 00:00:01.117468,0.022515998993166524,0.6213320327994851,COMPLETE
13,13,-0.6255783695974511,2024-09-28 16:00:32.355108,2024-09-28 16:00:33.002682,0 days 00:00:00.647574,0.3045956061074137,0.3398795965414383,COMPLETE
14,14,-0.3534697591594991,2024-09-28 16:00:33.003745,2024-09-28 16:00:34.049553,0 days 00:00:01.045808,0.6586278560578723,0.042582970409473835,COMPLETE
15,15,-0.6363691179564576,2024-09-28 16:00:34.050876,2024-09-28 16:00:34.637823,0 days 00:00:00.586947,0.3039656195916661,0.5031006653144305,COMPLETE
16,16,-0.28346745872861195,2024-09-28 16:00:34.638765,2024-09-28 16:00:35.774799,0 days 00:00:01.136034,0.01545684615551711,0.7413384931899893,COMPLETE
17,17,-0.6407063450625009,2024-09-28 16:00:35.775866,2024-09-28 16:00:36.437939,0 days 00:00:00.662073,0.6194954479291255,0.22314270329282274,COMPLETE
18,18,-0.5690324254860144,2024-09-28 16:00:36.439036,2024-09-28 16:00:37.062828,0 days 00:00:00.623792,0.2206017723097411,0.5096674176624022,COMPLETE
19,19,-0.5348267232181513,2024-09-28 16:00:37.063698,2024-09-28 16:00:37.600961,0 days 00:00:00.537263,0.3642046699629459,0.8701176280067776,COMPLETE
20,20,-0.5948400582108798,2024-09-28 16:00:37.601849,2024-09-28 16:00:38.089768,0 days 00:00:00.487919,0.8461173659963377,0.7088983330726188,COMPLETE
21,21,-0.3589839352811969,2024-09-28 16:00:38.090686,2024-09-28 16:00:39.140237,0 days 00:00:01.049551,0.037353868471392715,0.7383202718785684,COMPLETE
22,22,-0.48495270835236537,2024-09-28 16:00:39.141174,2024-09-28 16:00:39.842446,0 days 00:00:00.701272,0.14451068663534436,0.9438001214036511,COMPLETE
23,23,-0.2694082010364444,2024-09-28 16:00:39.843400,2024-09-28 16:00:41.056759,0 days 00:00:01.213359,0.012858817903443502,0.5679951364002203,COMPLETE
24,24,-0.5705570382348218,2024-09-28 16:00:41.057946,2024-09-28 16:00:41.759492,0 days 00:00:00.701546,0.150113817522578,0.546683793203562,COMPLETE
25,25,-0.5897131690556371,2024-09-28 16:00:41.760552,2024-09-28 16:00:42.426484,0 days 00:00:00.665932,0.21049456735769054,0.4251853781659892,COMPLETE
26,26,-0.5828395872999257,2024-09-28 16:00:42.427481,2024-09-28 16:00:42.986782,0 days 00:00:00.559301,0.29233142589782257,0.6178243966763524,COMPLETE
27,27,-0.5143982432980978,2024-09-28 16:00:42.987878,2024-09-28 16:00:43.853587,0 days 00:00:00.865709,0.08999705909462757,0.27604363758397354,COMPLETE
28,28,-0.6483252419974644,2024-09-28 16:00:43.855053,2024-09-28 16:00:44.380381,0 days 00:00:00.525328,0.5764828431931436,0.4473969781919154,COMPLETE
29,29,-0.5312984362496003,2024-09-28 16:00:44.381340,2024-09-28 16:00:44.917055,0 days 00:00:00.535715,0.432957122602814,0.9951534469850881,COMPLETE
30,30,-0.3770149414728494,2024-09-28 16:00:44.918464,2024-09-28 16:00:46.024800,0 days 00:00:01.106336,0.026967254494003674,0.17130855147556162,COMPLETE
31,31,-0.26728374646371933,2024-09-28 16:00:46.025907,2024-09-28 16:00:47.239768,0 days 00:00:01.213861,0.013042562112645721,0.7394651105459755,COMPLETE
32,32,-0.4814712437283376,2024-09-28 16:00:47.240642,2024-09-28 16:00:48.007281,0 days 00:00:00.766639,0.0888760897973742,0.6600014283456173,COMPLETE
33,33,-0.47641067493768274,2024-09-28 16:00:48.008875,2024-09-28 16:00:48.760956,0 days 00:00:00.752081,0.11045220753675682,0.7744776137167821,COMPLETE
34,34,-0.46574320598138047,2024-09-28 16:00:48.761983,2024-09-28 16:00:49.623097,0 days 00:00:00.861114,0.06694572531204647,0.5711771422151055,COMPLETE
35,35,-0.4907511178209419,2024-09-28 16:00:49.624031,2024-09-28 16:00:50.199186,0 days 00:00:00.575155,0.2484076036935345,0.8974279446048031,COMPLETE
36,36,-0.5481076648881466,2024-09-28 16:00:50.200401,2024-09-28 16:00:50.872231,0 days 00:00:00.671830,0.1635242811256351,0.6785282221867139,COMPLETE
37,37,-0.5634699090499792,2024-09-28 16:00:50.873310,2024-09-28 16:00:51.674281,0 days 00:00:00.800971,0.12028940866584978,0.35626596078926515,COMPLETE
38,38,-0.298121722418663,2024-09-28 16:00:51.675691,2024-09-28 16:00:52.843095,0 days 00:00:01.167404,0.01767543925168523,0.8160908514712369,COMPLETE
39,39,-0.5837632173896532,2024-09-28 16:00:52.843991,2024-09-28 16:00:53.529401,0 days 00:00:00.685410,0.17085190413750231,0.4771595101583172,COMPLETE
40,40,-0.6612038983440591,2024-09-28 16:00:53.530303,2024-09-28 16:00:54.033726,0 days 00:00:00.503423,0.9920590919138603,0.5530256667456511,COMPLETE
41,41,-0.4174059720017827,2024-09-28 16:00:54.034672,2024-09-28 16:00:54.929190,0 days 00:00:00.894518,0.05623000672665078,0.766559703149227,COMPLETE
42,42,-0.3048645254723308,2024-09-28 16:00:54.930145,2024-09-28 16:00:56.091882,0 days 00:00:01.161737,0.020597290447771432,0.638269733981363,COMPLETE
43,43,-0.2315959105131967,2024-09-28 16:00:56.093016,2024-09-28 16:00:57.330526,0 days 00:00:01.237510,0.010634775205818573,0.7169206594121694,COMPLETE
44,44,-0.47744224689998543,2024-09-28 16:00:57.331463,2024-09-28 16:00:58.103458,0 days 00:00:00.771995,0.08701666479482484,0.7001553883668854,COMPLETE
45,45,-0.5490517377158901,2024-09-28 16:00:58.104667,2024-09-28 16:00:58.829349,0 days 00:00:00.724682,0.1220183392277321,0.5994350647072408,COMPLETE
46,46,-0.2614491866174818,2024-09-28 16:00:58.830193,2024-09-28 16:00:59.925270,0 days 00:00:01.095077,0.1916344897382715,0.027251735124014367,COMPLETE
47,47,-0.3303857858427501,2024-09-28 16:00:59.926306,2024-09-28 16:01:00.981660,0 days 00:00:01.055354,0.19491823729773167,0.03946925505907372,COMPLETE
48,48,-0.5398778519828736,2024-09-28 16:01:00.982817,2024-09-28 16:01:01.801056,0 days 00:00:00.818239,0.23972586111988464,0.13992164878025734,COMPLETE
49,49,-0.15068868077662273,2024-09-28 16:01:01.802245,2024-09-28 16:01:03.054866,0 days 00:00:01.252621,0.08026032139609798,0.013063231209626613,COMPLETE
50,50,-0.4627666761661258,2024-09-28 16:01:03.055924,2024-09-28 16:01:04.011427,0 days 00:00:00.955503,0.26667585584084436,0.07894192969067923,COMPLETE
51,51,-0.18303210559239022,2024-09-28 16:01:04.012347,2024-09-28 16:01:05.274789,0 days 00:00:01.262442,0.05638667498815261,0.017652853841635507,COMPLETE
52,52,-0.37571245766044004,2024-09-28 16:01:05.275704,2024-09-28 16:01:06.398295,0 days 00:00:01.122591,0.05923786561873744,0.0792952527364819,COMPLETE
53,53,-0.18459717850205862,2024-09-28 16:01:06.399346,2024-09-28 16:01:07.622638,0 days 00:00:01.223292,0.06865713919727995,0.016792314609275265,COMPLETE
54,54,-0.2725699544011634,2024-09-28 16:01:07.623640,2024-09-28 16:01:08.827252,0 days 00:00:01.203612,0.07192835652466159,0.03164401861109401,COMPLETE
55,55,-0.5318507833598768,2024-09-28 16:01:08.828171,2024-09-28 16:01:09.702309,0 days 00:00:00.874138,0.13500673989090178,0.17488926627700496,COMPLETE
56,56,-0.1395739117295994,2024-09-28 16:01:09.703240,2024-09-28 16:01:10.918442,0 days 00:00:01.215202,0.1805704990600194,0.010983931663463389,COMPLETE
57,57,-0.14800835271541923,2024-09-28 16:01:10.919594,2024-09-28 16:01:12.100908,0 days 00:00:01.181314,0.3765445265286995,0.01168021147473025,COMPLETE
58,58,-0.5074401349187557,2024-09-28 16:01:12.101852,2024-09-28 16:01:12.940280,0 days 00:00:00.838428,0.36630787395340614,0.09856688398590156,COMPLETE
59,59,-0.17968918040555715,2024-09-28 16:01:12.941205,2024-09-28 16:01:14.060353,0 days 00:00:01.119148,0.5422356864341211,0.013802586125510882,COMPLETE
60,60,-0.43091317645024924,2024-09-28 16:01:14.061361,2024-09-28 16:01:14.939913,0 days 00:00:00.878552,0.5774153792333709,0.06828860930207509,COMPLETE
61,61,-0.19377797771670247,2024-09-28 16:01:14.941104,2024-09-28 16:01:16.010295,0 days 00:00:01.069191,0.48926174152303414,0.015596365320006206,COMPLETE
62,62,-0.1693693303756585,2024-09-28 16:01:16.011164,2024-09-28 16:01:17.150059,0 days 00:00:01.138895,0.4943131400854411,0.01307420268879056,COMPLETE
63,63,-0.13669609196188479,2024-09-28 16:01:17.150917,2024-09-28 16:01:18.303418,0 days 00:00:01.152501,0.4259323764564993,0.01002798870429186,COMPLETE
64,64,-0.5664229718545721,2024-09-28 16:01:18.304508,2024-09-28 16:01:19.023376,0 days 00:00:00.718868,0.44995644752715774,0.1403129753611199,COMPLETE
65,65,-0.42111834038269635,2024-09-28 16:01:19.024323,2024-09-28 16:01:19.902670,0 days 00:00:00.878347,0.41331444037767767,0.06347163508783427,COMPLETE
66,66,-0.5366798420700032,2024-09-28 16:01:19.903617,2024-09-28 16:01:20.682985,0 days 00:00:00.779368,0.540871002354835,0.10995929981339077,COMPLETE
67,67,-0.6397653688554886,2024-09-28 16:01:20.683938,2024-09-28 16:01:21.322222,0 days 00:00:00.638284,0.7056356960200569,0.19062318198665795,COMPLETE
68,68,-0.5486821912032623,2024-09-28 16:01:21.323170,2024-09-28 16:01:22.052871,0 days 00:00:00.729701,0.5239616952062235,0.1357588657096925,COMPLETE
69,69,-0.3995456283474273,2024-09-28 16:01:22.053821,2024-09-28 16:01:22.993986,0 days 00:00:00.940165,0.4027044350713237,0.05537483263326669,COMPLETE
70,70,-0.6204871199403709,2024-09-28 16:01:22.994970,2024-09-28 16:01:23.685385,0 days 00:00:00.690415,0.3265454182535307,0.23968835793048576,COMPLETE
71,71,-0.1580749135022491,2024-09-28 16:01:23.686329,2024-09-28 16:01:24.783736,0 days 00:00:01.097407,0.46849884827649585,0.011581971785981166,COMPLETE
72,72,-0.1690852753392759,2024-09-28 16:01:24.785260,2024-09-28 16:01:25.908924,0 days 00:00:01.123664,0.4801917502475406,0.012782035167125408,COMPLETE
73,73,-0.49043765058656724,2024-09-28 16:01:25.909883,2024-09-28 16:01:26.718468,0 days 00:00:00.808585,0.4589627046396814,0.0909592938124463,COMPLETE
74,74,-0.41151861271703394,2024-09-28 16:01:26.719529,2024-09-28 16:01:27.637721,0 days 00:00:00.918192,0.5853442909982755,0.056646605324026565,COMPLETE
75,75,-0.1421085311629873,2024-09-28 16:01:27.638997,2024-09-28 16:01:28.791457,0 days 00:00:01.152460,0.5088591279646436,0.010198245312454543,COMPLETE
76,76,-0.537820356130762,2024-09-28 16:01:28.792500,2024-09-28 16:01:29.535515,0 days 00:00:00.743015,0.49368860665881426,0.11506357294861225,COMPLETE
77,77,-0.40678916100477075,2024-09-28 16:01:29.536492,2024-09-28 16:01:30.447229,0 days 00:00:00.910737,0.3370565323899547,0.058837577897920317,COMPLETE
78,78,-0.6121740577476006,2024-09-28 16:01:30.448222,2024-09-28 16:01:31.121798,0 days 00:00:00.673576,0.39865455741507216,0.20464569740587973,COMPLETE
79,79,-0.5987407814972169,2024-09-28 16:01:31.123011,2024-09-28 16:01:31.810928,0 days 00:00:00.687917,0.6191512544917552,0.15614716541389057,COMPLETE
80,80,-0.5029179572974811,2024-09-28 16:01:31.811935,2024-09-28 16:01:32.585417,0 days 00:00:00.773482,0.5128508935006706,0.0964007870439143,COMPLETE
81,81,-0.15343624681828508,2024-09-28 16:01:32.586768,2024-09-28 16:01:33.782379,0 days 00:00:01.195611,0.4372606246987629,0.01184255792488579,COMPLETE
82,82,-0.3714433933174386,2024-09-28 16:01:33.783395,2024-09-28 16:01:34.721929,0 days 00:00:00.938534,0.4548827349524495,0.04615882737806795,COMPLETE
83,83,-0.35320106867752943,2024-09-28 16:01:34.722906,2024-09-28 16:01:35.652413,0 days 00:00:00.929507,0.4839687957794265,0.04161326039652735,COMPLETE
84,84,-0.1400614698396324,2024-09-28 16:01:35.653360,2024-09-28 16:01:36.809263,0 days 00:00:01.155903,0.42454240437666657,0.010291684513407087,COMPLETE
85,85,-0.45885943490898456,2024-09-28 16:01:36.810182,2024-09-28 16:01:37.695836,0 days 00:00:00.885654,0.4289205226224359,0.08126173661473514,COMPLETE
86,86,-0.5406885068725913,2024-09-28 16:01:37.696793,2024-09-28 16:01:38.438086,0 days 00:00:00.741293,0.3963434667196062,0.12257137461338675,COMPLETE
87,87,-0.33213075687605825,2024-09-28 16:01:38.439652,2024-09-28 16:01:39.433096,0 days 00:00:00.993444,0.35826861391504145,0.03694977271105566,COMPLETE
88,88,-0.4468014323706738,2024-09-28 16:01:39.434318,2024-09-28 16:01:40.327345,0 days 00:00:00.893027,0.4297615809871281,0.0721974483640804,COMPLETE
89,89,-0.1526590427289566,2024-09-28 16:01:40.329128,2024-09-28 16:01:41.528930,0 days 00:00:01.199802,0.2882751741452755,0.011600201646648657,COMPLETE
90,90,-0.6429635369955263,2024-09-28 16:01:41.529877,2024-09-28 16:01:42.193312,0 days 00:00:00.663435,0.3191135138139744,0.2686119050158834,COMPLETE
91,91,-0.34506713976055153,2024-09-28 16:01:42.194289,2024-09-28 16:01:43.167275,0 days 00:00:00.972986,0.3791769673800664,0.04274426694865929,COMPLETE
92,92,-0.14183913634931963,2024-09-28 16:01:43.168241,2024-09-28 16:01:44.309777,0 days 00:00:01.141536,0.29544237030189274,0.01068820356416096,COMPLETE
93,93,-0.4847468528253799,2024-09-28 16:01:44.310772,2024-09-28 16:01:45.202525,0 days 00:00:00.891753,0.2826884373137786,0.0975423843079832,COMPLETE
94,94,-0.4059091972286165,2024-09-28 16:01:45.203573,2024-09-28 16:01:46.142836,0 days 00:00:00.939263,0.3517328599392502,0.058725825699084966,COMPLETE
95,95,-0.3017971181771642,2024-09-28 16:01:46.143832,2024-09-28 16:01:47.231745,0 days 00:00:01.087913,0.2657649121697681,0.03407661367564757,COMPLETE
96,96,-0.4372462552541885,2024-09-28 16:01:47.232779,2024-09-28 16:01:48.217120,0 days 00:00:00.984341,0.23060441183817373,0.07722180887348244,COMPLETE
97,97,-0.14700442906817981,2024-09-28 16:01:48.218343,2024-09-28 16:01:49.352732,0 days 00:00:01.134389,0.37907159752551134,0.01079929087153112,COMPLETE
98,98,-0.5292071393884716,2024-09-28 16:01:49.354006,2024-09-28 16:01:50.155650,0 days 00:00:00.801644,0.3875401477377492,0.11926913415014911,COMPLETE
99,99,-0.3286813910751106,2024-09-28 16:01:50.156748,2024-09-28 16:01:51.136202,0 days 00:00:00.979454,0.2994991251655067,0.03948857029867471,COMPLETE
100,100,-0.5698380279045571,2024-09-28 16:01:51.137322,2024-09-28 16:01:51.995227,0 days 00:00:00.857905,0.21356422222911242,0.15945745736451195,COMPLETE
101,101,-0.16052923847239348,2024-09-28 16:01:51.996320,2024-09-28 16:01:53.122124,0 days 00:00:01.125804,0.43721927984132647,0.011816748908493591,COMPLETE
102,102,-0.2818357238630806,2024-09-28 16:01:53.123153,2024-09-28 16:01:54.178976,0 days 00:00:01.055823,0.41598813094811965,0.02879910096990368,COMPLETE
103,103,-0.41355084812859705,2024-09-28 16:01:54.180011,2024-09-28 16:01:55.081068,0 days 00:00:00.901057,0.3398163269145337,0.060641501102541046,COMPLETE
104,104,-0.652992508604714,2024-09-28 16:01:55.082008,2024-09-28 16:01:55.748404,0 days 00:00:00.666396,0.3156270203411068,0.3818168359346838,COMPLETE
105,105,-0.14939078121403573,2024-09-28 16:01:55.749473,2024-09-28 16:01:56.916101,0 days 00:00:01.166628,0.46832765736005366,0.011169827660784375,COMPLETE
106,106,-0.48326114011112886,2024-09-28 16:01:56.917077,2024-09-28 16:01:57.814519,0 days 00:00:00.897442,0.37387700764953813,0.09130103526264832,COMPLETE
107,107,-0.30498590661511193,2024-09-28 16:01:57.815423,2024-09-28 16:01:58.763918,0 days 00:00:00.948495,0.8508398181933601,0.030858106465606633,COMPLETE
108,108,-0.4614241055111825,2024-09-28 16:01:58.764993,2024-09-28 16:01:59.639982,0 days 00:00:00.874989,0.537443778668824,0.07286203778202922,COMPLETE
109,109,-0.36990380480276147,2024-09-28 16:01:59.640922,2024-09-28 16:02:00.681052,0 days 00:00:01.040130,0.2613345712325283,0.049354104774077215,COMPLETE
110,110,-0.2777971654254306,2024-09-28 16:02:00.682047,2024-09-28 16:02:01.777419,0 days 00:00:01.095372,0.2871757954728429,0.02849521067674518,COMPLETE
111,111,-0.14880408128887052,2024-09-28 16:02:01.778283,2024-09-28 16:02:02.965391,0 days 00:00:01.187108,0.4682766186665672,0.010887028933435256,COMPLETE
112,112,-0.15285959079030983,2024-09-28 16:02:02.966304,2024-09-28 16:02:04.098400,0 days 00:00:01.132096,0.44013649729960547,0.011319559157341012,COMPLETE
113,113,-0.3910094788302445,2024-09-28 16:02:04.099388,2024-09-28 16:02:05.026005,0 days 00:00:00.926617,0.506537695715383,0.053829274825370754,COMPLETE
114,114,-0.4612518590789656,2024-09-28 16:02:05.027054,2024-09-28 16:02:05.861751,0 days 00:00:00.834697,0.5621597844127565,0.07836705670155285,COMPLETE
115,115,-0.511738184244812,2024-09-28 16:02:05.862844,2024-09-28 16:02:06.653335,0 days 00:00:00.790491,0.4184193869476761,0.10864382537166292,COMPLETE
116,116,-0.3394910834105469,2024-09-28 16:02:06.654398,2024-09-28 16:02:07.606350,0 days 00:00:00.951952,0.4755485556154836,0.03873338889462703,COMPLETE
117,117,-0.2748337308995405,2024-09-28 16:02:07.607968,2024-09-28 16:02:08.674775,0 days 00:00:01.066807,0.45150733117388914,0.027154258292125175,COMPLETE
118,118,-0.3970490252875396,2024-09-28 16:02:08.675907,2024-09-28 16:02:09.696466,0 days 00:00:01.020559,0.17061150369192057,0.06364597981601512,COMPLETE
119,119,-0.5465392385455103,2024-09-28 16:02:09.697430,2024-09-28 16:02:10.452249,0 days 00:00:00.754819,0.4127054063788609,0.13292249100107173,COMPLETE
120,120,-0.16355256625086476,2024-09-28 16:02:10.453156,2024-09-28 16:02:11.586002,0 days 00:00:01.132846,0.3832116554266677,0.012276084350895892,COMPLETE
121,121,-0.37844965474017445,2024-09-28 16:02:11.586934,2024-09-28 16:02:12.537395,0 days 00:00:00.950461,0.4408874243909113,0.04923612145326533,COMPLETE
122,122,-0.15424713300039597,2024-09-28 16:02:12.538326,2024-09-28 16:02:13.689479,0 days 00:00:01.151153,0.46771964607311567,0.011463101643190565,COMPLETE
123,123,-0.15128848460009856,2024-09-28 16:02:13.690489,2024-09-28 16:02:14.835997,0 days 00:00:01.145508,0.5123503103813467,0.011170261639521766,COMPLETE
124,124,-0.4933091258512584,2024-09-28 16:02:14.836974,2024-09-28 16:02:15.664097,0 days 00:00:00.827123,0.5561206541221535,0.08989344969548858,COMPLETE
125,125,-0.3121311847009486,2024-09-28 16:02:15.665241,2024-09-28 16:02:16.658308,0 days 00:00:00.993067,0.5116341874778956,0.032731715689089114,COMPLETE
126,126,-0.4354531853781282,2024-09-28 16:02:16.659315,2024-09-28 16:02:17.502035,0 days 00:00:00.842720,0.5201302739231609,0.06526065886907331,COMPLETE
127,127,-0.15667503954334372,2024-09-28 16:02:17.502997,2024-09-28 16:02:18.595166,0 days 00:00:01.092169,0.613889495760342,0.011105411399626829,COMPLETE
128,128,-0.3685061961691247,2024-09-28 16:02:18.596051,2024-09-28 16:02:19.581921,0 days 00:00:00.985870,0.34497130544575644,0.048890088256626184,COMPLETE
129,129,-0.47666550393353485,2024-09-28 16:02:19.582938,2024-09-28 16:02:20.460662,0 days 00:00:00.877724,0.4597315613715049,0.08425373056140587,COMPLETE
130,130,-0.323457496669156,2024-09-28 16:02:20.461574,2024-09-28 16:02:21.443267,0 days 00:00:00.981693,0.49372377054033467,0.0358376895158188,COMPLETE
131,131,-0.149758215997512,2024-09-28 16:02:21.444224,2024-09-28 16:02:22.583152,0 days 00:00:01.138928,0.4305669290841962,0.01077968362206073,COMPLETE
132,132,-0.13636038768798597,2024-09-28 16:02:22.584166,2024-09-28 16:02:23.741309,0 days 00:00:01.157143,0.39992076450573577,0.01021437505857924,COMPLETE
133,133,-0.4013290229556282,2024-09-28 16:02:23.742394,2024-09-28 16:02:24.635690,0 days 00:00:00.893296,0.39956142302799535,0.05446822528012839,COMPLETE
134,134,-0.2854034683382087,2024-09-28 16:02:24.636697,2024-09-28 16:02:25.682498,0 days 00:00:01.045801,0.39998206924677,0.028423300538215866,COMPLETE
135,135,-0.443203635409605,2024-09-28 16:02:25.683914,2024-09-28 16:02:26.608479,0 days 00:00:00.924565,0.37565638834028914,0.06951959313498655,COMPLETE
136,136,-0.2699674407253994,2024-09-28 16:02:26.609487,2024-09-28 16:02:27.747152,0 days 00:00:01.137665,0.1124854872432744,0.02875561083434552,COMPLETE
137,137,-0.4935865018995505,2024-09-28 16:02:27.748142,2024-09-28 16:02:28.593410,0 days 00:00:00.845268,0.36676969353449834,0.1029292592204801,COMPLETE
138,138,-0.36285359787127075,2024-09-28 16:02:28.594446,2024-09-28 16:02:29.653059,0 days 00:00:01.058613,0.20325737760489304,0.05096388666210362,COMPLETE
139,139,-0.28396579228894486,2024-09-28 16:02:29.654010,2024-09-28 16:02:30.800500,0 days 00:00:01.146490,0.14240520408181495,0.031021730426298,COMPLETE
140,140,-0.1586601091630274,2024-09-28 16:02:30.801457,2024-09-28 16:02:31.955274,0 days 00:00:01.153817,0.4763974930765893,0.011551069762699267,COMPLETE
141,141,-0.14829360136410788,2024-09-28 16:02:31.956503,2024-09-28 16:02:33.092423,0 days 00:00:01.135920,0.42998716396476844,0.011242680589333847,COMPLETE
142,142,-0.3659624107818445,2024-09-28 16:02:33.093389,2024-09-28 16:02:34.054981,0 days 00:00:00.961592,0.420170467246264,0.04644248166420606,COMPLETE
