,number,value,datetime_start,datetime_complete,duration,params_alpha_actor,params_alpha_critic,system_attrs_grid_id,system_attrs_search_space,state
299,299,-0.11923027941728012,2024-09-28 15:59:12.922566,2024-09-28 15:59:14.258472,0 days 00:00:01.335906,0.01,0.01,299,"{'alpha_actor': [0.01, 0.06210526315789474, 0.11421052631578947, 0.16631578947368422, 0.21842105263157896, 0.2705263157894737, 0.32263157894736844, 0.37473684210526315, 0.4268421052631579, 0.4789473684210527, 0.5310526315789474, 0.5831578947368421, 0.6352631578947369, 0.6873684210526316, 0.7394736842105263, 0.791578947368421, 0.8436842105263158, 0.8957894736842106, 0.9478947368421053, 1.0], 'alpha_critic': [0.01, 0.06210526315789474, 0.11421052631578947, 0.16631578947368422, 0.21842105263157896, 0.2705263157894737, 0.32263157894736844, 0.37473684210526315, 0.4268421052631579, 0.4789473684210527, 0.5310526315789474, 0.5831578947368421, 0.6352631578947369, 0.6873684210526316, 0.7394736842105263, 0.791578947368421, 0.8436842105263158, 0.8957894736842106, 0.9478947368421053, 1.0]}",COMPLETE
300,300,-0.4305766877400776,2024-09-28 15:59:14.259681,2024-09-28 15:59:15.210101,0 days 00:00:00.950420,0.5310526315789474,0.06210526315789474,300,"{'alpha_actor': [0.01, 0.06210526315789474, 0.11421052631578947, 0.16631578947368422, 0.21842105263157896, 0.2705263157894737, 0.32263157894736844, 0.37473684210526315, 0.4268421052631579, 0.4789473684210527, 0.5310526315789474, 0.5831578947368421, 0.6352631578947369, 0.6873684210526316, 0.7394736842105263, 0.791578947368421, 0.8436842105263158, 0.8957894736842106, 0.9478947368421053, 1.0], 'alpha_critic': [0.01, 0.06210526315789474, 0.11421052631578947, 0.16631578947368422, 0.21842105263157896, 0.2705263157894737, 0.32263157894736844, 0.37473684210526315, 0.4268421052631579, 0.4789473684210527, 0.5310526315789474, 0.5831578947368421, 0.6352631578947369, 0.6873684210526316, 0.7394736842105263, 0.791578947368421, 0.8436842105263158, 0.8957894736842106, 0.9478947368421053, 1.0]}",COMPLETE
301,301,-0.5093536287451454,2024-09-28 15:59:15.211150,2024-09-28 15:59:15.775062,0 days 00:00:00.563912,0.8436842105263158,1.0,301,"{'alpha_actor': [0.01, 0.06210526315789474, 0.11421052631578947, 0.16631578947368422, 0.21842105263157896, 0.2705263157894737, 0.32263157894736844, 0.37473684210526315, 0.4268421052631579, 0.4789473684210527, 0.5310526315789474, 0.5831578947368421, 0.6352631578947369, 0.6873684210526316, 0.7394736842105263, 0.791578947368421, 0.8436842105263158, 0.8957894736842106, 0.9478947368421053, 1.0], 'alpha_critic': [0.01, 0.06210526315789474, 0.11421052631578947, 0.16631578947368422, 0.21842105263157896, 0.2705263157894737, 0.32263157894736844, 0.37473684210526315, 0.4268421052631579, 0.4789473684210527, 0.5310526315789474, 0.5831578947368421, 0.6352631578947369, 0.6873684210526316, 0.7394736842105263, 0.791578947368421, 0.8436842105263158, 0.8957894736842106, 0.9478947368421053, 1.0]}",COMPLETE
302,302,-0.5136669530367475,2024-09-28 15:59:15.776246,2024-09-28 15:59:16.409439,0 days 00:00:00.633193,0.21842105263157896,0.9478947368421053,302,"{'alpha_actor': [0.01, 0.06210526315789474, 0.11421052631578947, 0.16631578947368422, 0.21842105263157896, 0.2705263157894737, 0.32263157894736844, 0.37473684210526315, 0.4268421052631579, 0.4789473684210527, 0.5310526315789474, 0.5831578947368421, 0.6352631578947369, 0.6873684210526316, 0.7394736842105263, 0.791578947368421, 0.8436842105263158, 0.8957894736842106, 0.9478947368421053, 1.0], 'alpha_critic': [0.01, 0.06210526315789474, 0.11421052631578947, 0.16631578947368422, 0.21842105263157896, 0.2705263157894737, 0.32263157894736844, 0.37473684210526315, 0.4268421052631579, 0.4789473684210527, 0.5310526315789474, 0.5831578947368421, 0.6352631578947369, 0.6873684210526316, 0.7394736842105263, 0.791578947368421, 0.8436842105263158, 0.8957894736842106, 0.9478947368421053, 1.0]}",COMPLETE
303,303,-0.630267337626922,2024-09-28 15:59:16.410664,2024-09-28 15:59:16.937041,0 days 00:00:00.526377,1.0,0.37473684210526315,303,"{'alpha_actor': [0.01, 0.06210526315789474, 0.11421052631578947, 0.16631578947368422, 0.21842105263157896, 0.2705263157894737, 0.32263157894736844, 0.37473684210526315, 0.4268421052631579, 0.4789473684210527, 0.5310526315789474, 0.5831578947368421, 0.6352631578947369, 0.6873684210526316, 0.7394736842105263, 0.791578947368421, 0.8436842105263158, 0.8957894736842106, 0.9478947368421053, 1.0], 'alpha_critic': [0.01, 0.06210526315789474, 0.11421052631578947, 0.16631578947368422, 0.21842105263157896, 0.2705263157894737, 0.32263157894736844, 0.37473684210526315, 0.4268421052631579, 0.4789473684210527, 0.5310526315789474, 0.5831578947368421, 0.6352631578947369, 0.6873684210526316, 0.7394736842105263, 0.791578947368421, 0.8436842105263158, 0.8957894736842106, 0.9478947368421053, 1.0]}",COMPLETE
304,304,-0.5063556621466241,2024-09-28 15:59:16.938146,2024-09-28 15:59:17.465636,0 days 00:00:00.527490,0.4268421052631579,0.9478947368421053,304,"{'alpha_actor': [0.01, 0.06210526315789474, 0.11421052631578947, 0.16631578947368422, 0.21842105263157896, 0.2705263157894737, 0.32263157894736844, 0.37473684210526315, 0.4268421052631579, 0.4789473684210527, 0.5310526315789474, 0.5831578947368421, 0.6352631578947369, 0.6873684210526316, 0.7394736842105263, 0.791578947368421, 0.8436842105263158, 0.8957894736842106, 0.9478947368421053, 1.0], 'alpha_critic': [0.01, 0.06210526315789474, 0.11421052631578947, 0.16631578947368422, 0.21842105263157896, 0.2705263157894737, 0.32263157894736844, 0.37473684210526315, 0.4268421052631579, 0.4789473684210527, 0.5310526315789474, 0.5831578947368421, 0.6352631578947369, 0.6873684210526316, 0.7394736842105263, 0.791578947368421, 0.8436842105263158, 0.8957894736842106, 0.9478947368421053, 1.0]}",COMPLETE
305,305,-0.5634649266306738,2024-09-28 15:59:17.466937,2024-09-28 15:59:18.014780,0 days 00:00:00.547843,0.6352631578947369,0.8436842105263158,305,"{'alpha_actor': [0.01, 0.06210526315789474, 0.11421052631578947, 0.16631578947368422, 0.21842105263157896, 0.2705263157894737, 0.32263157894736844, 0.37473684210526315, 0.4268421052631579, 0.4789473684210527, 0.5310526315789474, 0.5831578947368421, 0.6352631578947369, 0.6873684210526316, 0.7394736842105263, 0.791578947368421, 0.8436842105263158, 0.8957894736842106, 0.9478947368421053, 1.0], 'alpha_critic': [0.01, 0.06210526315789474, 0.11421052631578947, 0.16631578947368422, 0.21842105263157896, 0.2705263157894737, 0.32263157894736844, 0.37473684210526315, 0.4268421052631579, 0.4789473684210527, 0.5310526315789474, 0.5831578947368421, 0.6352631578947369, 0.6873684210526316, 0.7394736842105263, 0.791578947368421, 0.8436842105263158, 0.8957894736842106, 0.9478947368421053, 1.0]}",COMPLETE
306,306,-0.5277719815055985,2024-09-28 15:59:18.016145,2024-09-28 15:59:18.640439,0 days 00:00:00.624294,0.21842105263157896,0.7394736842105263,306,"{'alpha_actor': [0.01, 0.06210526315789474, 0.11421052631578947, 0.16631578947368422, 0.21842105263157896, 0.2705263157894737, 0.32263157894736844, 0.37473684210526315, 0.4268421052631579, 0.4789473684210527, 0.5310526315789474, 0.5831578947368421, 0.6352631578947369, 0.6873684210526316, 0.7394736842105263, 0.791578947368421, 0.8436842105263158, 0.8957894736842106, 0.9478947368421053, 1.0], 'alpha_critic': [0.01, 0.06210526315789474, 0.11421052631578947, 0.16631578947368422, 0.21842105263157896, 0.2705263157894737, 0.32263157894736844, 0.37473684210526315, 0.4268421052631579, 0.4789473684210527, 0.5310526315789474, 0.5831578947368421, 0.6352631578947369, 0.6873684210526316, 0.7394736842105263, 0.791578947368421, 0.8436842105263158, 0.8957894736842106, 0.9478947368421053, 1.0]}",COMPLETE
307,307,-0.636033132064145,2024-09-28 15:59:18.641864,2024-09-28 15:59:19.229384,0 days 00:00:00.587520,0.9478947368421053,0.4789473684210527,307,"{'alpha_actor': [0.01, 0.06210526315789474, 0.11421052631578947, 0.16631578947368422, 0.21842105263157896, 0.2705263157894737, 0.32263157894736844, 0.37473684210526315, 0.4268421052631579, 0.4789473684210527, 0.5310526315789474, 0.5831578947368421, 0.6352631578947369, 0.6873684210526316, 0.7394736842105263, 0.791578947368421, 0.8436842105263158, 0.8957894736842106, 0.9478947368421053, 1.0], 'alpha_critic': [0.01, 0.06210526315789474, 0.11421052631578947, 0.16631578947368422, 0.21842105263157896, 0.2705263157894737, 0.32263157894736844, 0.37473684210526315, 0.4268421052631579, 0.4789473684210527, 0.5310526315789474, 0.5831578947368421, 0.6352631578947369, 0.6873684210526316, 0.7394736842105263, 0.791578947368421, 0.8436842105263158, 0.8957894736842106, 0.9478947368421053, 1.0]}",COMPLETE
308,308,-0.5653849531841566,2024-09-28 15:59:19.230492,2024-09-28 15:59:19.881477,0 days 00:00:00.650985,0.21842105263157896,0.791578947368421,308,"{'alpha_actor': [0.01, 0.06210526315789474, 0.11421052631578947, 0.16631578947368422, 0.21842105263157896, 0.2705263157894737, 0.32263157894736844, 0.37473684210526315, 0.4268421052631579, 0.4789473684210527, 0.5310526315789474, 0.5831578947368421, 0.6352631578947369, 0.6873684210526316, 0.7394736842105263, 0.791578947368421, 0.8436842105263158, 0.8957894736842106, 0.9478947368421053, 1.0], 'alpha_critic': [0.01, 0.06210526315789474, 0.11421052631578947, 0.16631578947368422, 0.21842105263157896, 0.2705263157894737, 0.32263157894736844, 0.37473684210526315, 0.4268421052631579, 0.4789473684210527, 0.5310526315789474, 0.5831578947368421, 0.6352631578947369, 0.6873684210526316, 0.7394736842105263, 0.791578947368421, 0.8436842105263158, 0.8957894736842106, 0.9478947368421053, 1.0]}",COMPLETE
309,309,-0.629521647461186,2024-09-28 15:59:19.882566,2024-09-28 15:59:20.400046,0 days 00:00:00.517480,0.8957894736842106,0.5831578947368421,309,"{'alpha_actor': [0.01, 0.06210526315789474, 0.11421052631578947, 0.16631578947368422, 0.21842105263157896, 0.2705263157894737, 0.32263157894736844, 0.37473684210526315, 0.4268421052631579, 0.4789473684210527, 0.5310526315789474, 0.5831578947368421, 0.6352631578947369, 0.6873684210526316, 0.7394736842105263, 0.791578947368421, 0.8436842105263158, 0.8957894736842106, 0.9478947368421053, 1.0], 'alpha_critic': [0.01, 0.06210526315789474, 0.11421052631578947, 0.16631578947368422, 0.21842105263157896, 0.2705263157894737, 0.32263157894736844, 0.37473684210526315, 0.4268421052631579, 0.4789473684210527, 0.5310526315789474, 0.5831578947368421, 0.6352631578947369, 0.6873684210526316, 0.7394736842105263, 0.791578947368421, 0.8436842105263158, 0.8957894736842106, 0.9478947368421053, 1.0]}",COMPLETE
310,310,-0.6280664393779501,2024-09-28 15:59:20.401800,2024-09-28 15:59:20.970285,0 days 00:00:00.568485,0.4268421052631579,0.4789473684210527,310,"{'alpha_actor': [0.01, 0.06210526315789474, 0.11421052631578947, 0.16631578947368422, 0.21842105263157896, 0.2705263157894737, 0.32263157894736844, 0.37473684210526315, 0.4268421052631579, 0.4789473684210527, 0.5310526315789474, 0.5831578947368421, 0.6352631578947369, 0.6873684210526316, 0.7394736842105263, 0.791578947368421, 0.8436842105263158, 0.8957894736842106, 0.9478947368421053, 1.0], 'alpha_critic': [0.01, 0.06210526315789474, 0.11421052631578947, 0.16631578947368422, 0.21842105263157896, 0.2705263157894737, 0.32263157894736844, 0.37473684210526315, 0.4268421052631579, 0.4789473684210527, 0.5310526315789474, 0.5831578947368421, 0.6352631578947369, 0.6873684210526316, 0.7394736842105263, 0.791578947368421, 0.8436842105263158, 0.8957894736842106, 0.9478947368421053, 1.0]}",COMPLETE
311,311,-0.6046047285558748,2024-09-28 15:59:20.971400,2024-09-28 15:59:21.682265,0 days 00:00:00.710865,0.16631578947368422,0.4789473684210527,311,"{'alpha_actor': [0.01, 0.06210526315789474, 0.11421052631578947, 0.16631578947368422, 0.21842105263157896, 0.2705263157894737, 0.32263157894736844, 0.37473684210526315, 0.4268421052631579, 0.4789473684210527, 0.5310526315789474, 0.5831578947368421, 0.6352631578947369, 0.6873684210526316, 0.7394736842105263, 0.791578947368421, 0.8436842105263158, 0.8957894736842106, 0.9478947368421053, 1.0], 'alpha_critic': [0.01, 0.06210526315789474, 0.11421052631578947, 0.16631578947368422, 0.21842105263157896, 0.2705263157894737, 0.32263157894736844, 0.37473684210526315, 0.4268421052631579, 0.4789473684210527, 0.5310526315789474, 0.5831578947368421, 0.6352631578947369, 0.6873684210526316, 0.7394736842105263, 0.791578947368421, 0.8436842105263158, 0.8957894736842106, 0.9478947368421053, 1.0]}",COMPLETE
312,312,-0.649303738035362,2024-09-28 15:59:21.683411,2024-09-28 15:59:22.281715,0 days 00:00:00.598304,0.791578947368421,0.2705263157894737,312,"{'alpha_actor': [0.01, 0.06210526315789474, 0.11421052631578947, 0.16631578947368422, 0.21842105263157896, 0.2705263157894737, 0.32263157894736844, 0.37473684210526315, 0.4268421052631579, 0.4789473684210527, 0.5310526315789474, 0.5831578947368421, 0.6352631578947369, 0.6873684210526316, 0.7394736842105263, 0.791578947368421, 0.8436842105263158, 0.8957894736842106, 0.9478947368421053, 1.0], 'alpha_critic': [0.01, 0.06210526315789474, 0.11421052631578947, 0.16631578947368422, 0.21842105263157896, 0.2705263157894737, 0.32263157894736844, 0.37473684210526315, 0.4268421052631579, 0.4789473684210527, 0.5310526315789474, 0.5831578947368421, 0.6352631578947369, 0.6873684210526316, 0.7394736842105263, 0.791578947368421, 0.8436842105263158, 0.8957894736842106, 0.9478947368421053, 1.0]}",COMPLETE
313,313,-0.580827703495452,2024-09-28 15:59:22.282811,2024-09-28 15:59:23.127802,0 days 00:00:00.844991,0.11421052631578947,0.4268421052631579,313,"{'alpha_actor': [0.01, 0.06210526315789474, 0.11421052631578947, 0.16631578947368422, 0.21842105263157896, 0.2705263157894737, 0.32263157894736844, 0.37473684210526315, 0.4268421052631579, 0.4789473684210527, 0.5310526315789474, 0.5831578947368421, 0.6352631578947369, 0.6873684210526316, 0.7394736842105263, 0.791578947368421, 0.8436842105263158, 0.8957894736842106, 0.9478947368421053, 1.0], 'alpha_critic': [0.01, 0.06210526315789474, 0.11421052631578947, 0.16631578947368422, 0.21842105263157896, 0.2705263157894737, 0.32263157894736844, 0.37473684210526315, 0.4268421052631579, 0.4789473684210527, 0.5310526315789474, 0.5831578947368421, 0.6352631578947369, 0.6873684210526316, 0.7394736842105263, 0.791578947368421, 0.8436842105263158, 0.8957894736842106, 0.9478947368421053, 1.0]}",COMPLETE
314,314,-0.6422397748086629,2024-09-28 15:59:23.128939,2024-09-28 15:59:23.713726,0 days 00:00:00.584787,0.5310526315789474,0.37473684210526315,314,"{'alpha_actor': [0.01, 0.06210526315789474, 0.11421052631578947, 0.16631578947368422, 0.21842105263157896, 0.2705263157894737, 0.32263157894736844, 0.37473684210526315, 0.4268421052631579, 0.4789473684210527, 0.5310526315789474, 0.5831578947368421, 0.6352631578947369, 0.6873684210526316, 0.7394736842105263, 0.791578947368421, 0.8436842105263158, 0.8957894736842106, 0.9478947368421053, 1.0], 'alpha_critic': [0.01, 0.06210526315789474, 0.11421052631578947, 0.16631578947368422, 0.21842105263157896, 0.2705263157894737, 0.32263157894736844, 0.37473684210526315, 0.4268421052631579, 0.4789473684210527, 0.5310526315789474, 0.5831578947368421, 0.6352631578947369, 0.6873684210526316, 0.7394736842105263, 0.791578947368421, 0.8436842105263158, 0.8957894736842106, 0.9478947368421053, 1.0]}",COMPLETE
315,315,-0.533454627489391,2024-09-28 15:59:23.714945,2024-09-28 15:59:24.271647,0 days 00:00:00.556702,0.6873684210526316,1.0,315,"{'alpha_actor': [0.01, 0.06210526315789474, 0.11421052631578947, 0.16631578947368422, 0.21842105263157896, 0.2705263157894737, 0.32263157894736844, 0.37473684210526315, 0.4268421052631579, 0.4789473684210527, 0.5310526315789474, 0.5831578947368421, 0.6352631578947369, 0.6873684210526316, 0.7394736842105263, 0.791578947368421, 0.8436842105263158, 0.8957894736842106, 0.9478947368421053, 1.0], 'alpha_critic': [0.01, 0.06210526315789474, 0.11421052631578947, 0.16631578947368422, 0.21842105263157896, 0.2705263157894737, 0.32263157894736844, 0.37473684210526315, 0.4268421052631579, 0.4789473684210527, 0.5310526315789474, 0.5831578947368421, 0.6352631578947369, 0.6873684210526316, 0.7394736842105263, 0.791578947368421, 0.8436842105263158, 0.8957894736842106, 0.9478947368421053, 1.0]}",COMPLETE
316,316,-0.6460726589604899,2024-09-28 15:59:24.272824,2024-09-28 15:59:24.820012,0 days 00:00:00.547188,0.5831578947368421,0.37473684210526315,316,"{'alpha_actor': [0.01, 0.06210526315789474, 0.11421052631578947, 0.16631578947368422, 0.21842105263157896, 0.2705263157894737, 0.32263157894736844, 0.37473684210526315, 0.4268421052631579, 0.4789473684210527, 0.5310526315789474, 0.5831578947368421, 0.6352631578947369, 0.6873684210526316, 0.7394736842105263, 0.791578947368421, 0.8436842105263158, 0.8957894736842106, 0.9478947368421053, 1.0], 'alpha_critic': [0.01, 0.06210526315789474, 0.11421052631578947, 0.16631578947368422, 0.21842105263157896, 0.2705263157894737, 0.32263157894736844, 0.37473684210526315, 0.4268421052631579, 0.4789473684210527, 0.5310526315789474, 0.5831578947368421, 0.6352631578947369, 0.6873684210526316, 0.7394736842105263, 0.791578947368421, 0.8436842105263158, 0.8957894736842106, 0.9478947368421053, 1.0]}",COMPLETE
317,317,-0.6204047101624025,2024-09-28 15:59:24.821284,2024-09-28 15:59:25.448374,0 days 00:00:00.627090,0.37473684210526315,0.4268421052631579,317,"{'alpha_actor': [0.01, 0.06210526315789474, 0.11421052631578947, 0.16631578947368422, 0.21842105263157896, 0.2705263157894737, 0.32263157894736844, 0.37473684210526315, 0.4268421052631579, 0.4789473684210527, 0.5310526315789474, 0.5831578947368421, 0.6352631578947369, 0.6873684210526316, 0.7394736842105263, 0.791578947368421, 0.8436842105263158, 0.8957894736842106, 0.9478947368421053, 1.0], 'alpha_critic': [0.01, 0.06210526315789474, 0.11421052631578947, 0.16631578947368422, 0.21842105263157896, 0.2705263157894737, 0.32263157894736844, 0.37473684210526315, 0.4268421052631579, 0.4789473684210527, 0.5310526315789474, 0.5831578947368421, 0.6352631578947369, 0.6873684210526316, 0.7394736842105263, 0.791578947368421, 0.8436842105263158, 0.8957894736842106, 0.9478947368421053, 1.0]}",COMPLETE
318,318,-0.5945599836346958,2024-09-28 15:59:25.449521,2024-09-28 15:59:26.223728,0 days 00:00:00.774207,0.37473684210526315,0.16631578947368422,318,"{'alpha_actor': [0.01, 0.06210526315789474, 0.11421052631578947, 0.16631578947368422, 0.21842105263157896, 0.2705263157894737, 0.32263157894736844, 0.37473684210526315, 0.4268421052631579, 0.4789473684210527, 0.5310526315789474, 0.5831578947368421, 0.6352631578947369, 0.6873684210526316, 0.7394736842105263, 0.791578947368421, 0.8436842105263158, 0.8957894736842106, 0.9478947368421053, 1.0], 'alpha_critic': [0.01, 0.06210526315789474, 0.11421052631578947, 0.16631578947368422, 0.21842105263157896, 0.2705263157894737, 0.32263157894736844, 0.37473684210526315, 0.4268421052631579, 0.4789473684210527, 0.5310526315789474, 0.5831578947368421, 0.6352631578947369, 0.6873684210526316, 0.7394736842105263, 0.791578947368421, 0.8436842105263158, 0.8957894736842106, 0.9478947368421053, 1.0]}",COMPLETE
319,319,-0.14029152115307064,2024-09-28 15:59:26.225127,2024-09-28 15:59:27.365252,0 days 00:00:01.140125,0.4789473684210527,0.01,319,"{'alpha_actor': [0.01, 0.06210526315789474, 0.11421052631578947, 0.16631578947368422, 0.21842105263157896, 0.2705263157894737, 0.32263157894736844, 0.37473684210526315, 0.4268421052631579, 0.4789473684210527, 0.5310526315789474, 0.5831578947368421, 0.6352631578947369, 0.6873684210526316, 0.7394736842105263, 0.791578947368421, 0.8436842105263158, 0.8957894736842106, 0.9478947368421053, 1.0], 'alpha_critic': [0.01, 0.06210526315789474, 0.11421052631578947, 0.16631578947368422, 0.21842105263157896, 0.2705263157894737, 0.32263157894736844, 0.37473684210526315, 0.4268421052631579, 0.4789473684210527, 0.5310526315789474, 0.5831578947368421, 0.6352631578947369, 0.6873684210526316, 0.7394736842105263, 0.791578947368421, 0.8436842105263158, 0.8957894736842106, 0.9478947368421053, 1.0]}",COMPLETE
320,320,-0.6021866739430695,2024-09-28 15:59:27.366381,2024-09-28 15:59:27.973794,0 days 00:00:00.607413,0.32263157894736844,0.5831578947368421,320,"{'alpha_actor': [0.01, 0.06210526315789474, 0.11421052631578947, 0.16631578947368422, 0.21842105263157896, 0.2705263157894737, 0.32263157894736844, 0.37473684210526315, 0.4268421052631579, 0.4789473684210527, 0.5310526315789474, 0.5831578947368421, 0.6352631578947369, 0.6873684210526316, 0.7394736842105263, 0.791578947368421, 0.8436842105263158, 0.8957894736842106, 0.9478947368421053, 1.0], 'alpha_critic': [0.01, 0.06210526315789474, 0.11421052631578947, 0.16631578947368422, 0.21842105263157896, 0.2705263157894737, 0.32263157894736844, 0.37473684210526315, 0.4268421052631579, 0.4789473684210527, 0.5310526315789474, 0.5831578947368421, 0.6352631578947369, 0.6873684210526316, 0.7394736842105263, 0.791578947368421, 0.8436842105263158, 0.8957894736842106, 0.9478947368421053, 1.0]}",COMPLETE
321,321,-0.5520176091846658,2024-09-28 15:59:27.974884,2024-09-28 15:59:28.467063,0 days 00:00:00.492179,0.8957894736842106,0.8957894736842106,321,"{'alpha_actor': [0.01, 0.06210526315789474, 0.11421052631578947, 0.16631578947368422, 0.21842105263157896, 0.2705263157894737, 0.32263157894736844, 0.37473684210526315, 0.4268421052631579, 0.4789473684210527, 0.5310526315789474, 0.5831578947368421, 0.6352631578947369, 0.6873684210526316, 0.7394736842105263, 0.791578947368421, 0.8436842105263158, 0.8957894736842106, 0.9478947368421053, 1.0], 'alpha_critic': [0.01, 0.06210526315789474, 0.11421052631578947, 0.16631578947368422, 0.21842105263157896, 0.2705263157894737, 0.32263157894736844, 0.37473684210526315, 0.4268421052631579, 0.4789473684210527, 0.5310526315789474, 0.5831578947368421, 0.6352631578947369, 0.6873684210526316, 0.7394736842105263, 0.791578947368421, 0.8436842105263158, 0.8957894736842106, 0.9478947368421053, 1.0]}",COMPLETE
