,number,value,datetime_start,datetime_complete,duration,params_alpha_actor,params_alpha_critic,system_attrs_grid_id,system_attrs_search_space,state
0,0,2.7658463265953936,2024-09-29 00:35:19.547983,2024-09-29 00:35:22.512852,0 days 00:00:02.964869,0.32263157894736844,0.6352631578947369,0,"{'alpha_actor': [0.01, 0.06210526315789474, 0.11421052631578947, 0.16631578947368422, 0.21842105263157896, 0.2705263157894737, 0.32263157894736844, 0.37473684210526315, 0.4268421052631579, 0.4789473684210527, 0.5310526315789474, 0.5831578947368421, 0.6352631578947369, 0.6873684210526316, 0.7394736842105263, 0.791578947368421, 0.8436842105263158, 0.8957894736842106, 0.9478947368421053, 1.0], 'alpha_critic': [0.01, 0.06210526315789474, 0.11421052631578947, 0.16631578947368422, 0.21842105263157896, 0.2705263157894737, 0.32263157894736844, 0.37473684210526315, 0.4268421052631579, 0.4789473684210527, 0.5310526315789474, 0.5831578947368421, 0.6352631578947369, 0.6873684210526316, 0.7394736842105263, 0.791578947368421, 0.8436842105263158, 0.8957894736842106, 0.9478947368421053, 1.0]}",COMPLETE
1,1,2.7600096476201474,2024-09-29 00:35:22.514038,2024-09-29 00:35:25.312105,0 days 00:00:02.798067,0.791578947368421,0.4789473684210527,1,"{'alpha_actor': [0.01, 0.06210526315789474, 0.11421052631578947, 0.16631578947368422, 0.21842105263157896, 0.2705263157894737, 0.32263157894736844, 0.37473684210526315, 0.4268421052631579, 0.4789473684210527, 0.5310526315789474, 0.5831578947368421, 0.6352631578947369, 0.6873684210526316, 0.7394736842105263, 0.791578947368421, 0.8436842105263158, 0.8957894736842106, 0.9478947368421053, 1.0], 'alpha_critic': [0.01, 0.06210526315789474, 0.11421052631578947, 0.16631578947368422, 0.21842105263157896, 0.2705263157894737, 0.32263157894736844, 0.37473684210526315, 0.4268421052631579, 0.4789473684210527, 0.5310526315789474, 0.5831578947368421, 0.6352631578947369, 0.6873684210526316, 0.7394736842105263, 0.791578947368421, 0.8436842105263158, 0.8957894736842106, 0.9478947368421053, 1.0]}",COMPLETE
2,2,1.5115200528470827,2024-09-29 00:35:25.313323,2024-09-29 00:35:30.374011,0 days 00:00:05.060688,0.8957894736842106,0.06210526315789474,2,"{'alpha_actor': [0.01, 0.06210526315789474, 0.11421052631578947, 0.16631578947368422, 0.21842105263157896, 0.2705263157894737, 0.32263157894736844, 0.37473684210526315, 0.4268421052631579, 0.4789473684210527, 0.5310526315789474, 0.5831578947368421, 0.6352631578947369, 0.6873684210526316, 0.7394736842105263, 0.791578947368421, 0.8436842105263158, 0.8957894736842106, 0.9478947368421053, 1.0], 'alpha_critic': [0.01, 0.06210526315789474, 0.11421052631578947, 0.16631578947368422, 0.21842105263157896, 0.2705263157894737, 0.32263157894736844, 0.37473684210526315, 0.4268421052631579, 0.4789473684210527, 0.5310526315789474, 0.5831578947368421, 0.6352631578947369, 0.6873684210526316, 0.7394736842105263, 0.791578947368421, 0.8436842105263158, 0.8957894736842106, 0.9478947368421053, 1.0]}",COMPLETE
3,3,2.861439905372243,2024-09-29 00:35:30.375422,2024-09-29 00:35:33.192705,0 days 00:00:02.817283,0.4789473684210527,0.8436842105263158,3,"{'alpha_actor': [0.01, 0.06210526315789474, 0.11421052631578947, 0.16631578947368422, 0.21842105263157896, 0.2705263157894737, 0.32263157894736844, 0.37473684210526315, 0.4268421052631579, 0.4789473684210527, 0.5310526315789474, 0.5831578947368421, 0.6352631578947369, 0.6873684210526316, 0.7394736842105263, 0.791578947368421, 0.8436842105263158, 0.8957894736842106, 0.9478947368421053, 1.0], 'alpha_critic': [0.01, 0.06210526315789474, 0.11421052631578947, 0.16631578947368422, 0.21842105263157896, 0.2705263157894737, 0.32263157894736844, 0.37473684210526315, 0.4268421052631579, 0.4789473684210527, 0.5310526315789474, 0.5831578947368421, 0.6352631578947369, 0.6873684210526316, 0.7394736842105263, 0.791578947368421, 0.8436842105263158, 0.8957894736842106, 0.9478947368421053, 1.0]}",COMPLETE
4,4,2.593051481517049,2024-09-29 00:35:33.193691,2024-09-29 00:35:36.301582,0 days 00:00:03.107891,0.6352631578947369,0.32263157894736844,4,"{'alpha_actor': [0.01, 0.06210526315789474, 0.11421052631578947, 0.16631578947368422, 0.21842105263157896, 0.2705263157894737, 0.32263157894736844, 0.37473684210526315, 0.4268421052631579, 0.4789473684210527, 0.5310526315789474, 0.5831578947368421, 0.6352631578947369, 0.6873684210526316, 0.7394736842105263, 0.791578947368421, 0.8436842105263158, 0.8957894736842106, 0.9478947368421053, 1.0], 'alpha_critic': [0.01, 0.06210526315789474, 0.11421052631578947, 0.16631578947368422, 0.21842105263157896, 0.2705263157894737, 0.32263157894736844, 0.37473684210526315, 0.4268421052631579, 0.4789473684210527, 0.5310526315789474, 0.5831578947368421, 0.6352631578947369, 0.6873684210526316, 0.7394736842105263, 0.791578947368421, 0.8436842105263158, 0.8957894736842106, 0.9478947368421053, 1.0]}",COMPLETE
5,5,0.3847514126722439,2024-09-29 00:35:36.302525,2024-09-29 00:35:43.077059,0 days 00:00:06.774534,0.16631578947368422,0.01,5,"{'alpha_actor': [0.01, 0.06210526315789474, 0.11421052631578947, 0.16631578947368422, 0.21842105263157896, 0.2705263157894737, 0.32263157894736844, 0.37473684210526315, 0.4268421052631579, 0.4789473684210527, 0.5310526315789474, 0.5831578947368421, 0.6352631578947369, 0.6873684210526316, 0.7394736842105263, 0.791578947368421, 0.8436842105263158, 0.8957894736842106, 0.9478947368421053, 1.0], 'alpha_critic': [0.01, 0.06210526315789474, 0.11421052631578947, 0.16631578947368422, 0.21842105263157896, 0.2705263157894737, 0.32263157894736844, 0.37473684210526315, 0.4268421052631579, 0.4789473684210527, 0.5310526315789474, 0.5831578947368421, 0.6352631578947369, 0.6873684210526316, 0.7394736842105263, 0.791578947368421, 0.8436842105263158, 0.8957894736842106, 0.9478947368421053, 1.0]}",COMPLETE
6,6,2.8263540646261225,2024-09-29 00:35:43.078077,2024-09-29 00:35:46.003653,0 days 00:00:02.925576,0.37473684210526315,0.791578947368421,6,"{'alpha_actor': [0.01, 0.06210526315789474, 0.11421052631578947, 0.16631578947368422, 0.21842105263157896, 0.2705263157894737, 0.32263157894736844, 0.37473684210526315, 0.4268421052631579, 0.4789473684210527, 0.5310526315789474, 0.5831578947368421, 0.6352631578947369, 0.6873684210526316, 0.7394736842105263, 0.791578947368421, 0.8436842105263158, 0.8957894736842106, 0.9478947368421053, 1.0], 'alpha_critic': [0.01, 0.06210526315789474, 0.11421052631578947, 0.16631578947368422, 0.21842105263157896, 0.2705263157894737, 0.32263157894736844, 0.37473684210526315, 0.4268421052631579, 0.4789473684210527, 0.5310526315789474, 0.5831578947368421, 0.6352631578947369, 0.6873684210526316, 0.7394736842105263, 0.791578947368421, 0.8436842105263158, 0.8957894736842106, 0.9478947368421053, 1.0]}",COMPLETE
7,7,1.497619300489131,2024-09-29 00:35:46.004712,2024-09-29 00:35:50.781638,0 days 00:00:04.776926,0.6873684210526316,0.06210526315789474,7,"{'alpha_actor': [0.01, 0.06210526315789474, 0.11421052631578947, 0.16631578947368422, 0.21842105263157896, 0.2705263157894737, 0.32263157894736844, 0.37473684210526315, 0.4268421052631579, 0.4789473684210527, 0.5310526315789474, 0.5831578947368421, 0.6352631578947369, 0.6873684210526316, 0.7394736842105263, 0.791578947368421, 0.8436842105263158, 0.8957894736842106, 0.9478947368421053, 1.0], 'alpha_critic': [0.01, 0.06210526315789474, 0.11421052631578947, 0.16631578947368422, 0.21842105263157896, 0.2705263157894737, 0.32263157894736844, 0.37473684210526315, 0.4268421052631579, 0.4789473684210527, 0.5310526315789474, 0.5831578947368421, 0.6352631578947369, 0.6873684210526316, 0.7394736842105263, 0.791578947368421, 0.8436842105263158, 0.8957894736842106, 0.9478947368421053, 1.0]}",COMPLETE
8,8,1.4550730445410687,2024-09-29 00:35:50.782601,2024-09-29 00:35:55.958562,0 days 00:00:05.175961,0.37473684210526315,0.06210526315789474,8,"{'alpha_actor': [0.01, 0.06210526315789474, 0.11421052631578947, 0.16631578947368422, 0.21842105263157896, 0.2705263157894737, 0.32263157894736844, 0.37473684210526315, 0.4268421052631579, 0.4789473684210527, 0.5310526315789474, 0.5831578947368421, 0.6352631578947369, 0.6873684210526316, 0.7394736842105263, 0.791578947368421, 0.8436842105263158, 0.8957894736842106, 0.9478947368421053, 1.0], 'alpha_critic': [0.01, 0.06210526315789474, 0.11421052631578947, 0.16631578947368422, 0.21842105263157896, 0.2705263157894737, 0.32263157894736844, 0.37473684210526315, 0.4268421052631579, 0.4789473684210527, 0.5310526315789474, 0.5831578947368421, 0.6352631578947369, 0.6873684210526316, 0.7394736842105263, 0.791578947368421, 0.8436842105263158, 0.8957894736842106, 0.9478947368421053, 1.0]}",COMPLETE
9,9,2.856222751807513,2024-09-29 00:35:55.959704,2024-09-29 00:35:58.575898,0 days 00:00:02.616194,0.5310526315789474,0.7394736842105263,9,"{'alpha_actor': [0.01, 0.06210526315789474, 0.11421052631578947, 0.16631578947368422, 0.21842105263157896, 0.2705263157894737, 0.32263157894736844, 0.37473684210526315, 0.4268421052631579, 0.4789473684210527, 0.5310526315789474, 0.5831578947368421, 0.6352631578947369, 0.6873684210526316, 0.7394736842105263, 0.791578947368421, 0.8436842105263158, 0.8957894736842106, 0.9478947368421053, 1.0], 'alpha_critic': [0.01, 0.06210526315789474, 0.11421052631578947, 0.16631578947368422, 0.21842105263157896, 0.2705263157894737, 0.32263157894736844, 0.37473684210526315, 0.4268421052631579, 0.4789473684210527, 0.5310526315789474, 0.5831578947368421, 0.6352631578947369, 0.6873684210526316, 0.7394736842105263, 0.791578947368421, 0.8436842105263158, 0.8957894736842106, 0.9478947368421053, 1.0]}",COMPLETE
10,10,2.3916209646811857,2024-09-29 00:35:58.576890,2024-09-29 00:36:03.411782,0 days 00:00:04.834892,0.06210526315789474,0.8957894736842106,10,"{'alpha_actor': [0.01, 0.06210526315789474, 0.11421052631578947, 0.16631578947368422, 0.21842105263157896, 0.2705263157894737, 0.32263157894736844, 0.37473684210526315, 0.4268421052631579, 0.4789473684210527, 0.5310526315789474, 0.5831578947368421, 0.6352631578947369, 0.6873684210526316, 0.7394736842105263, 0.791578947368421, 0.8436842105263158, 0.8957894736842106, 0.9478947368421053, 1.0], 'alpha_critic': [0.01, 0.06210526315789474, 0.11421052631578947, 0.16631578947368422, 0.21842105263157896, 0.2705263157894737, 0.32263157894736844, 0.37473684210526315, 0.4268421052631579, 0.4789473684210527, 0.5310526315789474, 0.5831578947368421, 0.6352631578947369, 0.6873684210526316, 0.7394736842105263, 0.791578947368421, 0.8436842105263158, 0.8957894736842106, 0.9478947368421053, 1.0]}",COMPLETE
11,11,2.7995098455772762,2024-09-29 00:36:03.412740,2024-09-29 00:36:06.325543,0 days 00:00:02.912803,0.32263157894736844,0.7394736842105263,11,"{'alpha_actor': [0.01, 0.06210526315789474, 0.11421052631578947, 0.16631578947368422, 0.21842105263157896, 0.2705263157894737, 0.32263157894736844, 0.37473684210526315, 0.4268421052631579, 0.4789473684210527, 0.5310526315789474, 0.5831578947368421, 0.6352631578947369, 0.6873684210526316, 0.7394736842105263, 0.791578947368421, 0.8436842105263158, 0.8957894736842106, 0.9478947368421053, 1.0], 'alpha_critic': [0.01, 0.06210526315789474, 0.11421052631578947, 0.16631578947368422, 0.21842105263157896, 0.2705263157894737, 0.32263157894736844, 0.37473684210526315, 0.4268421052631579, 0.4789473684210527, 0.5310526315789474, 0.5831578947368421, 0.6352631578947369, 0.6873684210526316, 0.7394736842105263, 0.791578947368421, 0.8436842105263158, 0.8957894736842106, 0.9478947368421053, 1.0]}",COMPLETE
12,12,2.763529273673473,2024-09-29 00:36:06.326541,2024-09-29 00:36:09.409474,0 days 00:00:03.082933,0.2705263157894737,0.6873684210526316,12,"{'alpha_actor': [0.01, 0.06210526315789474, 0.11421052631578947, 0.16631578947368422, 0.21842105263157896, 0.2705263157894737, 0.32263157894736844, 0.37473684210526315, 0.4268421052631579, 0.4789473684210527, 0.5310526315789474, 0.5831578947368421, 0.6352631578947369, 0.6873684210526316, 0.7394736842105263, 0.791578947368421, 0.8436842105263158, 0.8957894736842106, 0.9478947368421053, 1.0], 'alpha_critic': [0.01, 0.06210526315789474, 0.11421052631578947, 0.16631578947368422, 0.21842105263157896, 0.2705263157894737, 0.32263157894736844, 0.37473684210526315, 0.4268421052631579, 0.4789473684210527, 0.5310526315789474, 0.5831578947368421, 0.6352631578947369, 0.6873684210526316, 0.7394736842105263, 0.791578947368421, 0.8436842105263158, 0.8957894736842106, 0.9478947368421053, 1.0]}",COMPLETE
13,13,2.727644372250561,2024-09-29 00:36:09.410483,2024-09-29 00:36:12.178141,0 days 00:00:02.767658,0.8957894736842106,0.4268421052631579,13,"{'alpha_actor': [0.01, 0.06210526315789474, 0.11421052631578947, 0.16631578947368422, 0.21842105263157896, 0.2705263157894737, 0.32263157894736844, 0.37473684210526315, 0.4268421052631579, 0.4789473684210527, 0.5310526315789474, 0.5831578947368421, 0.6352631578947369, 0.6873684210526316, 0.7394736842105263, 0.791578947368421, 0.8436842105263158, 0.8957894736842106, 0.9478947368421053, 1.0], 'alpha_critic': [0.01, 0.06210526315789474, 0.11421052631578947, 0.16631578947368422, 0.21842105263157896, 0.2705263157894737, 0.32263157894736844, 0.37473684210526315, 0.4268421052631579, 0.4789473684210527, 0.5310526315789474, 0.5831578947368421, 0.6352631578947369, 0.6873684210526316, 0.7394736842105263, 0.791578947368421, 0.8436842105263158, 0.8957894736842106, 0.9478947368421053, 1.0]}",COMPLETE
14,14,1.6289957438667273,2024-09-29 00:36:12.179112,2024-09-29 00:36:18.983540,0 days 00:00:06.804428,0.01,0.6352631578947369,14,"{'alpha_actor': [0.01, 0.06210526315789474, 0.11421052631578947, 0.16631578947368422, 0.21842105263157896, 0.2705263157894737, 0.32263157894736844, 0.37473684210526315, 0.4268421052631579, 0.4789473684210527, 0.5310526315789474, 0.5831578947368421, 0.6352631578947369, 0.6873684210526316, 0.7394736842105263, 0.791578947368421, 0.8436842105263158, 0.8957894736842106, 0.9478947368421053, 1.0], 'alpha_critic': [0.01, 0.06210526315789474, 0.11421052631578947, 0.16631578947368422, 0.21842105263157896, 0.2705263157894737, 0.32263157894736844, 0.37473684210526315, 0.4268421052631579, 0.4789473684210527, 0.5310526315789474, 0.5831578947368421, 0.6352631578947369, 0.6873684210526316, 0.7394736842105263, 0.791578947368421, 0.8436842105263158, 0.8957894736842106, 0.9478947368421053, 1.0]}",COMPLETE
15,15,2.652882526753663,2024-09-29 00:36:18.984536,2024-09-29 00:36:22.949650,0 days 00:00:03.965114,0.11421052631578947,1.0,15,"{'alpha_actor': [0.01, 0.06210526315789474, 0.11421052631578947, 0.16631578947368422, 0.21842105263157896, 0.2705263157894737, 0.32263157894736844, 0.37473684210526315, 0.4268421052631579, 0.4789473684210527, 0.5310526315789474, 0.5831578947368421, 0.6352631578947369, 0.6873684210526316, 0.7394736842105263, 0.791578947368421, 0.8436842105263158, 0.8957894736842106, 0.9478947368421053, 1.0], 'alpha_critic': [0.01, 0.06210526315789474, 0.11421052631578947, 0.16631578947368422, 0.21842105263157896, 0.2705263157894737, 0.32263157894736844, 0.37473684210526315, 0.4268421052631579, 0.4789473684210527, 0.5310526315789474, 0.5831578947368421, 0.6352631578947369, 0.6873684210526316, 0.7394736842105263, 0.791578947368421, 0.8436842105263158, 0.8957894736842106, 0.9478947368421053, 1.0]}",COMPLETE
16,16,2.862529057702798,2024-09-29 00:36:22.950624,2024-09-29 00:36:25.505583,0 days 00:00:02.554959,0.7394736842105263,0.6873684210526316,16,"{'alpha_actor': [0.01, 0.06210526315789474, 0.11421052631578947, 0.16631578947368422, 0.21842105263157896, 0.2705263157894737, 0.32263157894736844, 0.37473684210526315, 0.4268421052631579, 0.4789473684210527, 0.5310526315789474, 0.5831578947368421, 0.6352631578947369, 0.6873684210526316, 0.7394736842105263, 0.791578947368421, 0.8436842105263158, 0.8957894736842106, 0.9478947368421053, 1.0], 'alpha_critic': [0.01, 0.06210526315789474, 0.11421052631578947, 0.16631578947368422, 0.21842105263157896, 0.2705263157894737, 0.32263157894736844, 0.37473684210526315, 0.4268421052631579, 0.4789473684210527, 0.5310526315789474, 0.5831578947368421, 0.6352631578947369, 0.6873684210526316, 0.7394736842105263, 0.791578947368421, 0.8436842105263158, 0.8957894736842106, 0.9478947368421053, 1.0]}",COMPLETE
17,17,0.4093684004957704,2024-09-29 00:36:25.506651,2024-09-29 00:36:31.911834,0 days 00:00:06.405183,0.37473684210526315,0.01,17,"{'alpha_actor': [0.01, 0.06210526315789474, 0.11421052631578947, 0.16631578947368422, 0.21842105263157896, 0.2705263157894737, 0.32263157894736844, 0.37473684210526315, 0.4268421052631579, 0.4789473684210527, 0.5310526315789474, 0.5831578947368421, 0.6352631578947369, 0.6873684210526316, 0.7394736842105263, 0.791578947368421, 0.8436842105263158, 0.8957894736842106, 0.9478947368421053, 1.0], 'alpha_critic': [0.01, 0.06210526315789474, 0.11421052631578947, 0.16631578947368422, 0.21842105263157896, 0.2705263157894737, 0.32263157894736844, 0.37473684210526315, 0.4268421052631579, 0.4789473684210527, 0.5310526315789474, 0.5831578947368421, 0.6352631578947369, 0.6873684210526316, 0.7394736842105263, 0.791578947368421, 0.8436842105263158, 0.8957894736842106, 0.9478947368421053, 1.0]}",COMPLETE
18,18,2.572171271026732,2024-09-29 00:36:31.912879,2024-09-29 00:36:35.097690,0 days 00:00:03.184811,0.5310526315789474,0.32263157894736844,18,"{'alpha_actor': [0.01, 0.06210526315789474, 0.11421052631578947, 0.16631578947368422, 0.21842105263157896, 0.2705263157894737, 0.32263157894736844, 0.37473684210526315, 0.4268421052631579, 0.4789473684210527, 0.5310526315789474, 0.5831578947368421, 0.6352631578947369, 0.6873684210526316, 0.7394736842105263, 0.791578947368421, 0.8436842105263158, 0.8957894736842106, 0.9478947368421053, 1.0], 'alpha_critic': [0.01, 0.06210526315789474, 0.11421052631578947, 0.16631578947368422, 0.21842105263157896, 0.2705263157894737, 0.32263157894736844, 0.37473684210526315, 0.4268421052631579, 0.4789473684210527, 0.5310526315789474, 0.5831578947368421, 0.6352631578947369, 0.6873684210526316, 0.7394736842105263, 0.791578947368421, 0.8436842105263158, 0.8957894736842106, 0.9478947368421053, 1.0]}",COMPLETE
19,19,2.8946159235436,2024-09-29 00:36:35.098719,2024-09-29 00:36:37.813237,0 days 00:00:02.714518,0.4789473684210527,1.0,19,"{'alpha_actor': [0.01, 0.06210526315789474, 0.11421052631578947, 0.16631578947368422, 0.21842105263157896, 0.2705263157894737, 0.32263157894736844, 0.37473684210526315, 0.4268421052631579, 0.4789473684210527, 0.5310526315789474, 0.5831578947368421, 0.6352631578947369, 0.6873684210526316, 0.7394736842105263, 0.791578947368421, 0.8436842105263158, 0.8957894736842106, 0.9478947368421053, 1.0], 'alpha_critic': [0.01, 0.06210526315789474, 0.11421052631578947, 0.16631578947368422, 0.21842105263157896, 0.2705263157894737, 0.32263157894736844, 0.37473684210526315, 0.4268421052631579, 0.4789473684210527, 0.5310526315789474, 0.5831578947368421, 0.6352631578947369, 0.6873684210526316, 0.7394736842105263, 0.791578947368421, 0.8436842105263158, 0.8957894736842106, 0.9478947368421053, 1.0]}",COMPLETE
20,20,2.861611395589843,2024-09-29 00:36:37.814278,2024-09-29 00:36:40.538276,0 days 00:00:02.723998,0.4268421052631579,0.8436842105263158,20,"{'alpha_actor': [0.01, 0.06210526315789474, 0.11421052631578947, 0.16631578947368422, 0.21842105263157896, 0.2705263157894737, 0.32263157894736844, 0.37473684210526315, 0.4268421052631579, 0.4789473684210527, 0.5310526315789474, 0.5831578947368421, 0.6352631578947369, 0.6873684210526316, 0.7394736842105263, 0.791578947368421, 0.8436842105263158, 0.8957894736842106, 0.9478947368421053, 1.0], 'alpha_critic': [0.01, 0.06210526315789474, 0.11421052631578947, 0.16631578947368422, 0.21842105263157896, 0.2705263157894737, 0.32263157894736844, 0.37473684210526315, 0.4268421052631579, 0.4789473684210527, 0.5310526315789474, 0.5831578947368421, 0.6352631578947369, 0.6873684210526316, 0.7394736842105263, 0.791578947368421, 0.8436842105263158, 0.8957894736842106, 0.9478947368421053, 1.0]}",COMPLETE
21,21,2.724376226880198,2024-09-29 00:36:40.539302,2024-09-29 00:36:43.382730,0 days 00:00:02.843428,0.6873684210526316,0.4268421052631579,21,"{'alpha_actor': [0.01, 0.06210526315789474, 0.11421052631578947, 0.16631578947368422, 0.21842105263157896, 0.2705263157894737, 0.32263157894736844, 0.37473684210526315, 0.4268421052631579, 0.4789473684210527, 0.5310526315789474, 0.5831578947368421, 0.6352631578947369, 0.6873684210526316, 0.7394736842105263, 0.791578947368421, 0.8436842105263158, 0.8957894736842106, 0.9478947368421053, 1.0], 'alpha_critic': [0.01, 0.06210526315789474, 0.11421052631578947, 0.16631578947368422, 0.21842105263157896, 0.2705263157894737, 0.32263157894736844, 0.37473684210526315, 0.4268421052631579, 0.4789473684210527, 0.5310526315789474, 0.5831578947368421, 0.6352631578947369, 0.6873684210526316, 0.7394736842105263, 0.791578947368421, 0.8436842105263158, 0.8957894736842106, 0.9478947368421053, 1.0]}",COMPLETE
22,22,2.319238058122167,2024-09-29 00:36:43.383811,2024-09-29 00:36:47.101862,0 days 00:00:03.718051,0.32263157894736844,0.21842105263157896,22,"{'alpha_actor': [0.01, 0.06210526315789474, 0.11421052631578947, 0.16631578947368422, 0.21842105263157896, 0.2705263157894737, 0.32263157894736844, 0.37473684210526315, 0.4268421052631579, 0.4789473684210527, 0.5310526315789474, 0.5831578947368421, 0.6352631578947369, 0.6873684210526316, 0.7394736842105263, 0.791578947368421, 0.8436842105263158, 0.8957894736842106, 0.9478947368421053, 1.0], 'alpha_critic': [0.01, 0.06210526315789474, 0.11421052631578947, 0.16631578947368422, 0.21842105263157896, 0.2705263157894737, 0.32263157894736844, 0.37473684210526315, 0.4268421052631579, 0.4789473684210527, 0.5310526315789474, 0.5831578947368421, 0.6352631578947369, 0.6873684210526316, 0.7394736842105263, 0.791578947368421, 0.8436842105263158, 0.8957894736842106, 0.9478947368421053, 1.0]}",COMPLETE
